<?xml version="1.0"?>
<!DOCTYPE coverage SYSTEM "http://cobertura.sourceforge.net/xml/coverage-04.dtd">

<coverage line-rate="0.258309591642925" branch-rate="0.1375" lines-covered="272" lines-valid="1053" branches-covered="66" branches-valid="480" complexity="1.6119402985074627" version="1.9.4.1" timestamp="1332068359192">
	<sources>
		<source>/home/gehel/git/serene-collector/collector-webapp/src/main/java</source>
		<source>--source</source>
		<source>/home/gehel/git/serene-collector/collector-webapp/src/main/aspect</source>
	</sources>
	<packages>
		<package name="net.sereneproject.collector.domain" line-rate="0.22023809523809523" branch-rate="0.2056451612903226" complexity="2.1666666666666665">
			<classes>
				<class name="net.sereneproject.collector.domain.Node" filename="net/sereneproject/collector/domain/Node.java" line-rate="1.0" branch-rate="0.5" complexity="0.0">
					<methods>
						<method name="&lt;clinit&gt;" signature="()V" line-rate="1.0" branch-rate="1.0">
							<lines>
							</lines>
						</method>
						<method name="&lt;init&gt;" signature="()V" line-rate="1.0" branch-rate="0.5">
							<lines>
								<line number="44" hits="1" branch="true" condition-coverage="50% (11/22)">
									<conditions>
										<condition number="0" type="jump" coverage="50%"/>
										<condition number="1" type="jump" coverage="50%"/>
										<condition number="2" type="jump" coverage="50%"/>
										<condition number="3" type="jump" coverage="50%"/>
										<condition number="4" type="jump" coverage="50%"/>
										<condition number="5" type="jump" coverage="50%"/>
										<condition number="6" type="jump" coverage="50%"/>
										<condition number="7" type="jump" coverage="50%"/>
										<condition number="8" type="jump" coverage="50%"/>
										<condition number="9" type="jump" coverage="50%"/>
										<condition number="10" type="jump" coverage="50%"/>
									</conditions>
								</line>
							</lines>
						</method>
						<method name="ajc$get$id" signature="(Lnet/sereneproject/collector/domain/Node;)Ljava/lang/Long;" line-rate="1.0" branch-rate="1.0">
							<lines>
							</lines>
						</method>
						<method name="ajc$get$name" signature="(Lnet/sereneproject/collector/domain/Node;)Ljava/lang/String;" line-rate="1.0" branch-rate="1.0">
							<lines>
							</lines>
						</method>
						<method name="ajc$get$version" signature="(Lnet/sereneproject/collector/domain/Node;)Ljava/lang/Integer;" line-rate="1.0" branch-rate="1.0">
							<lines>
							</lines>
						</method>
						<method name="ajc$preClinit" signature="()V" line-rate="1.0" branch-rate="1.0">
							<lines>
								<line number="1" hits="2" branch="false"/>
							</lines>
						</method>
						<method name="ajc$set$id" signature="(Lnet/sereneproject/collector/domain/Node;Ljava/lang/Long;)V" line-rate="1.0" branch-rate="1.0">
							<lines>
							</lines>
						</method>
						<method name="ajc$set$name" signature="(Lnet/sereneproject/collector/domain/Node;Ljava/lang/String;)V" line-rate="1.0" branch-rate="1.0">
							<lines>
							</lines>
						</method>
						<method name="ajc$set$version" signature="(Lnet/sereneproject/collector/domain/Node;Ljava/lang/Integer;)V" line-rate="1.0" branch-rate="1.0">
							<lines>
							</lines>
						</method>
						<method name="clear" signature="()V" line-rate="1.0" branch-rate="1.0">
							<lines>
							</lines>
						</method>
						<method name="countNodes" signature="()J" line-rate="1.0" branch-rate="1.0">
							<lines>
							</lines>
						</method>
						<method name="entityManager" signature="()Ljavax/persistence/EntityManager;" line-rate="1.0" branch-rate="1.0">
							<lines>
							</lines>
						</method>
						<method name="findAllNodes" signature="()Ljava/util/List;" line-rate="1.0" branch-rate="1.0">
							<lines>
							</lines>
						</method>
						<method name="findNode" signature="(Ljava/lang/Long;)Lnet/sereneproject/collector/domain/Node;" line-rate="1.0" branch-rate="1.0">
							<lines>
							</lines>
						</method>
						<method name="findNodeEntries" signature="(II)Ljava/util/List;" line-rate="1.0" branch-rate="1.0">
							<lines>
							</lines>
						</method>
						<method name="flush" signature="()V" line-rate="1.0" branch-rate="1.0">
							<lines>
							</lines>
						</method>
						<method name="fromJsonArrayToNodes" signature="(Ljava/lang/String;)Ljava/util/Collection;" line-rate="1.0" branch-rate="1.0">
							<lines>
							</lines>
						</method>
						<method name="fromJsonToNode" signature="(Ljava/lang/String;)Lnet/sereneproject/collector/domain/Node;" line-rate="1.0" branch-rate="1.0">
							<lines>
							</lines>
						</method>
						<method name="getId" signature="()Ljava/lang/Long;" line-rate="1.0" branch-rate="1.0">
							<lines>
							</lines>
						</method>
						<method name="getName" signature="()Ljava/lang/String;" line-rate="1.0" branch-rate="1.0">
							<lines>
							</lines>
						</method>
						<method name="getVersion" signature="()Ljava/lang/Integer;" line-rate="1.0" branch-rate="1.0">
							<lines>
							</lines>
						</method>
						<method name="merge" signature="()Lnet/sereneproject/collector/domain/Node;" line-rate="1.0" branch-rate="1.0">
							<lines>
							</lines>
						</method>
						<method name="persist" signature="()V" line-rate="1.0" branch-rate="1.0">
							<lines>
							</lines>
						</method>
						<method name="remove" signature="()V" line-rate="1.0" branch-rate="1.0">
							<lines>
							</lines>
						</method>
						<method name="setId" signature="(Ljava/lang/Long;)V" line-rate="1.0" branch-rate="1.0">
							<lines>
							</lines>
						</method>
						<method name="setName" signature="(Ljava/lang/String;)V" line-rate="1.0" branch-rate="1.0">
							<lines>
							</lines>
						</method>
						<method name="setVersion" signature="(Ljava/lang/Integer;)V" line-rate="1.0" branch-rate="1.0">
							<lines>
							</lines>
						</method>
						<method name="toJson" signature="()Ljava/lang/String;" line-rate="1.0" branch-rate="1.0">
							<lines>
							</lines>
						</method>
						<method name="toJsonArray" signature="(Ljava/util/Collection;)Ljava/lang/String;" line-rate="1.0" branch-rate="1.0">
							<lines>
							</lines>
						</method>
						<method name="toString" signature="()Ljava/lang/String;" line-rate="1.0" branch-rate="1.0">
							<lines>
							</lines>
						</method>
					</methods>
					<lines>
						<line number="1" hits="2" branch="false"/>
						<line number="44" hits="1" branch="true" condition-coverage="50% (11/22)">
							<conditions>
								<condition number="0" type="jump" coverage="50%"/>
								<condition number="1" type="jump" coverage="50%"/>
								<condition number="2" type="jump" coverage="50%"/>
								<condition number="3" type="jump" coverage="50%"/>
								<condition number="4" type="jump" coverage="50%"/>
								<condition number="5" type="jump" coverage="50%"/>
								<condition number="6" type="jump" coverage="50%"/>
								<condition number="7" type="jump" coverage="50%"/>
								<condition number="8" type="jump" coverage="50%"/>
								<condition number="9" type="jump" coverage="50%"/>
								<condition number="10" type="jump" coverage="50%"/>
							</conditions>
						</line>
					</lines>
				</class>
				<class name="net.sereneproject.collector.domain.Node_Roo_Configurable" filename="net/sereneproject/collector/domain/Node_Roo_Configurable.aj" line-rate="0.0" branch-rate="0.0" complexity="0.0">
					<methods>
						<method name="&lt;clinit&gt;" signature="()V" line-rate="1.0" branch-rate="1.0">
							<lines>
							</lines>
						</method>
						<method name="&lt;init&gt;" signature="()V" line-rate="0.0" branch-rate="1.0">
							<lines>
								<line number="9" hits="0" branch="false"/>
							</lines>
						</method>
						<method name="ajc$declare_at_type_1" signature="()V" line-rate="0.0" branch-rate="1.0">
							<lines>
								<line number="11" hits="0" branch="false"/>
							</lines>
						</method>
						<method name="ajc$postClinit" signature="()V" line-rate="0.0" branch-rate="0.0">
							<lines>
								<line number="1" hits="0" branch="true" condition-coverage="0% (0/2)">
									<conditions>
										<condition number="0" type="jump" coverage="0%"/>
									</conditions>
								</line>
							</lines>
						</method>
						<method name="aspectOf" signature="()Lnet/sereneproject/collector/domain/Node_Roo_Configurable;" line-rate="1.0" branch-rate="1.0">
							<lines>
							</lines>
						</method>
						<method name="hasAspect" signature="()Z" line-rate="1.0" branch-rate="1.0">
							<lines>
							</lines>
						</method>
					</methods>
					<lines>
						<line number="1" hits="0" branch="true" condition-coverage="0% (0/2)">
							<conditions>
								<condition number="0" type="jump" coverage="0%"/>
							</conditions>
						</line>
						<line number="9" hits="0" branch="false"/>
						<line number="11" hits="0" branch="false"/>
					</lines>
				</class>
				<class name="net.sereneproject.collector.domain.Node_Roo_JavaBean" filename="net/sereneproject/collector/domain/Node_Roo_JavaBean.aj" line-rate="0.0" branch-rate="0.0" complexity="0.0">
					<methods>
						<method name="&lt;clinit&gt;" signature="()V" line-rate="1.0" branch-rate="1.0">
							<lines>
							</lines>
						</method>
						<method name="&lt;init&gt;" signature="()V" line-rate="0.0" branch-rate="1.0">
							<lines>
								<line number="8" hits="0" branch="false"/>
							</lines>
						</method>
						<method name="ajc$interMethod$net_sereneproject_collector_domain_Node_Roo_JavaBean$net_sereneproject_collector_domain_Node$getName" signature="(Lnet/sereneproject/collector/domain/Node;)Ljava/lang/String;" line-rate="0.0" branch-rate="1.0">
							<lines>
								<line number="11" hits="0" branch="false"/>
							</lines>
						</method>
						<method name="ajc$interMethod$net_sereneproject_collector_domain_Node_Roo_JavaBean$net_sereneproject_collector_domain_Node$setName" signature="(Lnet/sereneproject/collector/domain/Node;Ljava/lang/String;)V" line-rate="0.0" branch-rate="1.0">
							<lines>
								<line number="15" hits="0" branch="false"/>
								<line number="16" hits="0" branch="false"/>
							</lines>
						</method>
						<method name="ajc$postClinit" signature="()V" line-rate="0.0" branch-rate="0.0">
							<lines>
								<line number="1" hits="0" branch="true" condition-coverage="0% (0/2)">
									<conditions>
										<condition number="0" type="jump" coverage="0%"/>
									</conditions>
								</line>
							</lines>
						</method>
						<method name="aspectOf" signature="()Lnet/sereneproject/collector/domain/Node_Roo_JavaBean;" line-rate="1.0" branch-rate="1.0">
							<lines>
							</lines>
						</method>
						<method name="hasAspect" signature="()Z" line-rate="1.0" branch-rate="1.0">
							<lines>
							</lines>
						</method>
					</methods>
					<lines>
						<line number="1" hits="0" branch="true" condition-coverage="0% (0/2)">
							<conditions>
								<condition number="0" type="jump" coverage="0%"/>
							</conditions>
						</line>
						<line number="8" hits="0" branch="false"/>
						<line number="11" hits="0" branch="false"/>
						<line number="15" hits="0" branch="false"/>
						<line number="16" hits="0" branch="false"/>
					</lines>
				</class>
				<class name="net.sereneproject.collector.domain.Node_Roo_Jpa_ActiveRecord" filename="net/sereneproject/collector/domain/Node_Roo_Jpa_ActiveRecord.aj" line-rate="0.08823529411764706" branch-rate="0.0" complexity="0.0">
					<methods>
						<method name="&lt;clinit&gt;" signature="()V" line-rate="1.0" branch-rate="1.0">
							<lines>
							</lines>
						</method>
						<method name="&lt;init&gt;" signature="()V" line-rate="1.0" branch-rate="1.0">
							<lines>
								<line number="12" hits="2" branch="false"/>
							</lines>
						</method>
						<method name="ajc$interFieldInit$net_sereneproject_collector_domain_Node_Roo_Jpa_ActiveRecord$net_sereneproject_collector_domain_Node$entityManager" signature="(Lnet/sereneproject/collector/domain/Node;)V" line-rate="1.0" branch-rate="1.0">
							<lines>
								<line number="15" hits="1" branch="false"/>
							</lines>
						</method>
						<method name="ajc$interMethod$net_sereneproject_collector_domain_Node_Roo_Jpa_ActiveRecord$net_sereneproject_collector_domain_Node$clear" signature="(Lnet/sereneproject/collector/domain/Node;)V" line-rate="0.0" branch-rate="0.0">
							<lines>
								<line number="65" hits="0" branch="true" condition-coverage="0% (0/2)">
									<conditions>
										<condition number="0" type="jump" coverage="0%"/>
									</conditions>
								</line>
								<line number="66" hits="0" branch="false"/>
								<line number="67" hits="0" branch="false"/>
							</lines>
						</method>
						<method name="ajc$interMethod$net_sereneproject_collector_domain_Node_Roo_Jpa_ActiveRecord$net_sereneproject_collector_domain_Node$countNodes" signature="()J" line-rate="1.0" branch-rate="1.0">
							<lines>
							</lines>
						</method>
						<method name="ajc$interMethod$net_sereneproject_collector_domain_Node_Roo_Jpa_ActiveRecord$net_sereneproject_collector_domain_Node$entityManager" signature="()Ljavax/persistence/EntityManager;" line-rate="1.0" branch-rate="1.0">
							<lines>
							</lines>
						</method>
						<method name="ajc$interMethod$net_sereneproject_collector_domain_Node_Roo_Jpa_ActiveRecord$net_sereneproject_collector_domain_Node$findAllNodes" signature="()Ljava/util/List;" line-rate="1.0" branch-rate="1.0">
							<lines>
							</lines>
						</method>
						<method name="ajc$interMethod$net_sereneproject_collector_domain_Node_Roo_Jpa_ActiveRecord$net_sereneproject_collector_domain_Node$findNode" signature="(Ljava/lang/Long;)Lnet/sereneproject/collector/domain/Node;" line-rate="1.0" branch-rate="1.0">
							<lines>
							</lines>
						</method>
						<method name="ajc$interMethod$net_sereneproject_collector_domain_Node_Roo_Jpa_ActiveRecord$net_sereneproject_collector_domain_Node$findNodeEntries" signature="(II)Ljava/util/List;" line-rate="1.0" branch-rate="1.0">
							<lines>
							</lines>
						</method>
						<method name="ajc$interMethod$net_sereneproject_collector_domain_Node_Roo_Jpa_ActiveRecord$net_sereneproject_collector_domain_Node$flush" signature="(Lnet/sereneproject/collector/domain/Node;)V" line-rate="0.0" branch-rate="0.0">
							<lines>
								<line number="59" hits="0" branch="true" condition-coverage="0% (0/2)">
									<conditions>
										<condition number="0" type="jump" coverage="0%"/>
									</conditions>
								</line>
								<line number="60" hits="0" branch="false"/>
								<line number="61" hits="0" branch="false"/>
							</lines>
						</method>
						<method name="ajc$interMethod$net_sereneproject_collector_domain_Node_Roo_Jpa_ActiveRecord$net_sereneproject_collector_domain_Node$merge" signature="(Lnet/sereneproject/collector/domain/Node;)Lnet/sereneproject/collector/domain/Node;" line-rate="0.0" branch-rate="0.0">
							<lines>
								<line number="71" hits="0" branch="true" condition-coverage="0% (0/2)">
									<conditions>
										<condition number="0" type="jump" coverage="0%"/>
									</conditions>
								</line>
								<line number="72" hits="0" branch="false"/>
								<line number="73" hits="0" branch="false"/>
								<line number="74" hits="0" branch="false"/>
							</lines>
						</method>
						<method name="ajc$interMethod$net_sereneproject_collector_domain_Node_Roo_Jpa_ActiveRecord$net_sereneproject_collector_domain_Node$persist" signature="(Lnet/sereneproject/collector/domain/Node;)V" line-rate="0.0" branch-rate="0.0">
							<lines>
								<line number="42" hits="0" branch="true" condition-coverage="0% (0/2)">
									<conditions>
										<condition number="0" type="jump" coverage="0%"/>
									</conditions>
								</line>
								<line number="43" hits="0" branch="false"/>
								<line number="44" hits="0" branch="false"/>
							</lines>
						</method>
						<method name="ajc$interMethod$net_sereneproject_collector_domain_Node_Roo_Jpa_ActiveRecord$net_sereneproject_collector_domain_Node$remove" signature="(Lnet/sereneproject/collector/domain/Node;)V" line-rate="0.0" branch-rate="0.0">
							<lines>
								<line number="48" hits="0" branch="true" condition-coverage="0% (0/2)">
									<conditions>
										<condition number="0" type="jump" coverage="0%"/>
									</conditions>
								</line>
								<line number="49" hits="0" branch="true" condition-coverage="0% (0/2)">
									<conditions>
										<condition number="0" type="jump" coverage="0%"/>
									</conditions>
								</line>
								<line number="50" hits="0" branch="false"/>
								<line number="52" hits="0" branch="false"/>
								<line number="53" hits="0" branch="false"/>
								<line number="55" hits="0" branch="false"/>
							</lines>
						</method>
						<method name="ajc$postClinit" signature="()V" line-rate="1.0" branch-rate="1.0">
							<lines>
							</lines>
						</method>
						<method name="ajc$preClinit" signature="()V" line-rate="1.0" branch-rate="0.0">
							<lines>
								<line number="1" hits="2" branch="true" condition-coverage="0% (0/4)">
									<conditions>
										<condition number="0" type="jump" coverage="0%"/>
										<condition number="1" type="jump" coverage="0%"/>
									</conditions>
								</line>
							</lines>
						</method>
						<method name="aspectOf" signature="()Lnet/sereneproject/collector/domain/Node_Roo_Jpa_ActiveRecord;" line-rate="1.0" branch-rate="1.0">
							<lines>
							</lines>
						</method>
						<method name="countNodes_aroundBody2" signature="(Lorg/aspectj/lang/JoinPoint;)J" line-rate="0.0" branch-rate="1.0">
							<lines>
								<line number="24" hits="0" branch="false"/>
							</lines>
						</method>
						<method name="countNodes_aroundBody3$advice" signature="(Lorg/aspectj/lang/JoinPoint;Lorg/springframework/mock/staticmock/AbstractMethodMockingControl;Lorg/aspectj/runtime/internal/AroundClosure;Lorg/aspectj/lang/JoinPoint$StaticPart;Lorg/aspectj/lang/JoinPoint;)Ljava/lang/Object;" line-rate="1.0" branch-rate="1.0">
							<lines>
							</lines>
						</method>
						<method name="entityManager_aroundBody0" signature="(Lorg/aspectj/lang/JoinPoint;)Ljavax/persistence/EntityManager;" line-rate="0.0" branch-rate="0.0">
							<lines>
								<line number="18" hits="0" branch="false"/>
								<line number="19" hits="0" branch="true" condition-coverage="0% (0/2)">
									<conditions>
										<condition number="0" type="jump" coverage="0%"/>
									</conditions>
								</line>
								<line number="20" hits="0" branch="false"/>
							</lines>
						</method>
						<method name="entityManager_aroundBody1$advice" signature="(Lorg/aspectj/lang/JoinPoint;Lorg/springframework/mock/staticmock/AbstractMethodMockingControl;Lorg/aspectj/runtime/internal/AroundClosure;Lorg/aspectj/lang/JoinPoint$StaticPart;Lorg/aspectj/lang/JoinPoint;)Ljava/lang/Object;" line-rate="1.0" branch-rate="1.0">
							<lines>
							</lines>
						</method>
						<method name="findAllNodes_aroundBody4" signature="(Lorg/aspectj/lang/JoinPoint;)Ljava/util/List;" line-rate="0.0" branch-rate="1.0">
							<lines>
								<line number="28" hits="0" branch="false"/>
							</lines>
						</method>
						<method name="findAllNodes_aroundBody5$advice" signature="(Lorg/aspectj/lang/JoinPoint;Lorg/springframework/mock/staticmock/AbstractMethodMockingControl;Lorg/aspectj/runtime/internal/AroundClosure;Lorg/aspectj/lang/JoinPoint$StaticPart;Lorg/aspectj/lang/JoinPoint;)Ljava/lang/Object;" line-rate="1.0" branch-rate="1.0">
							<lines>
							</lines>
						</method>
						<method name="findNodeEntries_aroundBody8" signature="(IILorg/aspectj/lang/JoinPoint;)Ljava/util/List;" line-rate="0.0" branch-rate="1.0">
							<lines>
								<line number="37" hits="0" branch="false"/>
							</lines>
						</method>
						<method name="findNodeEntries_aroundBody9$advice" signature="(IILorg/aspectj/lang/JoinPoint;Lorg/springframework/mock/staticmock/AbstractMethodMockingControl;Lorg/aspectj/runtime/internal/AroundClosure;Lorg/aspectj/lang/JoinPoint$StaticPart;Lorg/aspectj/lang/JoinPoint;)Ljava/lang/Object;" line-rate="0.0" branch-rate="0.0">
							<lines>
								<line number="170" hits="0" branch="true" condition-coverage="0% (0/2)">
									<conditions>
										<condition number="0" type="jump" coverage="0%"/>
									</conditions>
								</line>
								<line number="171" hits="0" branch="false"/>
								<line number="173" hits="0" branch="false"/>
								<line number="175" hits="0" branch="false"/>
							</lines>
						</method>
						<method name="findNode_aroundBody6" signature="(Ljava/lang/Long;Lorg/aspectj/lang/JoinPoint;)Lnet/sereneproject/collector/domain/Node;" line-rate="0.0" branch-rate="0.0">
							<lines>
								<line number="32" hits="0" branch="true" condition-coverage="0% (0/2)">
									<conditions>
										<condition number="0" type="jump" coverage="0%"/>
									</conditions>
								</line>
								<line number="33" hits="0" branch="false"/>
							</lines>
						</method>
						<method name="findNode_aroundBody7$advice" signature="(Ljava/lang/Long;Lorg/aspectj/lang/JoinPoint;Lorg/springframework/mock/staticmock/AbstractMethodMockingControl;Lorg/aspectj/runtime/internal/AroundClosure;Lorg/aspectj/lang/JoinPoint$StaticPart;Lorg/aspectj/lang/JoinPoint;)Ljava/lang/Object;" line-rate="1.0" branch-rate="1.0">
							<lines>
							</lines>
						</method>
						<method name="hasAspect" signature="()Z" line-rate="1.0" branch-rate="1.0">
							<lines>
							</lines>
						</method>
					</methods>
					<lines>
						<line number="1" hits="2" branch="true" condition-coverage="0% (0/4)">
							<conditions>
								<condition number="0" type="jump" coverage="0%"/>
								<condition number="1" type="jump" coverage="0%"/>
							</conditions>
						</line>
						<line number="12" hits="2" branch="false"/>
						<line number="15" hits="1" branch="false"/>
						<line number="18" hits="0" branch="false"/>
						<line number="19" hits="0" branch="true" condition-coverage="0% (0/2)">
							<conditions>
								<condition number="0" type="jump" coverage="0%"/>
							</conditions>
						</line>
						<line number="20" hits="0" branch="false"/>
						<line number="24" hits="0" branch="false"/>
						<line number="28" hits="0" branch="false"/>
						<line number="32" hits="0" branch="true" condition-coverage="0% (0/2)">
							<conditions>
								<condition number="0" type="jump" coverage="0%"/>
							</conditions>
						</line>
						<line number="33" hits="0" branch="false"/>
						<line number="37" hits="0" branch="false"/>
						<line number="42" hits="0" branch="true" condition-coverage="0% (0/2)">
							<conditions>
								<condition number="0" type="jump" coverage="0%"/>
							</conditions>
						</line>
						<line number="43" hits="0" branch="false"/>
						<line number="44" hits="0" branch="false"/>
						<line number="48" hits="0" branch="true" condition-coverage="0% (0/2)">
							<conditions>
								<condition number="0" type="jump" coverage="0%"/>
							</conditions>
						</line>
						<line number="49" hits="0" branch="true" condition-coverage="0% (0/2)">
							<conditions>
								<condition number="0" type="jump" coverage="0%"/>
							</conditions>
						</line>
						<line number="50" hits="0" branch="false"/>
						<line number="52" hits="0" branch="false"/>
						<line number="53" hits="0" branch="false"/>
						<line number="55" hits="0" branch="false"/>
						<line number="59" hits="0" branch="true" condition-coverage="0% (0/2)">
							<conditions>
								<condition number="0" type="jump" coverage="0%"/>
							</conditions>
						</line>
						<line number="60" hits="0" branch="false"/>
						<line number="61" hits="0" branch="false"/>
						<line number="65" hits="0" branch="true" condition-coverage="0% (0/2)">
							<conditions>
								<condition number="0" type="jump" coverage="0%"/>
							</conditions>
						</line>
						<line number="66" hits="0" branch="false"/>
						<line number="67" hits="0" branch="false"/>
						<line number="71" hits="0" branch="true" condition-coverage="0% (0/2)">
							<conditions>
								<condition number="0" type="jump" coverage="0%"/>
							</conditions>
						</line>
						<line number="72" hits="0" branch="false"/>
						<line number="73" hits="0" branch="false"/>
						<line number="74" hits="0" branch="false"/>
						<line number="170" hits="0" branch="true" condition-coverage="0% (0/2)">
							<conditions>
								<condition number="0" type="jump" coverage="0%"/>
							</conditions>
						</line>
						<line number="171" hits="0" branch="false"/>
						<line number="173" hits="0" branch="false"/>
						<line number="175" hits="0" branch="false"/>
					</lines>
				</class>
				<class name="net.sereneproject.collector.domain.Node_Roo_Jpa_Entity" filename="net/sereneproject/collector/domain/Node_Roo_Jpa_Entity.aj" line-rate="0.36363636363636365" branch-rate="0.0" complexity="0.0">
					<methods>
						<method name="&lt;clinit&gt;" signature="()V" line-rate="1.0" branch-rate="1.0">
							<lines>
							</lines>
						</method>
						<method name="&lt;init&gt;" signature="()V" line-rate="1.0" branch-rate="1.0">
							<lines>
								<line number="14" hits="2" branch="false"/>
							</lines>
						</method>
						<method name="ajc$declare_at_type_1" signature="()V" line-rate="0.0" branch-rate="1.0">
							<lines>
								<line number="16" hits="0" branch="false"/>
							</lines>
						</method>
						<method name="ajc$interFieldInit$net_sereneproject_collector_domain_Node_Roo_Jpa_Entity$net_sereneproject_collector_domain_Node$id" signature="(Lnet/sereneproject/collector/domain/Node;)V" line-rate="1.0" branch-rate="1.0">
							<lines>
								<line number="21" hits="1" branch="false"/>
							</lines>
						</method>
						<method name="ajc$interFieldInit$net_sereneproject_collector_domain_Node_Roo_Jpa_Entity$net_sereneproject_collector_domain_Node$version" signature="(Lnet/sereneproject/collector/domain/Node;)V" line-rate="1.0" branch-rate="1.0">
							<lines>
								<line number="25" hits="1" branch="false"/>
							</lines>
						</method>
						<method name="ajc$interMethod$net_sereneproject_collector_domain_Node_Roo_Jpa_Entity$net_sereneproject_collector_domain_Node$getId" signature="(Lnet/sereneproject/collector/domain/Node;)Ljava/lang/Long;" line-rate="0.0" branch-rate="1.0">
							<lines>
								<line number="28" hits="0" branch="false"/>
							</lines>
						</method>
						<method name="ajc$interMethod$net_sereneproject_collector_domain_Node_Roo_Jpa_Entity$net_sereneproject_collector_domain_Node$getVersion" signature="(Lnet/sereneproject/collector/domain/Node;)Ljava/lang/Integer;" line-rate="0.0" branch-rate="1.0">
							<lines>
								<line number="36" hits="0" branch="false"/>
							</lines>
						</method>
						<method name="ajc$interMethod$net_sereneproject_collector_domain_Node_Roo_Jpa_Entity$net_sereneproject_collector_domain_Node$setId" signature="(Lnet/sereneproject/collector/domain/Node;Ljava/lang/Long;)V" line-rate="0.0" branch-rate="1.0">
							<lines>
								<line number="32" hits="0" branch="false"/>
								<line number="33" hits="0" branch="false"/>
							</lines>
						</method>
						<method name="ajc$interMethod$net_sereneproject_collector_domain_Node_Roo_Jpa_Entity$net_sereneproject_collector_domain_Node$setVersion" signature="(Lnet/sereneproject/collector/domain/Node;Ljava/lang/Integer;)V" line-rate="0.0" branch-rate="1.0">
							<lines>
								<line number="40" hits="0" branch="false"/>
								<line number="41" hits="0" branch="false"/>
							</lines>
						</method>
						<method name="ajc$postClinit" signature="()V" line-rate="1.0" branch-rate="0.0">
							<lines>
								<line number="1" hits="1" branch="true" condition-coverage="0% (0/2)">
									<conditions>
										<condition number="0" type="jump" coverage="0%"/>
									</conditions>
								</line>
							</lines>
						</method>
						<method name="aspectOf" signature="()Lnet/sereneproject/collector/domain/Node_Roo_Jpa_Entity;" line-rate="1.0" branch-rate="1.0">
							<lines>
							</lines>
						</method>
						<method name="hasAspect" signature="()Z" line-rate="1.0" branch-rate="1.0">
							<lines>
							</lines>
						</method>
					</methods>
					<lines>
						<line number="1" hits="1" branch="true" condition-coverage="0% (0/2)">
							<conditions>
								<condition number="0" type="jump" coverage="0%"/>
							</conditions>
						</line>
						<line number="14" hits="2" branch="false"/>
						<line number="16" hits="0" branch="false"/>
						<line number="21" hits="1" branch="false"/>
						<line number="25" hits="1" branch="false"/>
						<line number="28" hits="0" branch="false"/>
						<line number="32" hits="0" branch="false"/>
						<line number="33" hits="0" branch="false"/>
						<line number="36" hits="0" branch="false"/>
						<line number="40" hits="0" branch="false"/>
						<line number="41" hits="0" branch="false"/>
					</lines>
				</class>
				<class name="net.sereneproject.collector.domain.Node_Roo_Json" filename="net/sereneproject/collector/domain/Node_Roo_Json.aj" line-rate="0.0" branch-rate="0.0" complexity="0.0">
					<methods>
						<method name="&lt;clinit&gt;" signature="()V" line-rate="1.0" branch-rate="1.0">
							<lines>
							</lines>
						</method>
						<method name="&lt;init&gt;" signature="()V" line-rate="0.0" branch-rate="1.0">
							<lines>
								<line number="13" hits="0" branch="false"/>
							</lines>
						</method>
						<method name="ajc$interMethod$net_sereneproject_collector_domain_Node_Roo_Json$net_sereneproject_collector_domain_Node$fromJsonArrayToNodes" signature="(Ljava/lang/String;)Ljava/util/Collection;" line-rate="1.0" branch-rate="1.0">
							<lines>
							</lines>
						</method>
						<method name="ajc$interMethod$net_sereneproject_collector_domain_Node_Roo_Json$net_sereneproject_collector_domain_Node$fromJsonToNode" signature="(Ljava/lang/String;)Lnet/sereneproject/collector/domain/Node;" line-rate="1.0" branch-rate="1.0">
							<lines>
							</lines>
						</method>
						<method name="ajc$interMethod$net_sereneproject_collector_domain_Node_Roo_Json$net_sereneproject_collector_domain_Node$toJson" signature="(Lnet/sereneproject/collector/domain/Node;)Ljava/lang/String;" line-rate="0.0" branch-rate="1.0">
							<lines>
								<line number="16" hits="0" branch="false"/>
							</lines>
						</method>
						<method name="ajc$interMethod$net_sereneproject_collector_domain_Node_Roo_Json$net_sereneproject_collector_domain_Node$toJsonArray" signature="(Ljava/util/Collection;)Ljava/lang/String;" line-rate="1.0" branch-rate="1.0">
							<lines>
							</lines>
						</method>
						<method name="ajc$postClinit" signature="()V" line-rate="1.0" branch-rate="1.0">
							<lines>
							</lines>
						</method>
						<method name="ajc$preClinit" signature="()V" line-rate="0.0" branch-rate="0.0">
							<lines>
								<line number="1" hits="0" branch="true" condition-coverage="0% (0/4)">
									<conditions>
										<condition number="0" type="jump" coverage="0%"/>
										<condition number="1" type="jump" coverage="0%"/>
									</conditions>
								</line>
							</lines>
						</method>
						<method name="aspectOf" signature="()Lnet/sereneproject/collector/domain/Node_Roo_Json;" line-rate="1.0" branch-rate="1.0">
							<lines>
							</lines>
						</method>
						<method name="fromJsonArrayToNodes_aroundBody4" signature="(Ljava/lang/String;Lorg/aspectj/lang/JoinPoint;)Ljava/util/Collection;" line-rate="0.0" branch-rate="1.0">
							<lines>
								<line number="28" hits="0" branch="false"/>
							</lines>
						</method>
						<method name="fromJsonArrayToNodes_aroundBody5$advice" signature="(Ljava/lang/String;Lorg/aspectj/lang/JoinPoint;Lorg/springframework/mock/staticmock/AbstractMethodMockingControl;Lorg/aspectj/runtime/internal/AroundClosure;Lorg/aspectj/lang/JoinPoint$StaticPart;Lorg/aspectj/lang/JoinPoint;)Ljava/lang/Object;" line-rate="0.0" branch-rate="0.0">
							<lines>
								<line number="170" hits="0" branch="true" condition-coverage="0% (0/2)">
									<conditions>
										<condition number="0" type="jump" coverage="0%"/>
									</conditions>
								</line>
								<line number="171" hits="0" branch="false"/>
								<line number="173" hits="0" branch="false"/>
								<line number="175" hits="0" branch="false"/>
							</lines>
						</method>
						<method name="fromJsonToNode_aroundBody0" signature="(Ljava/lang/String;Lorg/aspectj/lang/JoinPoint;)Lnet/sereneproject/collector/domain/Node;" line-rate="0.0" branch-rate="1.0">
							<lines>
								<line number="20" hits="0" branch="false"/>
							</lines>
						</method>
						<method name="fromJsonToNode_aroundBody1$advice" signature="(Ljava/lang/String;Lorg/aspectj/lang/JoinPoint;Lorg/springframework/mock/staticmock/AbstractMethodMockingControl;Lorg/aspectj/runtime/internal/AroundClosure;Lorg/aspectj/lang/JoinPoint$StaticPart;Lorg/aspectj/lang/JoinPoint;)Ljava/lang/Object;" line-rate="1.0" branch-rate="1.0">
							<lines>
							</lines>
						</method>
						<method name="hasAspect" signature="()Z" line-rate="1.0" branch-rate="1.0">
							<lines>
							</lines>
						</method>
						<method name="toJsonArray_aroundBody2" signature="(Ljava/util/Collection;Lorg/aspectj/lang/JoinPoint;)Ljava/lang/String;" line-rate="0.0" branch-rate="1.0">
							<lines>
								<line number="24" hits="0" branch="false"/>
							</lines>
						</method>
						<method name="toJsonArray_aroundBody3$advice" signature="(Ljava/util/Collection;Lorg/aspectj/lang/JoinPoint;Lorg/springframework/mock/staticmock/AbstractMethodMockingControl;Lorg/aspectj/runtime/internal/AroundClosure;Lorg/aspectj/lang/JoinPoint$StaticPart;Lorg/aspectj/lang/JoinPoint;)Ljava/lang/Object;" line-rate="1.0" branch-rate="1.0">
							<lines>
							</lines>
						</method>
					</methods>
					<lines>
						<line number="1" hits="0" branch="true" condition-coverage="0% (0/4)">
							<conditions>
								<condition number="0" type="jump" coverage="0%"/>
								<condition number="1" type="jump" coverage="0%"/>
							</conditions>
						</line>
						<line number="13" hits="0" branch="false"/>
						<line number="16" hits="0" branch="false"/>
						<line number="20" hits="0" branch="false"/>
						<line number="24" hits="0" branch="false"/>
						<line number="28" hits="0" branch="false"/>
						<line number="170" hits="0" branch="true" condition-coverage="0% (0/2)">
							<conditions>
								<condition number="0" type="jump" coverage="0%"/>
							</conditions>
						</line>
						<line number="171" hits="0" branch="false"/>
						<line number="173" hits="0" branch="false"/>
						<line number="175" hits="0" branch="false"/>
					</lines>
				</class>
				<class name="net.sereneproject.collector.domain.Node_Roo_ToString" filename="net/sereneproject/collector/domain/Node_Roo_ToString.aj" line-rate="0.0" branch-rate="0.0" complexity="0.0">
					<methods>
						<method name="&lt;clinit&gt;" signature="()V" line-rate="1.0" branch-rate="1.0">
							<lines>
							</lines>
						</method>
						<method name="&lt;init&gt;" signature="()V" line-rate="0.0" branch-rate="1.0">
							<lines>
								<line number="10" hits="0" branch="false"/>
							</lines>
						</method>
						<method name="ajc$interMethod$net_sereneproject_collector_domain_Node_Roo_ToString$net_sereneproject_collector_domain_Node$toString" signature="(Lnet/sereneproject/collector/domain/Node;)Ljava/lang/String;" line-rate="0.0" branch-rate="1.0">
							<lines>
								<line number="13" hits="0" branch="false"/>
							</lines>
						</method>
						<method name="ajc$postClinit" signature="()V" line-rate="0.0" branch-rate="0.0">
							<lines>
								<line number="1" hits="0" branch="true" condition-coverage="0% (0/2)">
									<conditions>
										<condition number="0" type="jump" coverage="0%"/>
									</conditions>
								</line>
							</lines>
						</method>
						<method name="aspectOf" signature="()Lnet/sereneproject/collector/domain/Node_Roo_ToString;" line-rate="1.0" branch-rate="1.0">
							<lines>
							</lines>
						</method>
						<method name="hasAspect" signature="()Z" line-rate="1.0" branch-rate="1.0">
							<lines>
							</lines>
						</method>
					</methods>
					<lines>
						<line number="1" hits="0" branch="true" condition-coverage="0% (0/2)">
							<conditions>
								<condition number="0" type="jump" coverage="0%"/>
							</conditions>
						</line>
						<line number="10" hits="0" branch="false"/>
						<line number="13" hits="0" branch="false"/>
					</lines>
				</class>
				<class name="net.sereneproject.collector.domain.Plugin" filename="net/sereneproject/collector/domain/Plugin.java" line-rate="0.3333333333333333" branch-rate="0.5" complexity="4.0">
					<methods>
						<method name="&lt;clinit&gt;" signature="()V" line-rate="1.0" branch-rate="1.0">
							<lines>
							</lines>
						</method>
						<method name="&lt;init&gt;" signature="()V" line-rate="1.0" branch-rate="0.5">
							<lines>
								<line number="53" hits="1" branch="true" condition-coverage="50% (11/22)">
									<conditions>
										<condition number="0" type="jump" coverage="50%"/>
										<condition number="1" type="jump" coverage="50%"/>
										<condition number="2" type="jump" coverage="50%"/>
										<condition number="3" type="jump" coverage="50%"/>
										<condition number="4" type="jump" coverage="50%"/>
										<condition number="5" type="jump" coverage="50%"/>
										<condition number="6" type="jump" coverage="50%"/>
										<condition number="7" type="jump" coverage="50%"/>
										<condition number="8" type="jump" coverage="50%"/>
										<condition number="9" type="jump" coverage="50%"/>
										<condition number="10" type="jump" coverage="50%"/>
									</conditions>
								</line>
							</lines>
						</method>
						<method name="ajc$get$id" signature="(Lnet/sereneproject/collector/domain/Plugin;)Ljava/lang/Long;" line-rate="1.0" branch-rate="1.0">
							<lines>
							</lines>
						</method>
						<method name="ajc$get$probe" signature="(Lnet/sereneproject/collector/domain/Plugin;)Lnet/sereneproject/collector/domain/Probe;" line-rate="1.0" branch-rate="1.0">
							<lines>
							</lines>
						</method>
						<method name="ajc$get$savedState" signature="(Lnet/sereneproject/collector/domain/Plugin;)Ljava/lang/String;" line-rate="1.0" branch-rate="1.0">
							<lines>
							</lines>
						</method>
						<method name="ajc$get$url" signature="(Lnet/sereneproject/collector/domain/Plugin;)Ljava/lang/String;" line-rate="1.0" branch-rate="1.0">
							<lines>
							</lines>
						</method>
						<method name="ajc$get$version" signature="(Lnet/sereneproject/collector/domain/Plugin;)Ljava/lang/Integer;" line-rate="1.0" branch-rate="1.0">
							<lines>
							</lines>
						</method>
						<method name="ajc$preClinit" signature="()V" line-rate="1.0" branch-rate="1.0">
							<lines>
								<line number="1" hits="2" branch="false"/>
							</lines>
						</method>
						<method name="ajc$set$id" signature="(Lnet/sereneproject/collector/domain/Plugin;Ljava/lang/Long;)V" line-rate="1.0" branch-rate="1.0">
							<lines>
							</lines>
						</method>
						<method name="ajc$set$probe" signature="(Lnet/sereneproject/collector/domain/Plugin;Lnet/sereneproject/collector/domain/Probe;)V" line-rate="1.0" branch-rate="1.0">
							<lines>
							</lines>
						</method>
						<method name="ajc$set$savedState" signature="(Lnet/sereneproject/collector/domain/Plugin;Ljava/lang/String;)V" line-rate="1.0" branch-rate="1.0">
							<lines>
							</lines>
						</method>
						<method name="ajc$set$url" signature="(Lnet/sereneproject/collector/domain/Plugin;Ljava/lang/String;)V" line-rate="1.0" branch-rate="1.0">
							<lines>
							</lines>
						</method>
						<method name="ajc$set$version" signature="(Lnet/sereneproject/collector/domain/Plugin;Ljava/lang/Integer;)V" line-rate="1.0" branch-rate="1.0">
							<lines>
							</lines>
						</method>
						<method name="clear" signature="()V" line-rate="1.0" branch-rate="1.0">
							<lines>
							</lines>
						</method>
						<method name="countPlugins" signature="()J" line-rate="1.0" branch-rate="1.0">
							<lines>
							</lines>
						</method>
						<method name="entityManager" signature="()Ljavax/persistence/EntityManager;" line-rate="1.0" branch-rate="1.0">
							<lines>
							</lines>
						</method>
						<method name="findAllPlugins" signature="()Ljava/util/List;" line-rate="1.0" branch-rate="1.0">
							<lines>
							</lines>
						</method>
						<method name="findPlugin" signature="(Ljava/lang/Long;)Lnet/sereneproject/collector/domain/Plugin;" line-rate="1.0" branch-rate="1.0">
							<lines>
							</lines>
						</method>
						<method name="findPluginEntries" signature="(II)Ljava/util/List;" line-rate="1.0" branch-rate="1.0">
							<lines>
							</lines>
						</method>
						<method name="flush" signature="()V" line-rate="1.0" branch-rate="1.0">
							<lines>
							</lines>
						</method>
						<method name="fromJsonArrayToPlugins" signature="(Ljava/lang/String;)Ljava/util/Collection;" line-rate="1.0" branch-rate="1.0">
							<lines>
							</lines>
						</method>
						<method name="fromJsonToPlugin" signature="(Ljava/lang/String;)Lnet/sereneproject/collector/domain/Plugin;" line-rate="1.0" branch-rate="1.0">
							<lines>
							</lines>
						</method>
						<method name="getId" signature="()Ljava/lang/Long;" line-rate="1.0" branch-rate="1.0">
							<lines>
							</lines>
						</method>
						<method name="getProbe" signature="()Lnet/sereneproject/collector/domain/Probe;" line-rate="1.0" branch-rate="1.0">
							<lines>
							</lines>
						</method>
						<method name="getSavedState" signature="()Ljava/lang/String;" line-rate="1.0" branch-rate="1.0">
							<lines>
							</lines>
						</method>
						<method name="getUri" signature="()Ljava/net/URI;" line-rate="0.0" branch-rate="1.0">
							<lines>
								<line number="79" hits="0" branch="false"/>
								<line number="80" hits="0" branch="false"/>
								<line number="81" hits="0" branch="false"/>
								<line number="82" hits="0" branch="false"/>
							</lines>
						</method>
						<method name="getUrl" signature="()Ljava/lang/String;" line-rate="1.0" branch-rate="1.0">
							<lines>
							</lines>
						</method>
						<method name="getVersion" signature="()Ljava/lang/Integer;" line-rate="1.0" branch-rate="1.0">
							<lines>
							</lines>
						</method>
						<method name="merge" signature="()Lnet/sereneproject/collector/domain/Plugin;" line-rate="1.0" branch-rate="1.0">
							<lines>
							</lines>
						</method>
						<method name="persist" signature="()V" line-rate="1.0" branch-rate="1.0">
							<lines>
							</lines>
						</method>
						<method name="remove" signature="()V" line-rate="1.0" branch-rate="1.0">
							<lines>
							</lines>
						</method>
						<method name="setId" signature="(Ljava/lang/Long;)V" line-rate="1.0" branch-rate="1.0">
							<lines>
							</lines>
						</method>
						<method name="setProbe" signature="(Lnet/sereneproject/collector/domain/Probe;)V" line-rate="1.0" branch-rate="1.0">
							<lines>
							</lines>
						</method>
						<method name="setSavedState" signature="(Ljava/lang/String;)V" line-rate="1.0" branch-rate="1.0">
							<lines>
							</lines>
						</method>
						<method name="setUrl" signature="(Ljava/lang/String;)V" line-rate="1.0" branch-rate="1.0">
							<lines>
							</lines>
						</method>
						<method name="setVersion" signature="(Ljava/lang/Integer;)V" line-rate="1.0" branch-rate="1.0">
							<lines>
							</lines>
						</method>
						<method name="toJson" signature="()Ljava/lang/String;" line-rate="1.0" branch-rate="1.0">
							<lines>
							</lines>
						</method>
						<method name="toJsonArray" signature="(Ljava/util/Collection;)Ljava/lang/String;" line-rate="1.0" branch-rate="1.0">
							<lines>
							</lines>
						</method>
						<method name="toString" signature="()Ljava/lang/String;" line-rate="1.0" branch-rate="1.0">
							<lines>
							</lines>
						</method>
					</methods>
					<lines>
						<line number="1" hits="2" branch="false"/>
						<line number="53" hits="1" branch="true" condition-coverage="50% (11/22)">
							<conditions>
								<condition number="0" type="jump" coverage="50%"/>
								<condition number="1" type="jump" coverage="50%"/>
								<condition number="2" type="jump" coverage="50%"/>
								<condition number="3" type="jump" coverage="50%"/>
								<condition number="4" type="jump" coverage="50%"/>
								<condition number="5" type="jump" coverage="50%"/>
								<condition number="6" type="jump" coverage="50%"/>
								<condition number="7" type="jump" coverage="50%"/>
								<condition number="8" type="jump" coverage="50%"/>
								<condition number="9" type="jump" coverage="50%"/>
								<condition number="10" type="jump" coverage="50%"/>
							</conditions>
						</line>
						<line number="79" hits="0" branch="false"/>
						<line number="80" hits="0" branch="false"/>
						<line number="81" hits="0" branch="false"/>
						<line number="82" hits="0" branch="false"/>
					</lines>
				</class>
				<class name="net.sereneproject.collector.domain.PluginStatus" filename="net/sereneproject/collector/domain/PluginStatus.java" line-rate="1.0" branch-rate="0.5" complexity="0.0">
					<methods>
						<method name="&lt;clinit&gt;" signature="()V" line-rate="1.0" branch-rate="1.0">
							<lines>
							</lines>
						</method>
						<method name="&lt;init&gt;" signature="()V" line-rate="1.0" branch-rate="0.5">
							<lines>
								<line number="45" hits="1" branch="true" condition-coverage="50% (11/22)">
									<conditions>
										<condition number="0" type="jump" coverage="50%"/>
										<condition number="1" type="jump" coverage="50%"/>
										<condition number="2" type="jump" coverage="50%"/>
										<condition number="3" type="jump" coverage="50%"/>
										<condition number="4" type="jump" coverage="50%"/>
										<condition number="5" type="jump" coverage="50%"/>
										<condition number="6" type="jump" coverage="50%"/>
										<condition number="7" type="jump" coverage="50%"/>
										<condition number="8" type="jump" coverage="50%"/>
										<condition number="9" type="jump" coverage="50%"/>
										<condition number="10" type="jump" coverage="50%"/>
									</conditions>
								</line>
							</lines>
						</method>
						<method name="ajc$get$date" signature="(Lnet/sereneproject/collector/domain/PluginStatus;)Ljava/util/Date;" line-rate="1.0" branch-rate="1.0">
							<lines>
							</lines>
						</method>
						<method name="ajc$get$id" signature="(Lnet/sereneproject/collector/domain/PluginStatus;)Ljava/lang/Long;" line-rate="1.0" branch-rate="1.0">
							<lines>
							</lines>
						</method>
						<method name="ajc$get$plugin" signature="(Lnet/sereneproject/collector/domain/PluginStatus;)Lnet/sereneproject/collector/domain/Plugin;" line-rate="1.0" branch-rate="1.0">
							<lines>
							</lines>
						</method>
						<method name="ajc$get$status" signature="(Lnet/sereneproject/collector/domain/PluginStatus;)Ljava/lang/String;" line-rate="1.0" branch-rate="1.0">
							<lines>
							</lines>
						</method>
						<method name="ajc$get$version" signature="(Lnet/sereneproject/collector/domain/PluginStatus;)Ljava/lang/Integer;" line-rate="1.0" branch-rate="1.0">
							<lines>
							</lines>
						</method>
						<method name="ajc$preClinit" signature="()V" line-rate="1.0" branch-rate="1.0">
							<lines>
								<line number="1" hits="2" branch="false"/>
							</lines>
						</method>
						<method name="ajc$set$date" signature="(Lnet/sereneproject/collector/domain/PluginStatus;Ljava/util/Date;)V" line-rate="1.0" branch-rate="1.0">
							<lines>
							</lines>
						</method>
						<method name="ajc$set$id" signature="(Lnet/sereneproject/collector/domain/PluginStatus;Ljava/lang/Long;)V" line-rate="1.0" branch-rate="1.0">
							<lines>
							</lines>
						</method>
						<method name="ajc$set$plugin" signature="(Lnet/sereneproject/collector/domain/PluginStatus;Lnet/sereneproject/collector/domain/Plugin;)V" line-rate="1.0" branch-rate="1.0">
							<lines>
							</lines>
						</method>
						<method name="ajc$set$status" signature="(Lnet/sereneproject/collector/domain/PluginStatus;Ljava/lang/String;)V" line-rate="1.0" branch-rate="1.0">
							<lines>
							</lines>
						</method>
						<method name="ajc$set$version" signature="(Lnet/sereneproject/collector/domain/PluginStatus;Ljava/lang/Integer;)V" line-rate="1.0" branch-rate="1.0">
							<lines>
							</lines>
						</method>
						<method name="clear" signature="()V" line-rate="1.0" branch-rate="1.0">
							<lines>
							</lines>
						</method>
						<method name="countPluginStatuses" signature="()J" line-rate="1.0" branch-rate="1.0">
							<lines>
							</lines>
						</method>
						<method name="entityManager" signature="()Ljavax/persistence/EntityManager;" line-rate="1.0" branch-rate="1.0">
							<lines>
							</lines>
						</method>
						<method name="findAllPluginStatuses" signature="()Ljava/util/List;" line-rate="1.0" branch-rate="1.0">
							<lines>
							</lines>
						</method>
						<method name="findPluginStatus" signature="(Ljava/lang/Long;)Lnet/sereneproject/collector/domain/PluginStatus;" line-rate="1.0" branch-rate="1.0">
							<lines>
							</lines>
						</method>
						<method name="findPluginStatusEntries" signature="(II)Ljava/util/List;" line-rate="1.0" branch-rate="1.0">
							<lines>
							</lines>
						</method>
						<method name="flush" signature="()V" line-rate="1.0" branch-rate="1.0">
							<lines>
							</lines>
						</method>
						<method name="fromJsonArrayToPluginStatuses" signature="(Ljava/lang/String;)Ljava/util/Collection;" line-rate="1.0" branch-rate="1.0">
							<lines>
							</lines>
						</method>
						<method name="fromJsonToPluginStatus" signature="(Ljava/lang/String;)Lnet/sereneproject/collector/domain/PluginStatus;" line-rate="1.0" branch-rate="1.0">
							<lines>
							</lines>
						</method>
						<method name="getDate" signature="()Ljava/util/Date;" line-rate="1.0" branch-rate="1.0">
							<lines>
							</lines>
						</method>
						<method name="getId" signature="()Ljava/lang/Long;" line-rate="1.0" branch-rate="1.0">
							<lines>
							</lines>
						</method>
						<method name="getPlugin" signature="()Lnet/sereneproject/collector/domain/Plugin;" line-rate="1.0" branch-rate="1.0">
							<lines>
							</lines>
						</method>
						<method name="getStatus" signature="()Ljava/lang/String;" line-rate="1.0" branch-rate="1.0">
							<lines>
							</lines>
						</method>
						<method name="getVersion" signature="()Ljava/lang/Integer;" line-rate="1.0" branch-rate="1.0">
							<lines>
							</lines>
						</method>
						<method name="merge" signature="()Lnet/sereneproject/collector/domain/PluginStatus;" line-rate="1.0" branch-rate="1.0">
							<lines>
							</lines>
						</method>
						<method name="persist" signature="()V" line-rate="1.0" branch-rate="1.0">
							<lines>
							</lines>
						</method>
						<method name="remove" signature="()V" line-rate="1.0" branch-rate="1.0">
							<lines>
							</lines>
						</method>
						<method name="setDate" signature="(Ljava/util/Date;)V" line-rate="1.0" branch-rate="1.0">
							<lines>
							</lines>
						</method>
						<method name="setId" signature="(Ljava/lang/Long;)V" line-rate="1.0" branch-rate="1.0">
							<lines>
							</lines>
						</method>
						<method name="setPlugin" signature="(Lnet/sereneproject/collector/domain/Plugin;)V" line-rate="1.0" branch-rate="1.0">
							<lines>
							</lines>
						</method>
						<method name="setStatus" signature="(Ljava/lang/String;)V" line-rate="1.0" branch-rate="1.0">
							<lines>
							</lines>
						</method>
						<method name="setVersion" signature="(Ljava/lang/Integer;)V" line-rate="1.0" branch-rate="1.0">
							<lines>
							</lines>
						</method>
						<method name="toJson" signature="()Ljava/lang/String;" line-rate="1.0" branch-rate="1.0">
							<lines>
							</lines>
						</method>
						<method name="toJsonArray" signature="(Ljava/util/Collection;)Ljava/lang/String;" line-rate="1.0" branch-rate="1.0">
							<lines>
							</lines>
						</method>
						<method name="toString" signature="()Ljava/lang/String;" line-rate="1.0" branch-rate="1.0">
							<lines>
							</lines>
						</method>
					</methods>
					<lines>
						<line number="1" hits="2" branch="false"/>
						<line number="45" hits="1" branch="true" condition-coverage="50% (11/22)">
							<conditions>
								<condition number="0" type="jump" coverage="50%"/>
								<condition number="1" type="jump" coverage="50%"/>
								<condition number="2" type="jump" coverage="50%"/>
								<condition number="3" type="jump" coverage="50%"/>
								<condition number="4" type="jump" coverage="50%"/>
								<condition number="5" type="jump" coverage="50%"/>
								<condition number="6" type="jump" coverage="50%"/>
								<condition number="7" type="jump" coverage="50%"/>
								<condition number="8" type="jump" coverage="50%"/>
								<condition number="9" type="jump" coverage="50%"/>
								<condition number="10" type="jump" coverage="50%"/>
							</conditions>
						</line>
					</lines>
				</class>
				<class name="net.sereneproject.collector.domain.PluginStatus_Roo_Configurable" filename="net/sereneproject/collector/domain/PluginStatus_Roo_Configurable.aj" line-rate="0.0" branch-rate="0.0" complexity="0.0">
					<methods>
						<method name="&lt;clinit&gt;" signature="()V" line-rate="1.0" branch-rate="1.0">
							<lines>
							</lines>
						</method>
						<method name="&lt;init&gt;" signature="()V" line-rate="0.0" branch-rate="1.0">
							<lines>
								<line number="9" hits="0" branch="false"/>
							</lines>
						</method>
						<method name="ajc$declare_at_type_1" signature="()V" line-rate="0.0" branch-rate="1.0">
							<lines>
								<line number="11" hits="0" branch="false"/>
							</lines>
						</method>
						<method name="ajc$postClinit" signature="()V" line-rate="0.0" branch-rate="0.0">
							<lines>
								<line number="1" hits="0" branch="true" condition-coverage="0% (0/2)">
									<conditions>
										<condition number="0" type="jump" coverage="0%"/>
									</conditions>
								</line>
							</lines>
						</method>
						<method name="aspectOf" signature="()Lnet/sereneproject/collector/domain/PluginStatus_Roo_Configurable;" line-rate="1.0" branch-rate="1.0">
							<lines>
							</lines>
						</method>
						<method name="hasAspect" signature="()Z" line-rate="1.0" branch-rate="1.0">
							<lines>
							</lines>
						</method>
					</methods>
					<lines>
						<line number="1" hits="0" branch="true" condition-coverage="0% (0/2)">
							<conditions>
								<condition number="0" type="jump" coverage="0%"/>
							</conditions>
						</line>
						<line number="9" hits="0" branch="false"/>
						<line number="11" hits="0" branch="false"/>
					</lines>
				</class>
				<class name="net.sereneproject.collector.domain.PluginStatus_Roo_JavaBean" filename="net/sereneproject/collector/domain/PluginStatus_Roo_JavaBean.aj" line-rate="0.0" branch-rate="0.0" complexity="0.0">
					<methods>
						<method name="&lt;clinit&gt;" signature="()V" line-rate="1.0" branch-rate="1.0">
							<lines>
							</lines>
						</method>
						<method name="&lt;init&gt;" signature="()V" line-rate="0.0" branch-rate="1.0">
							<lines>
								<line number="10" hits="0" branch="false"/>
							</lines>
						</method>
						<method name="ajc$interMethod$net_sereneproject_collector_domain_PluginStatus_Roo_JavaBean$net_sereneproject_collector_domain_PluginStatus$getDate" signature="(Lnet/sereneproject/collector/domain/PluginStatus;)Ljava/util/Date;" line-rate="0.0" branch-rate="1.0">
							<lines>
								<line number="29" hits="0" branch="false"/>
							</lines>
						</method>
						<method name="ajc$interMethod$net_sereneproject_collector_domain_PluginStatus_Roo_JavaBean$net_sereneproject_collector_domain_PluginStatus$getPlugin" signature="(Lnet/sereneproject/collector/domain/PluginStatus;)Lnet/sereneproject/collector/domain/Plugin;" line-rate="0.0" branch-rate="1.0">
							<lines>
								<line number="21" hits="0" branch="false"/>
							</lines>
						</method>
						<method name="ajc$interMethod$net_sereneproject_collector_domain_PluginStatus_Roo_JavaBean$net_sereneproject_collector_domain_PluginStatus$getStatus" signature="(Lnet/sereneproject/collector/domain/PluginStatus;)Ljava/lang/String;" line-rate="0.0" branch-rate="1.0">
							<lines>
								<line number="13" hits="0" branch="false"/>
							</lines>
						</method>
						<method name="ajc$interMethod$net_sereneproject_collector_domain_PluginStatus_Roo_JavaBean$net_sereneproject_collector_domain_PluginStatus$setDate" signature="(Lnet/sereneproject/collector/domain/PluginStatus;Ljava/util/Date;)V" line-rate="0.0" branch-rate="1.0">
							<lines>
								<line number="33" hits="0" branch="false"/>
								<line number="34" hits="0" branch="false"/>
							</lines>
						</method>
						<method name="ajc$interMethod$net_sereneproject_collector_domain_PluginStatus_Roo_JavaBean$net_sereneproject_collector_domain_PluginStatus$setPlugin" signature="(Lnet/sereneproject/collector/domain/PluginStatus;Lnet/sereneproject/collector/domain/Plugin;)V" line-rate="0.0" branch-rate="1.0">
							<lines>
								<line number="25" hits="0" branch="false"/>
								<line number="26" hits="0" branch="false"/>
							</lines>
						</method>
						<method name="ajc$interMethod$net_sereneproject_collector_domain_PluginStatus_Roo_JavaBean$net_sereneproject_collector_domain_PluginStatus$setStatus" signature="(Lnet/sereneproject/collector/domain/PluginStatus;Ljava/lang/String;)V" line-rate="0.0" branch-rate="1.0">
							<lines>
								<line number="17" hits="0" branch="false"/>
								<line number="18" hits="0" branch="false"/>
							</lines>
						</method>
						<method name="ajc$postClinit" signature="()V" line-rate="0.0" branch-rate="0.0">
							<lines>
								<line number="1" hits="0" branch="true" condition-coverage="0% (0/2)">
									<conditions>
										<condition number="0" type="jump" coverage="0%"/>
									</conditions>
								</line>
							</lines>
						</method>
						<method name="aspectOf" signature="()Lnet/sereneproject/collector/domain/PluginStatus_Roo_JavaBean;" line-rate="1.0" branch-rate="1.0">
							<lines>
							</lines>
						</method>
						<method name="hasAspect" signature="()Z" line-rate="1.0" branch-rate="1.0">
							<lines>
							</lines>
						</method>
					</methods>
					<lines>
						<line number="1" hits="0" branch="true" condition-coverage="0% (0/2)">
							<conditions>
								<condition number="0" type="jump" coverage="0%"/>
							</conditions>
						</line>
						<line number="10" hits="0" branch="false"/>
						<line number="13" hits="0" branch="false"/>
						<line number="17" hits="0" branch="false"/>
						<line number="18" hits="0" branch="false"/>
						<line number="21" hits="0" branch="false"/>
						<line number="25" hits="0" branch="false"/>
						<line number="26" hits="0" branch="false"/>
						<line number="29" hits="0" branch="false"/>
						<line number="33" hits="0" branch="false"/>
						<line number="34" hits="0" branch="false"/>
					</lines>
				</class>
				<class name="net.sereneproject.collector.domain.PluginStatus_Roo_Jpa_ActiveRecord" filename="net/sereneproject/collector/domain/PluginStatus_Roo_Jpa_ActiveRecord.aj" line-rate="0.08823529411764706" branch-rate="0.0" complexity="0.0">
					<methods>
						<method name="&lt;clinit&gt;" signature="()V" line-rate="1.0" branch-rate="1.0">
							<lines>
							</lines>
						</method>
						<method name="&lt;init&gt;" signature="()V" line-rate="1.0" branch-rate="1.0">
							<lines>
								<line number="12" hits="2" branch="false"/>
							</lines>
						</method>
						<method name="ajc$interFieldInit$net_sereneproject_collector_domain_PluginStatus_Roo_Jpa_ActiveRecord$net_sereneproject_collector_domain_PluginStatus$entityManager" signature="(Lnet/sereneproject/collector/domain/PluginStatus;)V" line-rate="1.0" branch-rate="1.0">
							<lines>
								<line number="15" hits="1" branch="false"/>
							</lines>
						</method>
						<method name="ajc$interMethod$net_sereneproject_collector_domain_PluginStatus_Roo_Jpa_ActiveRecord$net_sereneproject_collector_domain_PluginStatus$clear" signature="(Lnet/sereneproject/collector/domain/PluginStatus;)V" line-rate="0.0" branch-rate="0.0">
							<lines>
								<line number="65" hits="0" branch="true" condition-coverage="0% (0/2)">
									<conditions>
										<condition number="0" type="jump" coverage="0%"/>
									</conditions>
								</line>
								<line number="66" hits="0" branch="false"/>
								<line number="67" hits="0" branch="false"/>
							</lines>
						</method>
						<method name="ajc$interMethod$net_sereneproject_collector_domain_PluginStatus_Roo_Jpa_ActiveRecord$net_sereneproject_collector_domain_PluginStatus$countPluginStatuses" signature="()J" line-rate="1.0" branch-rate="1.0">
							<lines>
							</lines>
						</method>
						<method name="ajc$interMethod$net_sereneproject_collector_domain_PluginStatus_Roo_Jpa_ActiveRecord$net_sereneproject_collector_domain_PluginStatus$entityManager" signature="()Ljavax/persistence/EntityManager;" line-rate="1.0" branch-rate="1.0">
							<lines>
							</lines>
						</method>
						<method name="ajc$interMethod$net_sereneproject_collector_domain_PluginStatus_Roo_Jpa_ActiveRecord$net_sereneproject_collector_domain_PluginStatus$findAllPluginStatuses" signature="()Ljava/util/List;" line-rate="1.0" branch-rate="1.0">
							<lines>
							</lines>
						</method>
						<method name="ajc$interMethod$net_sereneproject_collector_domain_PluginStatus_Roo_Jpa_ActiveRecord$net_sereneproject_collector_domain_PluginStatus$findPluginStatus" signature="(Ljava/lang/Long;)Lnet/sereneproject/collector/domain/PluginStatus;" line-rate="1.0" branch-rate="1.0">
							<lines>
							</lines>
						</method>
						<method name="ajc$interMethod$net_sereneproject_collector_domain_PluginStatus_Roo_Jpa_ActiveRecord$net_sereneproject_collector_domain_PluginStatus$findPluginStatusEntries" signature="(II)Ljava/util/List;" line-rate="1.0" branch-rate="1.0">
							<lines>
							</lines>
						</method>
						<method name="ajc$interMethod$net_sereneproject_collector_domain_PluginStatus_Roo_Jpa_ActiveRecord$net_sereneproject_collector_domain_PluginStatus$flush" signature="(Lnet/sereneproject/collector/domain/PluginStatus;)V" line-rate="0.0" branch-rate="0.0">
							<lines>
								<line number="59" hits="0" branch="true" condition-coverage="0% (0/2)">
									<conditions>
										<condition number="0" type="jump" coverage="0%"/>
									</conditions>
								</line>
								<line number="60" hits="0" branch="false"/>
								<line number="61" hits="0" branch="false"/>
							</lines>
						</method>
						<method name="ajc$interMethod$net_sereneproject_collector_domain_PluginStatus_Roo_Jpa_ActiveRecord$net_sereneproject_collector_domain_PluginStatus$merge" signature="(Lnet/sereneproject/collector/domain/PluginStatus;)Lnet/sereneproject/collector/domain/PluginStatus;" line-rate="0.0" branch-rate="0.0">
							<lines>
								<line number="71" hits="0" branch="true" condition-coverage="0% (0/2)">
									<conditions>
										<condition number="0" type="jump" coverage="0%"/>
									</conditions>
								</line>
								<line number="72" hits="0" branch="false"/>
								<line number="73" hits="0" branch="false"/>
								<line number="74" hits="0" branch="false"/>
							</lines>
						</method>
						<method name="ajc$interMethod$net_sereneproject_collector_domain_PluginStatus_Roo_Jpa_ActiveRecord$net_sereneproject_collector_domain_PluginStatus$persist" signature="(Lnet/sereneproject/collector/domain/PluginStatus;)V" line-rate="0.0" branch-rate="0.0">
							<lines>
								<line number="42" hits="0" branch="true" condition-coverage="0% (0/2)">
									<conditions>
										<condition number="0" type="jump" coverage="0%"/>
									</conditions>
								</line>
								<line number="43" hits="0" branch="false"/>
								<line number="44" hits="0" branch="false"/>
							</lines>
						</method>
						<method name="ajc$interMethod$net_sereneproject_collector_domain_PluginStatus_Roo_Jpa_ActiveRecord$net_sereneproject_collector_domain_PluginStatus$remove" signature="(Lnet/sereneproject/collector/domain/PluginStatus;)V" line-rate="0.0" branch-rate="0.0">
							<lines>
								<line number="48" hits="0" branch="true" condition-coverage="0% (0/2)">
									<conditions>
										<condition number="0" type="jump" coverage="0%"/>
									</conditions>
								</line>
								<line number="49" hits="0" branch="true" condition-coverage="0% (0/2)">
									<conditions>
										<condition number="0" type="jump" coverage="0%"/>
									</conditions>
								</line>
								<line number="50" hits="0" branch="false"/>
								<line number="52" hits="0" branch="false"/>
								<line number="53" hits="0" branch="false"/>
								<line number="55" hits="0" branch="false"/>
							</lines>
						</method>
						<method name="ajc$postClinit" signature="()V" line-rate="1.0" branch-rate="1.0">
							<lines>
							</lines>
						</method>
						<method name="ajc$preClinit" signature="()V" line-rate="1.0" branch-rate="0.0">
							<lines>
								<line number="1" hits="2" branch="true" condition-coverage="0% (0/4)">
									<conditions>
										<condition number="0" type="jump" coverage="0%"/>
										<condition number="1" type="jump" coverage="0%"/>
									</conditions>
								</line>
							</lines>
						</method>
						<method name="aspectOf" signature="()Lnet/sereneproject/collector/domain/PluginStatus_Roo_Jpa_ActiveRecord;" line-rate="1.0" branch-rate="1.0">
							<lines>
							</lines>
						</method>
						<method name="countPluginStatuses_aroundBody2" signature="(Lorg/aspectj/lang/JoinPoint;)J" line-rate="0.0" branch-rate="1.0">
							<lines>
								<line number="24" hits="0" branch="false"/>
							</lines>
						</method>
						<method name="countPluginStatuses_aroundBody3$advice" signature="(Lorg/aspectj/lang/JoinPoint;Lorg/springframework/mock/staticmock/AbstractMethodMockingControl;Lorg/aspectj/runtime/internal/AroundClosure;Lorg/aspectj/lang/JoinPoint$StaticPart;Lorg/aspectj/lang/JoinPoint;)Ljava/lang/Object;" line-rate="1.0" branch-rate="1.0">
							<lines>
							</lines>
						</method>
						<method name="entityManager_aroundBody0" signature="(Lorg/aspectj/lang/JoinPoint;)Ljavax/persistence/EntityManager;" line-rate="0.0" branch-rate="0.0">
							<lines>
								<line number="18" hits="0" branch="false"/>
								<line number="19" hits="0" branch="true" condition-coverage="0% (0/2)">
									<conditions>
										<condition number="0" type="jump" coverage="0%"/>
									</conditions>
								</line>
								<line number="20" hits="0" branch="false"/>
							</lines>
						</method>
						<method name="entityManager_aroundBody1$advice" signature="(Lorg/aspectj/lang/JoinPoint;Lorg/springframework/mock/staticmock/AbstractMethodMockingControl;Lorg/aspectj/runtime/internal/AroundClosure;Lorg/aspectj/lang/JoinPoint$StaticPart;Lorg/aspectj/lang/JoinPoint;)Ljava/lang/Object;" line-rate="1.0" branch-rate="1.0">
							<lines>
							</lines>
						</method>
						<method name="findAllPluginStatuses_aroundBody4" signature="(Lorg/aspectj/lang/JoinPoint;)Ljava/util/List;" line-rate="0.0" branch-rate="1.0">
							<lines>
								<line number="28" hits="0" branch="false"/>
							</lines>
						</method>
						<method name="findAllPluginStatuses_aroundBody5$advice" signature="(Lorg/aspectj/lang/JoinPoint;Lorg/springframework/mock/staticmock/AbstractMethodMockingControl;Lorg/aspectj/runtime/internal/AroundClosure;Lorg/aspectj/lang/JoinPoint$StaticPart;Lorg/aspectj/lang/JoinPoint;)Ljava/lang/Object;" line-rate="1.0" branch-rate="1.0">
							<lines>
							</lines>
						</method>
						<method name="findPluginStatusEntries_aroundBody8" signature="(IILorg/aspectj/lang/JoinPoint;)Ljava/util/List;" line-rate="0.0" branch-rate="1.0">
							<lines>
								<line number="37" hits="0" branch="false"/>
							</lines>
						</method>
						<method name="findPluginStatusEntries_aroundBody9$advice" signature="(IILorg/aspectj/lang/JoinPoint;Lorg/springframework/mock/staticmock/AbstractMethodMockingControl;Lorg/aspectj/runtime/internal/AroundClosure;Lorg/aspectj/lang/JoinPoint$StaticPart;Lorg/aspectj/lang/JoinPoint;)Ljava/lang/Object;" line-rate="0.0" branch-rate="0.0">
							<lines>
								<line number="170" hits="0" branch="true" condition-coverage="0% (0/2)">
									<conditions>
										<condition number="0" type="jump" coverage="0%"/>
									</conditions>
								</line>
								<line number="171" hits="0" branch="false"/>
								<line number="173" hits="0" branch="false"/>
								<line number="175" hits="0" branch="false"/>
							</lines>
						</method>
						<method name="findPluginStatus_aroundBody6" signature="(Ljava/lang/Long;Lorg/aspectj/lang/JoinPoint;)Lnet/sereneproject/collector/domain/PluginStatus;" line-rate="0.0" branch-rate="0.0">
							<lines>
								<line number="32" hits="0" branch="true" condition-coverage="0% (0/2)">
									<conditions>
										<condition number="0" type="jump" coverage="0%"/>
									</conditions>
								</line>
								<line number="33" hits="0" branch="false"/>
							</lines>
						</method>
						<method name="findPluginStatus_aroundBody7$advice" signature="(Ljava/lang/Long;Lorg/aspectj/lang/JoinPoint;Lorg/springframework/mock/staticmock/AbstractMethodMockingControl;Lorg/aspectj/runtime/internal/AroundClosure;Lorg/aspectj/lang/JoinPoint$StaticPart;Lorg/aspectj/lang/JoinPoint;)Ljava/lang/Object;" line-rate="1.0" branch-rate="1.0">
							<lines>
							</lines>
						</method>
						<method name="hasAspect" signature="()Z" line-rate="1.0" branch-rate="1.0">
							<lines>
							</lines>
						</method>
					</methods>
					<lines>
						<line number="1" hits="2" branch="true" condition-coverage="0% (0/4)">
							<conditions>
								<condition number="0" type="jump" coverage="0%"/>
								<condition number="1" type="jump" coverage="0%"/>
							</conditions>
						</line>
						<line number="12" hits="2" branch="false"/>
						<line number="15" hits="1" branch="false"/>
						<line number="18" hits="0" branch="false"/>
						<line number="19" hits="0" branch="true" condition-coverage="0% (0/2)">
							<conditions>
								<condition number="0" type="jump" coverage="0%"/>
							</conditions>
						</line>
						<line number="20" hits="0" branch="false"/>
						<line number="24" hits="0" branch="false"/>
						<line number="28" hits="0" branch="false"/>
						<line number="32" hits="0" branch="true" condition-coverage="0% (0/2)">
							<conditions>
								<condition number="0" type="jump" coverage="0%"/>
							</conditions>
						</line>
						<line number="33" hits="0" branch="false"/>
						<line number="37" hits="0" branch="false"/>
						<line number="42" hits="0" branch="true" condition-coverage="0% (0/2)">
							<conditions>
								<condition number="0" type="jump" coverage="0%"/>
							</conditions>
						</line>
						<line number="43" hits="0" branch="false"/>
						<line number="44" hits="0" branch="false"/>
						<line number="48" hits="0" branch="true" condition-coverage="0% (0/2)">
							<conditions>
								<condition number="0" type="jump" coverage="0%"/>
							</conditions>
						</line>
						<line number="49" hits="0" branch="true" condition-coverage="0% (0/2)">
							<conditions>
								<condition number="0" type="jump" coverage="0%"/>
							</conditions>
						</line>
						<line number="50" hits="0" branch="false"/>
						<line number="52" hits="0" branch="false"/>
						<line number="53" hits="0" branch="false"/>
						<line number="55" hits="0" branch="false"/>
						<line number="59" hits="0" branch="true" condition-coverage="0% (0/2)">
							<conditions>
								<condition number="0" type="jump" coverage="0%"/>
							</conditions>
						</line>
						<line number="60" hits="0" branch="false"/>
						<line number="61" hits="0" branch="false"/>
						<line number="65" hits="0" branch="true" condition-coverage="0% (0/2)">
							<conditions>
								<condition number="0" type="jump" coverage="0%"/>
							</conditions>
						</line>
						<line number="66" hits="0" branch="false"/>
						<line number="67" hits="0" branch="false"/>
						<line number="71" hits="0" branch="true" condition-coverage="0% (0/2)">
							<conditions>
								<condition number="0" type="jump" coverage="0%"/>
							</conditions>
						</line>
						<line number="72" hits="0" branch="false"/>
						<line number="73" hits="0" branch="false"/>
						<line number="74" hits="0" branch="false"/>
						<line number="170" hits="0" branch="true" condition-coverage="0% (0/2)">
							<conditions>
								<condition number="0" type="jump" coverage="0%"/>
							</conditions>
						</line>
						<line number="171" hits="0" branch="false"/>
						<line number="173" hits="0" branch="false"/>
						<line number="175" hits="0" branch="false"/>
					</lines>
				</class>
				<class name="net.sereneproject.collector.domain.PluginStatus_Roo_Jpa_Entity" filename="net/sereneproject/collector/domain/PluginStatus_Roo_Jpa_Entity.aj" line-rate="0.36363636363636365" branch-rate="0.0" complexity="0.0">
					<methods>
						<method name="&lt;clinit&gt;" signature="()V" line-rate="1.0" branch-rate="1.0">
							<lines>
							</lines>
						</method>
						<method name="&lt;init&gt;" signature="()V" line-rate="1.0" branch-rate="1.0">
							<lines>
								<line number="14" hits="2" branch="false"/>
							</lines>
						</method>
						<method name="ajc$declare_at_type_1" signature="()V" line-rate="0.0" branch-rate="1.0">
							<lines>
								<line number="16" hits="0" branch="false"/>
							</lines>
						</method>
						<method name="ajc$interFieldInit$net_sereneproject_collector_domain_PluginStatus_Roo_Jpa_Entity$net_sereneproject_collector_domain_PluginStatus$id" signature="(Lnet/sereneproject/collector/domain/PluginStatus;)V" line-rate="1.0" branch-rate="1.0">
							<lines>
								<line number="21" hits="1" branch="false"/>
							</lines>
						</method>
						<method name="ajc$interFieldInit$net_sereneproject_collector_domain_PluginStatus_Roo_Jpa_Entity$net_sereneproject_collector_domain_PluginStatus$version" signature="(Lnet/sereneproject/collector/domain/PluginStatus;)V" line-rate="1.0" branch-rate="1.0">
							<lines>
								<line number="25" hits="1" branch="false"/>
							</lines>
						</method>
						<method name="ajc$interMethod$net_sereneproject_collector_domain_PluginStatus_Roo_Jpa_Entity$net_sereneproject_collector_domain_PluginStatus$getId" signature="(Lnet/sereneproject/collector/domain/PluginStatus;)Ljava/lang/Long;" line-rate="0.0" branch-rate="1.0">
							<lines>
								<line number="28" hits="0" branch="false"/>
							</lines>
						</method>
						<method name="ajc$interMethod$net_sereneproject_collector_domain_PluginStatus_Roo_Jpa_Entity$net_sereneproject_collector_domain_PluginStatus$getVersion" signature="(Lnet/sereneproject/collector/domain/PluginStatus;)Ljava/lang/Integer;" line-rate="0.0" branch-rate="1.0">
							<lines>
								<line number="36" hits="0" branch="false"/>
							</lines>
						</method>
						<method name="ajc$interMethod$net_sereneproject_collector_domain_PluginStatus_Roo_Jpa_Entity$net_sereneproject_collector_domain_PluginStatus$setId" signature="(Lnet/sereneproject/collector/domain/PluginStatus;Ljava/lang/Long;)V" line-rate="0.0" branch-rate="1.0">
							<lines>
								<line number="32" hits="0" branch="false"/>
								<line number="33" hits="0" branch="false"/>
							</lines>
						</method>
						<method name="ajc$interMethod$net_sereneproject_collector_domain_PluginStatus_Roo_Jpa_Entity$net_sereneproject_collector_domain_PluginStatus$setVersion" signature="(Lnet/sereneproject/collector/domain/PluginStatus;Ljava/lang/Integer;)V" line-rate="0.0" branch-rate="1.0">
							<lines>
								<line number="40" hits="0" branch="false"/>
								<line number="41" hits="0" branch="false"/>
							</lines>
						</method>
						<method name="ajc$postClinit" signature="()V" line-rate="1.0" branch-rate="0.0">
							<lines>
								<line number="1" hits="1" branch="true" condition-coverage="0% (0/2)">
									<conditions>
										<condition number="0" type="jump" coverage="0%"/>
									</conditions>
								</line>
							</lines>
						</method>
						<method name="aspectOf" signature="()Lnet/sereneproject/collector/domain/PluginStatus_Roo_Jpa_Entity;" line-rate="1.0" branch-rate="1.0">
							<lines>
							</lines>
						</method>
						<method name="hasAspect" signature="()Z" line-rate="1.0" branch-rate="1.0">
							<lines>
							</lines>
						</method>
					</methods>
					<lines>
						<line number="1" hits="1" branch="true" condition-coverage="0% (0/2)">
							<conditions>
								<condition number="0" type="jump" coverage="0%"/>
							</conditions>
						</line>
						<line number="14" hits="2" branch="false"/>
						<line number="16" hits="0" branch="false"/>
						<line number="21" hits="1" branch="false"/>
						<line number="25" hits="1" branch="false"/>
						<line number="28" hits="0" branch="false"/>
						<line number="32" hits="0" branch="false"/>
						<line number="33" hits="0" branch="false"/>
						<line number="36" hits="0" branch="false"/>
						<line number="40" hits="0" branch="false"/>
						<line number="41" hits="0" branch="false"/>
					</lines>
				</class>
				<class name="net.sereneproject.collector.domain.PluginStatus_Roo_Json" filename="net/sereneproject/collector/domain/PluginStatus_Roo_Json.aj" line-rate="0.0" branch-rate="0.0" complexity="0.0">
					<methods>
						<method name="&lt;clinit&gt;" signature="()V" line-rate="1.0" branch-rate="1.0">
							<lines>
							</lines>
						</method>
						<method name="&lt;init&gt;" signature="()V" line-rate="0.0" branch-rate="1.0">
							<lines>
								<line number="13" hits="0" branch="false"/>
							</lines>
						</method>
						<method name="ajc$interMethod$net_sereneproject_collector_domain_PluginStatus_Roo_Json$net_sereneproject_collector_domain_PluginStatus$fromJsonArrayToPluginStatuses" signature="(Ljava/lang/String;)Ljava/util/Collection;" line-rate="1.0" branch-rate="1.0">
							<lines>
							</lines>
						</method>
						<method name="ajc$interMethod$net_sereneproject_collector_domain_PluginStatus_Roo_Json$net_sereneproject_collector_domain_PluginStatus$fromJsonToPluginStatus" signature="(Ljava/lang/String;)Lnet/sereneproject/collector/domain/PluginStatus;" line-rate="1.0" branch-rate="1.0">
							<lines>
							</lines>
						</method>
						<method name="ajc$interMethod$net_sereneproject_collector_domain_PluginStatus_Roo_Json$net_sereneproject_collector_domain_PluginStatus$toJson" signature="(Lnet/sereneproject/collector/domain/PluginStatus;)Ljava/lang/String;" line-rate="0.0" branch-rate="1.0">
							<lines>
								<line number="16" hits="0" branch="false"/>
							</lines>
						</method>
[...]
										<condition number="1" type="jump" coverage="0%"/>
									</conditions>
								</line>
								<line number="57" hits="0" branch="false"/>
								<line number="59" hits="0" branch="false"/>
							</lines>
						</method>
						<method name="ajc$interMethod$net_sereneproject_collector_web_ProbeController_Roo_Controller$net_sereneproject_collector_web_ProbeController$populateEditForm" signature="(Lnet/sereneproject/collector/web/ProbeController;Lorg/springframework/ui/Model;Lnet/sereneproject/collector/domain/Probe;)V" line-rate="0.0" branch-rate="1.0">
							<lines>
								<line number="90" hits="0" branch="false"/>
								<line number="91" hits="0" branch="false"/>
								<line number="92" hits="0" branch="false"/>
								<line number="93" hits="0" branch="false"/>
							</lines>
						</method>
						<method name="ajc$interMethod$net_sereneproject_collector_web_ProbeController_Roo_Controller$net_sereneproject_collector_web_ProbeController$show" signature="(Lnet/sereneproject/collector/web/ProbeController;Ljava/lang/Long;Lorg/springframework/ui/Model;)Ljava/lang/String;" line-rate="0.0" branch-rate="1.0">
							<lines>
								<line number="43" hits="0" branch="false"/>
								<line number="44" hits="0" branch="false"/>
								<line number="45" hits="0" branch="false"/>
							</lines>
						</method>
						<method name="ajc$interMethod$net_sereneproject_collector_web_ProbeController_Roo_Controller$net_sereneproject_collector_web_ProbeController$update" signature="(Lnet/sereneproject/collector/web/ProbeController;Lnet/sereneproject/collector/domain/Probe;Lorg/springframework/validation/BindingResult;Lorg/springframework/ui/Model;Ljavax/servlet/http/HttpServletRequest;)Ljava/lang/String;" line-rate="0.0" branch-rate="0.0">
							<lines>
								<line number="64" hits="0" branch="true" condition-coverage="0% (0/2)">
									<conditions>
										<condition number="0" type="jump" coverage="0%"/>
									</conditions>
								</line>
								<line number="65" hits="0" branch="false"/>
								<line number="66" hits="0" branch="false"/>
								<line number="68" hits="0" branch="false"/>
								<line number="69" hits="0" branch="false"/>
								<line number="70" hits="0" branch="false"/>
							</lines>
						</method>
						<method name="ajc$interMethod$net_sereneproject_collector_web_ProbeController_Roo_Controller$net_sereneproject_collector_web_ProbeController$updateForm" signature="(Lnet/sereneproject/collector/web/ProbeController;Ljava/lang/Long;Lorg/springframework/ui/Model;)Ljava/lang/String;" line-rate="0.0" branch-rate="1.0">
							<lines>
								<line number="75" hits="0" branch="false"/>
								<line number="76" hits="0" branch="false"/>
							</lines>
						</method>
						<method name="ajc$postClinit" signature="()V" line-rate="0.0" branch-rate="0.0">
							<lines>
								<line number="1" hits="0" branch="true" condition-coverage="0% (0/2)">
									<conditions>
										<condition number="0" type="jump" coverage="0%"/>
									</conditions>
								</line>
							</lines>
						</method>
						<method name="aspectOf" signature="()Lnet/sereneproject/collector/web/ProbeController_Roo_Controller;" line-rate="1.0" branch-rate="1.0">
							<lines>
							</lines>
						</method>
						<method name="hasAspect" signature="()Z" line-rate="1.0" branch-rate="1.0">
							<lines>
							</lines>
						</method>
					</methods>
					<lines>
						<line number="1" hits="0" branch="true" condition-coverage="0% (0/2)">
							<conditions>
								<condition number="0" type="jump" coverage="0%"/>
							</conditions>
						</line>
						<line number="22" hits="0" branch="false"/>
						<line number="26" hits="0" branch="true" condition-coverage="0% (0/2)">
							<conditions>
								<condition number="0" type="jump" coverage="0%"/>
							</conditions>
						</line>
						<line number="27" hits="0" branch="false"/>
						<line number="28" hits="0" branch="false"/>
						<line number="30" hits="0" branch="false"/>
						<line number="31" hits="0" branch="false"/>
						<line number="32" hits="0" branch="false"/>
						<line number="37" hits="0" branch="false"/>
						<line number="38" hits="0" branch="false"/>
						<line number="43" hits="0" branch="false"/>
						<line number="44" hits="0" branch="false"/>
						<line number="45" hits="0" branch="false"/>
						<line number="50" hits="0" branch="true" condition-coverage="0% (0/4)">
							<conditions>
								<condition number="0" type="jump" coverage="0%"/>
								<condition number="1" type="jump" coverage="0%"/>
							</conditions>
						</line>
						<line number="51" hits="0" branch="true" condition-coverage="0% (0/2)">
							<conditions>
								<condition number="0" type="jump" coverage="0%"/>
							</conditions>
						</line>
						<line number="52" hits="0" branch="true" condition-coverage="0% (0/2)">
							<conditions>
								<condition number="0" type="jump" coverage="0%"/>
							</conditions>
						</line>
						<line number="53" hits="0" branch="false"/>
						<line number="54" hits="0" branch="false"/>
						<line number="55" hits="0" branch="true" condition-coverage="0% (0/4)">
							<conditions>
								<condition number="0" type="jump" coverage="0%"/>
								<condition number="1" type="jump" coverage="0%"/>
							</conditions>
						</line>
						<line number="57" hits="0" branch="false"/>
						<line number="59" hits="0" branch="false"/>
						<line number="64" hits="0" branch="true" condition-coverage="0% (0/2)">
							<conditions>
								<condition number="0" type="jump" coverage="0%"/>
							</conditions>
						</line>
						<line number="65" hits="0" branch="false"/>
						<line number="66" hits="0" branch="false"/>
						<line number="68" hits="0" branch="false"/>
						<line number="69" hits="0" branch="false"/>
						<line number="70" hits="0" branch="false"/>
						<line number="75" hits="0" branch="false"/>
						<line number="76" hits="0" branch="false"/>
						<line number="81" hits="0" branch="false"/>
						<line number="82" hits="0" branch="false"/>
						<line number="83" hits="0" branch="false"/>
						<line number="84" hits="0" branch="true" condition-coverage="0% (0/2)">
							<conditions>
								<condition number="0" type="jump" coverage="0%"/>
							</conditions>
						</line>
						<line number="85" hits="0" branch="true" condition-coverage="0% (0/2)">
							<conditions>
								<condition number="0" type="jump" coverage="0%"/>
							</conditions>
						</line>
						<line number="86" hits="0" branch="false"/>
						<line number="90" hits="0" branch="false"/>
						<line number="91" hits="0" branch="false"/>
						<line number="92" hits="0" branch="false"/>
						<line number="93" hits="0" branch="false"/>
						<line number="96" hits="0" branch="false"/>
						<line number="97" hits="0" branch="true" condition-coverage="0% (0/2)">
							<conditions>
								<condition number="0" type="jump" coverage="0%"/>
							</conditions>
						</line>
						<line number="98" hits="0" branch="false"/>
						<line number="101" hits="0" branch="false"/>
						<line number="102" hits="0" branch="false"/>
						<line number="103" hits="0" branch="false"/>
					</lines>
				</class>
				<class name="net.sereneproject.collector.web.ProbeController_Roo_Controller_Json" filename="net/sereneproject/collector/web/ProbeController_Roo_Controller_Json.aj" line-rate="0.0" branch-rate="0.0" complexity="0.0">
					<methods>
						<method name="&lt;clinit&gt;" signature="()V" line-rate="1.0" branch-rate="1.0">
							<lines>
							</lines>
						</method>
						<method name="&lt;init&gt;" signature="()V" line-rate="0.0" branch-rate="1.0">
							<lines>
								<line number="19" hits="0" branch="false"/>
							</lines>
						</method>
						<method name="ajc$interMethod$net_sereneproject_collector_web_ProbeController_Roo_Controller_Json$net_sereneproject_collector_web_ProbeController$createFromJson" signature="(Lnet/sereneproject/collector/web/ProbeController;Ljava/lang/String;)Lorg/springframework/http/ResponseEntity;" line-rate="0.0" branch-rate="1.0">
							<lines>
								<line number="44" hits="0" branch="false"/>
								<line number="45" hits="0" branch="false"/>
								<line number="46" hits="0" branch="false"/>
								<line number="47" hits="0" branch="false"/>
								<line number="48" hits="0" branch="false"/>
							</lines>
						</method>
						<method name="ajc$interMethod$net_sereneproject_collector_web_ProbeController_Roo_Controller_Json$net_sereneproject_collector_web_ProbeController$createFromJsonArray" signature="(Lnet/sereneproject/collector/web/ProbeController;Ljava/lang/String;)Lorg/springframework/http/ResponseEntity;" line-rate="0.0" branch-rate="0.0">
							<lines>
								<line number="53" hits="0" branch="true" condition-coverage="0% (0/2)">
									<conditions>
										<condition number="0" type="jump" coverage="0%"/>
									</conditions>
								</line>
								<line number="54" hits="0" branch="false"/>
								<line number="56" hits="0" branch="false"/>
								<line number="57" hits="0" branch="false"/>
								<line number="58" hits="0" branch="false"/>
							</lines>
						</method>
						<method name="ajc$interMethod$net_sereneproject_collector_web_ProbeController_Roo_Controller_Json$net_sereneproject_collector_web_ProbeController$deleteFromJson" signature="(Lnet/sereneproject/collector/web/ProbeController;Ljava/lang/Long;)Lorg/springframework/http/ResponseEntity;" line-rate="0.0" branch-rate="0.0">
							<lines>
								<line number="86" hits="0" branch="false"/>
								<line number="87" hits="0" branch="false"/>
								<line number="88" hits="0" branch="false"/>
								<line number="89" hits="0" branch="true" condition-coverage="0% (0/2)">
									<conditions>
										<condition number="0" type="jump" coverage="0%"/>
									</conditions>
								</line>
								<line number="90" hits="0" branch="false"/>
								<line number="92" hits="0" branch="false"/>
								<line number="93" hits="0" branch="false"/>
							</lines>
						</method>
						<method name="ajc$interMethod$net_sereneproject_collector_web_ProbeController_Roo_Controller_Json$net_sereneproject_collector_web_ProbeController$jsonFindProbesByUuidMostSigBitsEqualsAndUuidLeastSigBitsEquals" signature="(Lnet/sereneproject/collector/web/ProbeController;Ljava/lang/Long;Ljava/lang/Long;)Lorg/springframework/http/ResponseEntity;" line-rate="0.0" branch-rate="1.0">
							<lines>
								<line number="99" hits="0" branch="false"/>
								<line number="100" hits="0" branch="false"/>
								<line number="101" hits="0" branch="false"/>
							</lines>
						</method>
						<method name="ajc$interMethod$net_sereneproject_collector_web_ProbeController_Roo_Controller_Json$net_sereneproject_collector_web_ProbeController$listJson" signature="(Lnet/sereneproject/collector/web/ProbeController;)Lorg/springframework/http/ResponseEntity;" line-rate="0.0" branch-rate="1.0">
							<lines>
								<line number="36" hits="0" branch="false"/>
								<line number="37" hits="0" branch="false"/>
								<line number="38" hits="0" branch="false"/>
								<line number="39" hits="0" branch="false"/>
							</lines>
						</method>
						<method name="ajc$interMethod$net_sereneproject_collector_web_ProbeController_Roo_Controller_Json$net_sereneproject_collector_web_ProbeController$showJson" signature="(Lnet/sereneproject/collector/web/ProbeController;Ljava/lang/Long;)Lorg/springframework/http/ResponseEntity;" line-rate="0.0" branch-rate="0.0">
							<lines>
								<line number="24" hits="0" branch="false"/>
								<line number="25" hits="0" branch="false"/>
								<line number="26" hits="0" branch="false"/>
								<line number="27" hits="0" branch="true" condition-coverage="0% (0/2)">
									<conditions>
										<condition number="0" type="jump" coverage="0%"/>
									</conditions>
								</line>
								<line number="28" hits="0" branch="false"/>
								<line number="30" hits="0" branch="false"/>
							</lines>
						</method>
						<method name="ajc$interMethod$net_sereneproject_collector_web_ProbeController_Roo_Controller_Json$net_sereneproject_collector_web_ProbeController$updateFromJson" signature="(Lnet/sereneproject/collector/web/ProbeController;Ljava/lang/String;)Lorg/springframework/http/ResponseEntity;" line-rate="0.0" branch-rate="0.0">
							<lines>
								<line number="63" hits="0" branch="false"/>
								<line number="64" hits="0" branch="false"/>
								<line number="65" hits="0" branch="false"/>
								<line number="66" hits="0" branch="true" condition-coverage="0% (0/2)">
									<conditions>
										<condition number="0" type="jump" coverage="0%"/>
									</conditions>
								</line>
								<line number="67" hits="0" branch="false"/>
								<line number="69" hits="0" branch="false"/>
							</lines>
						</method>
						<method name="ajc$interMethod$net_sereneproject_collector_web_ProbeController_Roo_Controller_Json$net_sereneproject_collector_web_ProbeController$updateFromJsonArray" signature="(Lnet/sereneproject/collector/web/ProbeController;Ljava/lang/String;)Lorg/springframework/http/ResponseEntity;" line-rate="0.0" branch-rate="0.0">
							<lines>
								<line number="74" hits="0" branch="false"/>
								<line number="75" hits="0" branch="false"/>
								<line number="76" hits="0" branch="true" condition-coverage="0% (0/2)">
									<conditions>
										<condition number="0" type="jump" coverage="0%"/>
									</conditions>
								</line>
								<line number="77" hits="0" branch="true" condition-coverage="0% (0/2)">
									<conditions>
										<condition number="0" type="jump" coverage="0%"/>
									</conditions>
								</line>
								<line number="78" hits="0" branch="false"/>
								<line number="81" hits="0" branch="false"/>
							</lines>
						</method>
						<method name="ajc$postClinit" signature="()V" line-rate="0.0" branch-rate="0.0">
							<lines>
								<line number="1" hits="0" branch="true" condition-coverage="0% (0/2)">
									<conditions>
										<condition number="0" type="jump" coverage="0%"/>
									</conditions>
								</line>
							</lines>
						</method>
						<method name="aspectOf" signature="()Lnet/sereneproject/collector/web/ProbeController_Roo_Controller_Json;" line-rate="1.0" branch-rate="1.0">
							<lines>
							</lines>
						</method>
						<method name="hasAspect" signature="()Z" line-rate="1.0" branch-rate="1.0">
							<lines>
							</lines>
						</method>
					</methods>
					<lines>
						<line number="1" hits="0" branch="true" condition-coverage="0% (0/2)">
							<conditions>
								<condition number="0" type="jump" coverage="0%"/>
							</conditions>
						</line>
						<line number="19" hits="0" branch="false"/>
						<line number="24" hits="0" branch="false"/>
						<line number="25" hits="0" branch="false"/>
						<line number="26" hits="0" branch="false"/>
						<line number="27" hits="0" branch="true" condition-coverage="0% (0/2)">
							<conditions>
								<condition number="0" type="jump" coverage="0%"/>
							</conditions>
						</line>
						<line number="28" hits="0" branch="false"/>
						<line number="30" hits="0" branch="false"/>
						<line number="36" hits="0" branch="false"/>
						<line number="37" hits="0" branch="false"/>
						<line number="38" hits="0" branch="false"/>
						<line number="39" hits="0" branch="false"/>
						<line number="44" hits="0" branch="false"/>
						<line number="45" hits="0" branch="false"/>
						<line number="46" hits="0" branch="false"/>
						<line number="47" hits="0" branch="false"/>
						<line number="48" hits="0" branch="false"/>
						<line number="53" hits="0" branch="true" condition-coverage="0% (0/2)">
							<conditions>
								<condition number="0" type="jump" coverage="0%"/>
							</conditions>
						</line>
						<line number="54" hits="0" branch="false"/>
						<line number="56" hits="0" branch="false"/>
						<line number="57" hits="0" branch="false"/>
						<line number="58" hits="0" branch="false"/>
						<line number="63" hits="0" branch="false"/>
						<line number="64" hits="0" branch="false"/>
						<line number="65" hits="0" branch="false"/>
						<line number="66" hits="0" branch="true" condition-coverage="0% (0/2)">
							<conditions>
								<condition number="0" type="jump" coverage="0%"/>
							</conditions>
						</line>
						<line number="67" hits="0" branch="false"/>
						<line number="69" hits="0" branch="false"/>
						<line number="74" hits="0" branch="false"/>
						<line number="75" hits="0" branch="false"/>
						<line number="76" hits="0" branch="true" condition-coverage="0% (0/2)">
							<conditions>
								<condition number="0" type="jump" coverage="0%"/>
							</conditions>
						</line>
						<line number="77" hits="0" branch="true" condition-coverage="0% (0/2)">
							<conditions>
								<condition number="0" type="jump" coverage="0%"/>
							</conditions>
						</line>
						<line number="78" hits="0" branch="false"/>
						<line number="81" hits="0" branch="false"/>
						<line number="86" hits="0" branch="false"/>
						<line number="87" hits="0" branch="false"/>
						<line number="88" hits="0" branch="false"/>
						<line number="89" hits="0" branch="true" condition-coverage="0% (0/2)">
							<conditions>
								<condition number="0" type="jump" coverage="0%"/>
							</conditions>
						</line>
						<line number="90" hits="0" branch="false"/>
						<line number="92" hits="0" branch="false"/>
						<line number="93" hits="0" branch="false"/>
						<line number="99" hits="0" branch="false"/>
						<line number="100" hits="0" branch="false"/>
						<line number="101" hits="0" branch="false"/>
					</lines>
				</class>
				<class name="net.sereneproject.collector.web.package-info" filename="net/sereneproject/collector/web/package-info.java" line-rate="1.0" branch-rate="1.0" complexity="0.0">
					<methods>
					</methods>
					<lines>
					</lines>
				</class>
			</classes>
		</package>
		<package name="net.sereneproject.collector.web.utils" line-rate="0.4" branch-rate="1.0" complexity="1.0">
			<classes>
				<class name="net.sereneproject.collector.web.utils.ResourceAnchor" filename="net/sereneproject/collector/web/utils/ResourceAnchor.java" line-rate="0.0" branch-rate="1.0" complexity="0.0">
					<methods>
						<method name="&lt;init&gt;" signature="()V" line-rate="0.0" branch-rate="1.0">
							<lines>
								<line number="36" hits="0" branch="false"/>
							</lines>
						</method>
					</methods>
					<lines>
						<line number="36" hits="0" branch="false"/>
					</lines>
				</class>
				<class name="net.sereneproject.collector.web.utils.WebUtils" filename="net/sereneproject/collector/web/utils/WebUtils.java" line-rate="0.5" branch-rate="1.0" complexity="1.0">
					<methods>
						<method name="&lt;init&gt;" signature="()V" line-rate="0.0" branch-rate="1.0">
							<lines>
								<line number="45" hits="0" branch="false"/>
								<line number="46" hits="0" branch="false"/>
							</lines>
						</method>
						<method name="toJson" signature="(Lorg/springframework/validation/Errors;)Ljava/lang/String;" line-rate="1.0" branch-rate="1.0">
							<lines>
								<line number="58" hits="2" branch="false"/>
								<line number="59" hits="1" branch="false"/>
							</lines>
						</method>
					</methods>
					<lines>
						<line number="45" hits="0" branch="false"/>
						<line number="46" hits="0" branch="false"/>
						<line number="58" hits="2" branch="false"/>
						<line number="59" hits="1" branch="false"/>
					</lines>
				</class>
				<class name="net.sereneproject.collector.web.utils.package-info" filename="net/sereneproject/collector/web/utils/package-info.java" line-rate="1.0" branch-rate="1.0" complexity="0.0">
					<methods>
					</methods>
					<lines>
					</lines>
				</class>
			</classes>
		</package>
	</packages>
</coverage>
