<?xml version="1.0"?>
<!DOCTYPE coverage SYSTEM "http://cobertura.sourceforge.net/xml/coverage-04.dtd">

<coverage line-rate="0.2539912917271408" branch-rate="0.15184049079754602" lines-covered="350" lines-valid="1378" branches-covered="99" branches-valid="652" complexity="2.0892857142857144" version="1.9.4.1" timestamp="1330730435357">
	<sources>
		<source>--source</source>
		<source>/home/gehel/dev/loganalyzer/serene-collector/collector-webapp/src/main/aspect</source>
		<source>/home/gehel/dev/loganalyzer/serene-collector/collector-webapp/src/main/java</source>
	</sources>
	<packages>
		<package name="net.sereneproject.collector.domain" line-rate="0.30833333333333335" branch-rate="0.2215909090909091" complexity="2.0833333333333335">
			<classes>
				<class name="net.sereneproject.collector.domain.Plugin" filename="net/sereneproject/collector/domain/Plugin.java" line-rate="0.3333333333333333" branch-rate="0.5" complexity="4.0">
					<methods>
						<method name="&lt;clinit&gt;" signature="()V" line-rate="1.0" branch-rate="1.0">
							<lines>
							</lines>
						</method>
						<method name="&lt;init&gt;" signature="()V" line-rate="1.0" branch-rate="0.5">
							<lines>
								<line number="52" hits="1" branch="true" condition-coverage="50% (11/22)">
									<conditions>
										<condition number="0" type="jump" coverage="50%"/>
										<condition number="1" type="jump" coverage="50%"/>
										<condition number="2" type="jump" coverage="50%"/>
										<condition number="3" type="jump" coverage="50%"/>
										<condition number="4" type="jump" coverage="50%"/>
										<condition number="5" type="jump" coverage="50%"/>
										<condition number="6" type="jump" coverage="50%"/>
										<condition number="7" type="jump" coverage="50%"/>
										<condition number="8" type="jump" coverage="50%"/>
										<condition number="9" type="jump" coverage="50%"/>
										<condition number="10" type="jump" coverage="50%"/>
									</conditions>
								</line>
							</lines>
						</method>
						<method name="ajc$get$id" signature="(Lnet/sereneproject/collector/domain/Plugin;)Ljava/lang/Long;" line-rate="1.0" branch-rate="1.0">
							<lines>
							</lines>
						</method>
						<method name="ajc$get$probe" signature="(Lnet/sereneproject/collector/domain/Plugin;)Lnet/sereneproject/collector/domain/Probe;" line-rate="1.0" branch-rate="1.0">
							<lines>
							</lines>
						</method>
						<method name="ajc$get$savedState" signature="(Lnet/sereneproject/collector/domain/Plugin;)Ljava/lang/String;" line-rate="1.0" branch-rate="1.0">
							<lines>
							</lines>
						</method>
						<method name="ajc$get$status" signature="(Lnet/sereneproject/collector/domain/Plugin;)Ljava/lang/String;" line-rate="1.0" branch-rate="1.0">
							<lines>
							</lines>
						</method>
						<method name="ajc$get$url" signature="(Lnet/sereneproject/collector/domain/Plugin;)Ljava/lang/String;" line-rate="1.0" branch-rate="1.0">
							<lines>
							</lines>
						</method>
						<method name="ajc$get$version" signature="(Lnet/sereneproject/collector/domain/Plugin;)Ljava/lang/Integer;" line-rate="1.0" branch-rate="1.0">
							<lines>
							</lines>
						</method>
						<method name="ajc$preClinit" signature="()V" line-rate="1.0" branch-rate="1.0">
							<lines>
								<line number="1" hits="2" branch="false"/>
							</lines>
						</method>
						<method name="ajc$set$id" signature="(Lnet/sereneproject/collector/domain/Plugin;Ljava/lang/Long;)V" line-rate="1.0" branch-rate="1.0">
							<lines>
							</lines>
						</method>
						<method name="ajc$set$probe" signature="(Lnet/sereneproject/collector/domain/Plugin;Lnet/sereneproject/collector/domain/Probe;)V" line-rate="1.0" branch-rate="1.0">
							<lines>
							</lines>
						</method>
						<method name="ajc$set$savedState" signature="(Lnet/sereneproject/collector/domain/Plugin;Ljava/lang/String;)V" line-rate="1.0" branch-rate="1.0">
							<lines>
							</lines>
						</method>
						<method name="ajc$set$status" signature="(Lnet/sereneproject/collector/domain/Plugin;Ljava/lang/String;)V" line-rate="1.0" branch-rate="1.0">
							<lines>
							</lines>
						</method>
						<method name="ajc$set$url" signature="(Lnet/sereneproject/collector/domain/Plugin;Ljava/lang/String;)V" line-rate="1.0" branch-rate="1.0">
							<lines>
							</lines>
						</method>
						<method name="ajc$set$version" signature="(Lnet/sereneproject/collector/domain/Plugin;Ljava/lang/Integer;)V" line-rate="1.0" branch-rate="1.0">
							<lines>
							</lines>
						</method>
						<method name="clear" signature="()V" line-rate="1.0" branch-rate="1.0">
							<lines>
							</lines>
						</method>
						<method name="countPlugins" signature="()J" line-rate="1.0" branch-rate="1.0">
							<lines>
							</lines>
						</method>
						<method name="entityManager" signature="()Ljavax/persistence/EntityManager;" line-rate="1.0" branch-rate="1.0">
							<lines>
							</lines>
						</method>
						<method name="findAllPlugins" signature="()Ljava/util/List;" line-rate="1.0" branch-rate="1.0">
							<lines>
							</lines>
						</method>
						<method name="findPlugin" signature="(Ljava/lang/Long;)Lnet/sereneproject/collector/domain/Plugin;" line-rate="1.0" branch-rate="1.0">
							<lines>
							</lines>
						</method>
						<method name="findPluginEntries" signature="(II)Ljava/util/List;" line-rate="1.0" branch-rate="1.0">
							<lines>
							</lines>
						</method>
						<method name="flush" signature="()V" line-rate="1.0" branch-rate="1.0">
							<lines>
							</lines>
						</method>
						<method name="fromJsonArrayToPlugins" signature="(Ljava/lang/String;)Ljava/util/Collection;" line-rate="1.0" branch-rate="1.0">
							<lines>
							</lines>
						</method>
						<method name="fromJsonToPlugin" signature="(Ljava/lang/String;)Lnet/sereneproject/collector/domain/Plugin;" line-rate="1.0" branch-rate="1.0">
							<lines>
							</lines>
						</method>
						<method name="getId" signature="()Ljava/lang/Long;" line-rate="1.0" branch-rate="1.0">
							<lines>
							</lines>
						</method>
						<method name="getProbe" signature="()Lnet/sereneproject/collector/domain/Probe;" line-rate="1.0" branch-rate="1.0">
							<lines>
							</lines>
						</method>
						<method name="getSavedState" signature="()Ljava/lang/String;" line-rate="1.0" branch-rate="1.0">
							<lines>
							</lines>
						</method>
						<method name="getStatus" signature="()Ljava/lang/String;" line-rate="1.0" branch-rate="1.0">
							<lines>
							</lines>
						</method>
						<method name="getUri" signature="()Ljava/net/URI;" line-rate="0.0" branch-rate="1.0">
							<lines>
								<line number="85" hits="0" branch="false"/>
								<line number="86" hits="0" branch="false"/>
								<line number="87" hits="0" branch="false"/>
								<line number="88" hits="0" branch="false"/>
							</lines>
						</method>
						<method name="getUrl" signature="()Ljava/lang/String;" line-rate="1.0" branch-rate="1.0">
							<lines>
							</lines>
						</method>
						<method name="getVersion" signature="()Ljava/lang/Integer;" line-rate="1.0" branch-rate="1.0">
							<lines>
							</lines>
						</method>
						<method name="merge" signature="()Lnet/sereneproject/collector/domain/Plugin;" line-rate="1.0" branch-rate="1.0">
							<lines>
							</lines>
						</method>
						<method name="persist" signature="()V" line-rate="1.0" branch-rate="1.0">
							<lines>
							</lines>
						</method>
						<method name="remove" signature="()V" line-rate="1.0" branch-rate="1.0">
							<lines>
							</lines>
						</method>
						<method name="setId" signature="(Ljava/lang/Long;)V" line-rate="1.0" branch-rate="1.0">
							<lines>
							</lines>
						</method>
						<method name="setProbe" signature="(Lnet/sereneproject/collector/domain/Probe;)V" line-rate="1.0" branch-rate="1.0">
							<lines>
							</lines>
						</method>
						<method name="setSavedState" signature="(Ljava/lang/String;)V" line-rate="1.0" branch-rate="1.0">
							<lines>
							</lines>
						</method>
						<method name="setStatus" signature="(Ljava/lang/String;)V" line-rate="1.0" branch-rate="1.0">
							<lines>
							</lines>
						</method>
						<method name="setUrl" signature="(Ljava/lang/String;)V" line-rate="1.0" branch-rate="1.0">
							<lines>
							</lines>
						</method>
						<method name="setVersion" signature="(Ljava/lang/Integer;)V" line-rate="1.0" branch-rate="1.0">
							<lines>
							</lines>
						</method>
						<method name="toJson" signature="()Ljava/lang/String;" line-rate="1.0" branch-rate="1.0">
							<lines>
							</lines>
						</method>
						<method name="toJsonArray" signature="(Ljava/util/Collection;)Ljava/lang/String;" line-rate="1.0" branch-rate="1.0">
							<lines>
							</lines>
						</method>
						<method name="toString" signature="()Ljava/lang/String;" line-rate="1.0" branch-rate="1.0">
							<lines>
							</lines>
						</method>
					</methods>
					<lines>
						<line number="1" hits="2" branch="false"/>
						<line number="52" hits="1" branch="true" condition-coverage="50% (11/22)">
							<conditions>
								<condition number="0" type="jump" coverage="50%"/>
								<condition number="1" type="jump" coverage="50%"/>
								<condition number="2" type="jump" coverage="50%"/>
								<condition number="3" type="jump" coverage="50%"/>
								<condition number="4" type="jump" coverage="50%"/>
								<condition number="5" type="jump" coverage="50%"/>
								<condition number="6" type="jump" coverage="50%"/>
								<condition number="7" type="jump" coverage="50%"/>
								<condition number="8" type="jump" coverage="50%"/>
								<condition number="9" type="jump" coverage="50%"/>
								<condition number="10" type="jump" coverage="50%"/>
							</conditions>
						</line>
						<line number="85" hits="0" branch="false"/>
						<line number="86" hits="0" branch="false"/>
						<line number="87" hits="0" branch="false"/>
						<line number="88" hits="0" branch="false"/>
					</lines>
				</class>
				<class name="net.sereneproject.collector.domain.Plugin_Roo_Configurable" filename="net/sereneproject/collector/domain/Plugin_Roo_Configurable.aj" line-rate="0.0" branch-rate="0.0" complexity="0.0">
					<methods>
						<method name="&lt;clinit&gt;" signature="()V" line-rate="1.0" branch-rate="1.0">
							<lines>
							</lines>
						</method>
						<method name="&lt;init&gt;" signature="()V" line-rate="0.0" branch-rate="1.0">
							<lines>
								<line number="9" hits="0" branch="false"/>
							</lines>
						</method>
						<method name="ajc$declare_at_type_1" signature="()V" line-rate="0.0" branch-rate="1.0">
							<lines>
								<line number="11" hits="0" branch="false"/>
							</lines>
						</method>
						<method name="ajc$postClinit" signature="()V" line-rate="0.0" branch-rate="0.0">
							<lines>
								<line number="1" hits="0" branch="true" condition-coverage="0% (0/2)">
									<conditions>
										<condition number="0" type="jump" coverage="0%"/>
									</conditions>
								</line>
							</lines>
						</method>
						<method name="aspectOf" signature="()Lnet/sereneproject/collector/domain/Plugin_Roo_Configurable;" line-rate="1.0" branch-rate="1.0">
							<lines>
							</lines>
						</method>
						<method name="hasAspect" signature="()Z" line-rate="1.0" branch-rate="1.0">
							<lines>
							</lines>
						</method>
					</methods>
					<lines>
						<line number="1" hits="0" branch="true" condition-coverage="0% (0/2)">
							<conditions>
								<condition number="0" type="jump" coverage="0%"/>
							</conditions>
						</line>
						<line number="9" hits="0" branch="false"/>
						<line number="11" hits="0" branch="false"/>
					</lines>
				</class>
				<class name="net.sereneproject.collector.domain.Plugin_Roo_JavaBean" filename="net/sereneproject/collector/domain/Plugin_Roo_JavaBean.aj" line-rate="0.0" branch-rate="0.0" complexity="0.0">
					<methods>
						<method name="&lt;clinit&gt;" signature="()V" line-rate="1.0" branch-rate="1.0">
							<lines>
							</lines>
						</method>
						<method name="&lt;init&gt;" signature="()V" line-rate="0.0" branch-rate="1.0">
							<lines>
								<line number="9" hits="0" branch="false"/>
							</lines>
						</method>
						<method name="ajc$interMethod$net_sereneproject_collector_domain_Plugin_Roo_JavaBean$net_sereneproject_collector_domain_Plugin$getProbe" signature="(Lnet/sereneproject/collector/domain/Plugin;)Lnet/sereneproject/collector/domain/Probe;" line-rate="0.0" branch-rate="1.0">
							<lines>
								<line number="36" hits="0" branch="false"/>
							</lines>
						</method>
						<method name="ajc$interMethod$net_sereneproject_collector_domain_Plugin_Roo_JavaBean$net_sereneproject_collector_domain_Plugin$getSavedState" signature="(Lnet/sereneproject/collector/domain/Plugin;)Ljava/lang/String;" line-rate="0.0" branch-rate="1.0">
							<lines>
								<line number="20" hits="0" branch="false"/>
							</lines>
						</method>
						<method name="ajc$interMethod$net_sereneproject_collector_domain_Plugin_Roo_JavaBean$net_sereneproject_collector_domain_Plugin$getStatus" signature="(Lnet/sereneproject/collector/domain/Plugin;)Ljava/lang/String;" line-rate="0.0" branch-rate="1.0">
							<lines>
								<line number="28" hits="0" branch="false"/>
							</lines>
						</method>
						<method name="ajc$interMethod$net_sereneproject_collector_domain_Plugin_Roo_JavaBean$net_sereneproject_collector_domain_Plugin$getUrl" signature="(Lnet/sereneproject/collector/domain/Plugin;)Ljava/lang/String;" line-rate="0.0" branch-rate="1.0">
							<lines>
								<line number="12" hits="0" branch="false"/>
							</lines>
						</method>
						<method name="ajc$interMethod$net_sereneproject_collector_domain_Plugin_Roo_JavaBean$net_sereneproject_collector_domain_Plugin$setProbe" signature="(Lnet/sereneproject/collector/domain/Plugin;Lnet/sereneproject/collector/domain/Probe;)V" line-rate="0.0" branch-rate="1.0">
							<lines>
								<line number="40" hits="0" branch="false"/>
								<line number="41" hits="0" branch="false"/>
							</lines>
						</method>
						<method name="ajc$interMethod$net_sereneproject_collector_domain_Plugin_Roo_JavaBean$net_sereneproject_collector_domain_Plugin$setSavedState" signature="(Lnet/sereneproject/collector/domain/Plugin;Ljava/lang/String;)V" line-rate="0.0" branch-rate="1.0">
							<lines>
								<line number="24" hits="0" branch="false"/>
								<line number="25" hits="0" branch="false"/>
							</lines>
						</method>
						<method name="ajc$interMethod$net_sereneproject_collector_domain_Plugin_Roo_JavaBean$net_sereneproject_collector_domain_Plugin$setStatus" signature="(Lnet/sereneproject/collector/domain/Plugin;Ljava/lang/String;)V" line-rate="0.0" branch-rate="1.0">
							<lines>
								<line number="32" hits="0" branch="false"/>
								<line number="33" hits="0" branch="false"/>
							</lines>
						</method>
						<method name="ajc$interMethod$net_sereneproject_collector_domain_Plugin_Roo_JavaBean$net_sereneproject_collector_domain_Plugin$setUrl" signature="(Lnet/sereneproject/collector/domain/Plugin;Ljava/lang/String;)V" line-rate="0.0" branch-rate="1.0">
							<lines>
								<line number="16" hits="0" branch="false"/>
								<line number="17" hits="0" branch="false"/>
							</lines>
						</method>
						<method name="ajc$postClinit" signature="()V" line-rate="0.0" branch-rate="0.0">
							<lines>
								<line number="1" hits="0" branch="true" condition-coverage="0% (0/2)">
									<conditions>
										<condition number="0" type="jump" coverage="0%"/>
									</conditions>
								</line>
							</lines>
						</method>
						<method name="aspectOf" signature="()Lnet/sereneproject/collector/domain/Plugin_Roo_JavaBean;" line-rate="1.0" branch-rate="1.0">
							<lines>
							</lines>
						</method>
						<method name="hasAspect" signature="()Z" line-rate="1.0" branch-rate="1.0">
							<lines>
							</lines>
						</method>
					</methods>
					<lines>
						<line number="1" hits="0" branch="true" condition-coverage="0% (0/2)">
							<conditions>
								<condition number="0" type="jump" coverage="0%"/>
							</conditions>
						</line>
						<line number="9" hits="0" branch="false"/>
						<line number="12" hits="0" branch="false"/>
						<line number="16" hits="0" branch="false"/>
						<line number="17" hits="0" branch="false"/>
						<line number="20" hits="0" branch="false"/>
						<line number="24" hits="0" branch="false"/>
						<line number="25" hits="0" branch="false"/>
						<line number="28" hits="0" branch="false"/>
						<line number="32" hits="0" branch="false"/>
						<line number="33" hits="0" branch="false"/>
						<line number="36" hits="0" branch="false"/>
						<line number="40" hits="0" branch="false"/>
						<line number="41" hits="0" branch="false"/>
					</lines>
				</class>
				<class name="net.sereneproject.collector.domain.Plugin_Roo_Jpa_ActiveRecord" filename="net/sereneproject/collector/domain/Plugin_Roo_Jpa_ActiveRecord.aj" line-rate="0.08823529411764706" branch-rate="0.0" complexity="0.0">
					<methods>
						<method name="&lt;clinit&gt;" signature="()V" line-rate="1.0" branch-rate="1.0">
							<lines>
							</lines>
						</method>
						<method name="&lt;init&gt;" signature="()V" line-rate="1.0" branch-rate="1.0">
							<lines>
								<line number="12" hits="2" branch="false"/>
							</lines>
						</method>
						<method name="ajc$interFieldInit$net_sereneproject_collector_domain_Plugin_Roo_Jpa_ActiveRecord$net_sereneproject_collector_domain_Plugin$entityManager" signature="(Lnet/sereneproject/collector/domain/Plugin;)V" line-rate="1.0" branch-rate="1.0">
							<lines>
								<line number="15" hits="1" branch="false"/>
							</lines>
						</method>
						<method name="ajc$interMethod$net_sereneproject_collector_domain_Plugin_Roo_Jpa_ActiveRecord$net_sereneproject_collector_domain_Plugin$clear" signature="(Lnet/sereneproject/collector/domain/Plugin;)V" line-rate="0.0" branch-rate="0.0">
							<lines>
								<line number="65" hits="0" branch="true" condition-coverage="0% (0/2)">
									<conditions>
										<condition number="0" type="jump" coverage="0%"/>
									</conditions>
								</line>
								<line number="66" hits="0" branch="false"/>
								<line number="67" hits="0" branch="false"/>
							</lines>
						</method>
						<method name="ajc$interMethod$net_sereneproject_collector_domain_Plugin_Roo_Jpa_ActiveRecord$net_sereneproject_collector_domain_Plugin$countPlugins" signature="()J" line-rate="1.0" branch-rate="1.0">
							<lines>
							</lines>
						</method>
						<method name="ajc$interMethod$net_sereneproject_collector_domain_Plugin_Roo_Jpa_ActiveRecord$net_sereneproject_collector_domain_Plugin$entityManager" signature="()Ljavax/persistence/EntityManager;" line-rate="1.0" branch-rate="1.0">
							<lines>
							</lines>
						</method>
						<method name="ajc$interMethod$net_sereneproject_collector_domain_Plugin_Roo_Jpa_ActiveRecord$net_sereneproject_collector_domain_Plugin$findAllPlugins" signature="()Ljava/util/List;" line-rate="1.0" branch-rate="1.0">
							<lines>
							</lines>
						</method>
						<method name="ajc$interMethod$net_sereneproject_collector_domain_Plugin_Roo_Jpa_ActiveRecord$net_sereneproject_collector_domain_Plugin$findPlugin" signature="(Ljava/lang/Long;)Lnet/sereneproject/collector/domain/Plugin;" line-rate="1.0" branch-rate="1.0">
							<lines>
							</lines>
						</method>
						<method name="ajc$interMethod$net_sereneproject_collector_domain_Plugin_Roo_Jpa_ActiveRecord$net_sereneproject_collector_domain_Plugin$findPluginEntries" signature="(II)Ljava/util/List;" line-rate="1.0" branch-rate="1.0">
							<lines>
							</lines>
						</method>
						<method name="ajc$interMethod$net_sereneproject_collector_domain_Plugin_Roo_Jpa_ActiveRecord$net_sereneproject_collector_domain_Plugin$flush" signature="(Lnet/sereneproject/collector/domain/Plugin;)V" line-rate="0.0" branch-rate="0.0">
							<lines>
								<line number="59" hits="0" branch="true" condition-coverage="0% (0/2)">
									<conditions>
										<condition number="0" type="jump" coverage="0%"/>
									</conditions>
								</line>
								<line number="60" hits="0" branch="false"/>
								<line number="61" hits="0" branch="false"/>
							</lines>
						</method>
						<method name="ajc$interMethod$net_sereneproject_collector_domain_Plugin_Roo_Jpa_ActiveRecord$net_sereneproject_collector_domain_Plugin$merge" signature="(Lnet/sereneproject/collector/domain/Plugin;)Lnet/sereneproject/collector/domain/Plugin;" line-rate="0.0" branch-rate="0.0">
							<lines>
								<line number="71" hits="0" branch="true" condition-coverage="0% (0/2)">
									<conditions>
										<condition number="0" type="jump" coverage="0%"/>
									</conditions>
								</line>
								<line number="72" hits="0" branch="false"/>
								<line number="73" hits="0" branch="false"/>
								<line number="74" hits="0" branch="false"/>
							</lines>
						</method>
						<method name="ajc$interMethod$net_sereneproject_collector_domain_Plugin_Roo_Jpa_ActiveRecord$net_sereneproject_collector_domain_Plugin$persist" signature="(Lnet/sereneproject/collector/domain/Plugin;)V" line-rate="0.0" branch-rate="0.0">
							<lines>
								<line number="42" hits="0" branch="true" condition-coverage="0% (0/2)">
									<conditions>
										<condition number="0" type="jump" coverage="0%"/>
									</conditions>
								</line>
								<line number="43" hits="0" branch="false"/>
								<line number="44" hits="0" branch="false"/>
							</lines>
						</method>
						<method name="ajc$interMethod$net_sereneproject_collector_domain_Plugin_Roo_Jpa_ActiveRecord$net_sereneproject_collector_domain_Plugin$remove" signature="(Lnet/sereneproject/collector/domain/Plugin;)V" line-rate="0.0" branch-rate="0.0">
							<lines>
								<line number="48" hits="0" branch="true" condition-coverage="0% (0/2)">
									<conditions>
										<condition number="0" type="jump" coverage="0%"/>
									</conditions>
								</line>
								<line number="49" hits="0" branch="true" condition-coverage="0% (0/2)">
									<conditions>
										<condition number="0" type="jump" coverage="0%"/>
									</conditions>
								</line>
								<line number="50" hits="0" branch="false"/>
								<line number="52" hits="0" branch="false"/>
								<line number="53" hits="0" branch="false"/>
								<line number="55" hits="0" branch="false"/>
							</lines>
						</method>
						<method name="ajc$postClinit" signature="()V" line-rate="1.0" branch-rate="1.0">
							<lines>
							</lines>
						</method>
						<method name="ajc$preClinit" signature="()V" line-rate="1.0" branch-rate="0.0">
							<lines>
								<line number="1" hits="2" branch="true" condition-coverage="0% (0/4)">
									<conditions>
										<condition number="0" type="jump" coverage="0%"/>
										<condition number="1" type="jump" coverage="0%"/>
									</conditions>
								</line>
							</lines>
						</method>
						<method name="aspectOf" signature="()Lnet/sereneproject/collector/domain/Plugin_Roo_Jpa_ActiveRecord;" line-rate="1.0" branch-rate="1.0">
							<lines>
							</lines>
						</method>
						<method name="countPlugins_aroundBody2" signature="(Lorg/aspectj/lang/JoinPoint;)J" line-rate="0.0" branch-rate="1.0">
							<lines>
								<line number="24" hits="0" branch="false"/>
							</lines>
						</method>
						<method name="countPlugins_aroundBody3$advice" signature="(Lorg/aspectj/lang/JoinPoint;Lorg/springframework/mock/staticmock/AbstractMethodMockingControl;Lorg/aspectj/runtime/internal/AroundClosure;Lorg/aspectj/lang/JoinPoint$StaticPart;Lorg/aspectj/lang/JoinPoint;)Ljava/lang/Object;" line-rate="1.0" branch-rate="1.0">
							<lines>
							</lines>
						</method>
						<method name="entityManager_aroundBody0" signature="(Lorg/aspectj/lang/JoinPoint;)Ljavax/persistence/EntityManager;" line-rate="0.0" branch-rate="0.0">
							<lines>
								<line number="18" hits="0" branch="false"/>
								<line number="19" hits="0" branch="true" condition-coverage="0% (0/2)">
									<conditions>
										<condition number="0" type="jump" coverage="0%"/>
									</conditions>
								</line>
								<line number="20" hits="0" branch="false"/>
							</lines>
						</method>
						<method name="entityManager_aroundBody1$advice" signature="(Lorg/aspectj/lang/JoinPoint;Lorg/springframework/mock/staticmock/AbstractMethodMockingControl;Lorg/aspectj/runtime/internal/AroundClosure;Lorg/aspectj/lang/JoinPoint$StaticPart;Lorg/aspectj/lang/JoinPoint;)Ljava/lang/Object;" line-rate="1.0" branch-rate="1.0">
							<lines>
							</lines>
						</method>
						<method name="findAllPlugins_aroundBody4" signature="(Lorg/aspectj/lang/JoinPoint;)Ljava/util/List;" line-rate="0.0" branch-rate="1.0">
							<lines>
								<line number="28" hits="0" branch="false"/>
							</lines>
						</method>
						<method name="findAllPlugins_aroundBody5$advice" signature="(Lorg/aspectj/lang/JoinPoint;Lorg/springframework/mock/staticmock/AbstractMethodMockingControl;Lorg/aspectj/runtime/internal/AroundClosure;Lorg/aspectj/lang/JoinPoint$StaticPart;Lorg/aspectj/lang/JoinPoint;)Ljava/lang/Object;" line-rate="1.0" branch-rate="1.0">
							<lines>
							</lines>
						</method>
						<method name="findPluginEntries_aroundBody8" signature="(IILorg/aspectj/lang/JoinPoint;)Ljava/util/List;" line-rate="0.0" branch-rate="1.0">
							<lines>
								<line number="37" hits="0" branch="false"/>
							</lines>
						</method>
						<method name="findPluginEntries_aroundBody9$advice" signature="(IILorg/aspectj/lang/JoinPoint;Lorg/springframework/mock/staticmock/AbstractMethodMockingControl;Lorg/aspectj/runtime/internal/AroundClosure;Lorg/aspectj/lang/JoinPoint$StaticPart;Lorg/aspectj/lang/JoinPoint;)Ljava/lang/Object;" line-rate="0.0" branch-rate="0.0">
							<lines>
								<line number="170" hits="0" branch="true" condition-coverage="0% (0/2)">
									<conditions>
										<condition number="0" type="jump" coverage="0%"/>
									</conditions>
								</line>
								<line number="171" hits="0" branch="false"/>
								<line number="173" hits="0" branch="false"/>
								<line number="175" hits="0" branch="false"/>
							</lines>
						</method>
						<method name="findPlugin_aroundBody6" signature="(Ljava/lang/Long;Lorg/aspectj/lang/JoinPoint;)Lnet/sereneproject/collector/domain/Plugin;" line-rate="0.0" branch-rate="0.0">
							<lines>
								<line number="32" hits="0" branch="true" condition-coverage="0% (0/2)">
									<conditions>
										<condition number="0" type="jump" coverage="0%"/>
									</conditions>
								</line>
								<line number="33" hits="0" branch="false"/>
							</lines>
						</method>
						<method name="findPlugin_aroundBody7$advice" signature="(Ljava/lang/Long;Lorg/aspectj/lang/JoinPoint;Lorg/springframework/mock/staticmock/AbstractMethodMockingControl;Lorg/aspectj/runtime/internal/AroundClosure;Lorg/aspectj/lang/JoinPoint$StaticPart;Lorg/aspectj/lang/JoinPoint;)Ljava/lang/Object;" line-rate="1.0" branch-rate="1.0">
							<lines>
							</lines>
						</method>
						<method name="hasAspect" signature="()Z" line-rate="1.0" branch-rate="1.0">
							<lines>
							</lines>
						</method>
					</methods>
					<lines>
						<line number="1" hits="2" branch="true" condition-coverage="0% (0/4)">
							<conditions>
								<condition number="0" type="jump" coverage="0%"/>
								<condition number="1" type="jump" coverage="0%"/>
							</conditions>
						</line>
						<line number="12" hits="2" branch="false"/>
						<line number="15" hits="1" branch="false"/>
						<line number="18" hits="0" branch="false"/>
						<line number="19" hits="0" branch="true" condition-coverage="0% (0/2)">
							<conditions>
								<condition number="0" type="jump" coverage="0%"/>
							</conditions>
						</line>
						<line number="20" hits="0" branch="false"/>
						<line number="24" hits="0" branch="false"/>
						<line number="28" hits="0" branch="false"/>
						<line number="32" hits="0" branch="true" condition-coverage="0% (0/2)">
							<conditions>
								<condition number="0" type="jump" coverage="0%"/>
							</conditions>
						</line>
						<line number="33" hits="0" branch="false"/>
						<line number="37" hits="0" branch="false"/>
						<line number="42" hits="0" branch="true" condition-coverage="0% (0/2)">
							<conditions>
								<condition number="0" type="jump" coverage="0%"/>
							</conditions>
						</line>
						<line number="43" hits="0" branch="false"/>
						<line number="44" hits="0" branch="false"/>
						<line number="48" hits="0" branch="true" condition-coverage="0% (0/2)">
							<conditions>
								<condition number="0" type="jump" coverage="0%"/>
							</conditions>
						</line>
						<line number="49" hits="0" branch="true" condition-coverage="0% (0/2)">
							<conditions>
								<condition number="0" type="jump" coverage="0%"/>
							</conditions>
						</line>
						<line number="50" hits="0" branch="false"/>
						<line number="52" hits="0" branch="false"/>
						<line number="53" hits="0" branch="false"/>
						<line number="55" hits="0" branch="false"/>
						<line number="59" hits="0" branch="true" condition-coverage="0% (0/2)">
							<conditions>
								<condition number="0" type="jump" coverage="0%"/>
							</conditions>
						</line>
						<line number="60" hits="0" branch="false"/>
						<line number="61" hits="0" branch="false"/>
						<line number="65" hits="0" branch="true" condition-coverage="0% (0/2)">
							<conditions>
								<condition number="0" type="jump" coverage="0%"/>
							</conditions>
						</line>
						<line number="66" hits="0" branch="false"/>
						<line number="67" hits="0" branch="false"/>
						<line number="71" hits="0" branch="true" condition-coverage="0% (0/2)">
							<conditions>
								<condition number="0" type="jump" coverage="0%"/>
							</conditions>
						</line>
						<line number="72" hits="0" branch="false"/>
						<line number="73" hits="0" branch="false"/>
						<line number="74" hits="0" branch="false"/>
						<line number="170" hits="0" branch="true" condition-coverage="0% (0/2)">
							<conditions>
								<condition number="0" type="jump" coverage="0%"/>
							</conditions>
						</line>
						<line number="171" hits="0" branch="false"/>
						<line number="173" hits="0" branch="false"/>
						<line number="175" hits="0" branch="false"/>
					</lines>
				</class>
				<class name="net.sereneproject.collector.domain.Plugin_Roo_Jpa_Entity" filename="net/sereneproject/collector/domain/Plugin_Roo_Jpa_Entity.aj" line-rate="0.36363636363636365" branch-rate="0.0" complexity="0.0">
					<methods>
						<method name="&lt;clinit&gt;" signature="()V" line-rate="1.0" branch-rate="1.0">
							<lines>
							</lines>
						</method>
						<method name="&lt;init&gt;" signature="()V" line-rate="1.0" branch-rate="1.0">
							<lines>
								<line number="14" hits="2" branch="false"/>
							</lines>
						</method>
						<method name="ajc$declare_at_type_1" signature="()V" line-rate="0.0" branch-rate="1.0">
							<lines>
								<line number="16" hits="0" branch="false"/>
							</lines>
						</method>
						<method name="ajc$interFieldInit$net_sereneproject_collector_domain_Plugin_Roo_Jpa_Entity$net_sereneproject_collector_domain_Plugin$id" signature="(Lnet/sereneproject/collector/domain/Plugin;)V" line-rate="1.0" branch-rate="1.0">
							<lines>
								<line number="21" hits="1" branch="false"/>
							</lines>
						</method>
						<method name="ajc$interFieldInit$net_sereneproject_collector_domain_Plugin_Roo_Jpa_Entity$net_sereneproject_collector_domain_Plugin$version" signature="(Lnet/sereneproject/collector/domain/Plugin;)V" line-rate="1.0" branch-rate="1.0">
							<lines>
								<line number="25" hits="1" branch="false"/>
							</lines>
						</method>
						<method name="ajc$interMethod$net_sereneproject_collector_domain_Plugin_Roo_Jpa_Entity$net_sereneproject_collector_domain_Plugin$getId" signature="(Lnet/sereneproject/collector/domain/Plugin;)Ljava/lang/Long;" line-rate="0.0" branch-rate="1.0">
							<lines>
								<line number="28" hits="0" branch="false"/>
							</lines>
						</method>
						<method name="ajc$interMethod$net_sereneproject_collector_domain_Plugin_Roo_Jpa_Entity$net_sereneproject_collector_domain_Plugin$getVersion" signature="(Lnet/sereneproject/collector/domain/Plugin;)Ljava/lang/Integer;" line-rate="0.0" branch-rate="1.0">
							<lines>
								<line number="36" hits="0" branch="false"/>
							</lines>
						</method>
						<method name="ajc$interMethod$net_sereneproject_collector_domain_Plugin_Roo_Jpa_Entity$net_sereneproject_collector_domain_Plugin$setId" signature="(Lnet/sereneproject/collector/domain/Plugin;Ljava/lang/Long;)V" line-rate="0.0" branch-rate="1.0">
							<lines>
								<line number="32" hits="0" branch="false"/>
								<line number="33" hits="0" branch="false"/>
							</lines>
						</method>
						<method name="ajc$interMethod$net_sereneproject_collector_domain_Plugin_Roo_Jpa_Entity$net_sereneproject_collector_domain_Plugin$setVersion" signature="(Lnet/sereneproject/collector/domain/Plugin;Ljava/lang/Integer;)V" line-rate="0.0" branch-rate="1.0">
							<lines>
								<line number="40" hits="0" branch="false"/>
								<line number="41" hits="0" branch="false"/>
							</lines>
						</method>
						<method name="ajc$postClinit" signature="()V" line-rate="1.0" branch-rate="0.0">
							<lines>
								<line number="1" hits="1" branch="true" condition-coverage="0% (0/2)">
									<conditions>
										<condition number="0" type="jump" coverage="0%"/>
									</conditions>
								</line>
							</lines>
						</method>
						<method name="aspectOf" signature="()Lnet/sereneproject/collector/domain/Plugin_Roo_Jpa_Entity;" line-rate="1.0" branch-rate="1.0">
							<lines>
							</lines>
						</method>
						<method name="hasAspect" signature="()Z" line-rate="1.0" branch-rate="1.0">
							<lines>
							</lines>
						</method>
					</methods>
					<lines>
						<line number="1" hits="1" branch="true" condition-coverage="0% (0/2)">
							<conditions>
								<condition number="0" type="jump" coverage="0%"/>
							</conditions>
						</line>
						<line number="14" hits="2" branch="false"/>
						<line number="16" hits="0" branch="false"/>
						<line number="21" hits="1" branch="false"/>
						<line number="25" hits="1" branch="false"/>
						<line number="28" hits="0" branch="false"/>
						<line number="32" hits="0" branch="false"/>
						<line number="33" hits="0" branch="false"/>
						<line number="36" hits="0" branch="false"/>
						<line number="40" hits="0" branch="false"/>
						<line number="41" hits="0" branch="false"/>
					</lines>
				</class>
				<class name="net.sereneproject.collector.domain.Plugin_Roo_Json" filename="net/sereneproject/collector/domain/Plugin_Roo_Json.aj" line-rate="0.0" branch-rate="0.0" complexity="0.0">
					<methods>
						<method name="&lt;clinit&gt;" signature="()V" line-rate="1.0" branch-rate="1.0">
							<lines>
							</lines>
						</method>
						<method name="&lt;init&gt;" signature="()V" line-rate="0.0" branch-rate="1.0">
							<lines>
								<line number="13" hits="0" branch="false"/>
							</lines>
						</method>
						<method name="ajc$interMethod$net_sereneproject_collector_domain_Plugin_Roo_Json$net_sereneproject_collector_domain_Plugin$fromJsonArrayToPlugins" signature="(Ljava/lang/String;)Ljava/util/Collection;" line-rate="1.0" branch-rate="1.0">
							<lines>
							</lines>
						</method>
						<method name="ajc$interMethod$net_sereneproject_collector_domain_Plugin_Roo_Json$net_sereneproject_collector_domain_Plugin$fromJsonToPlugin" signature="(Ljava/lang/String;)Lnet/sereneproject/collector/domain/Plugin;" line-rate="1.0" branch-rate="1.0">
							<lines>
							</lines>
						</method>
						<method name="ajc$interMethod$net_sereneproject_collector_domain_Plugin_Roo_Json$net_sereneproject_collector_domain_Plugin$toJson" signature="(Lnet/sereneproject/collector/domain/Plugin;)Ljava/lang/String;" line-rate="0.0" branch-rate="1.0">
							<lines>
								<line number="16" hits="0" branch="false"/>
							</lines>
						</method>
						<method name="ajc$interMethod$net_sereneproject_collector_domain_Plugin_Roo_Json$net_sereneproject_collector_domain_Plugin$toJsonArray" signature="(Ljava/util/Collection;)Ljava/lang/String;" line-rate="1.0" branch-rate="1.0">
							<lines>
							</lines>
						</method>
						<method name="ajc$postClinit" signature="()V" line-rate="1.0" branch-rate="1.0">
							<lines>
							</lines>
						</method>
						<method name="ajc$preClinit" signature="()V" line-rate="0.0" branch-rate="0.0">
							<lines>
								<line number="1" hits="0" branch="true" condition-coverage="0% (0/4)">
									<conditions>
										<condition number="0" type="jump" coverage="0%"/>
										<condition number="1" type="jump" coverage="0%"/>
									</conditions>
								</line>
							</lines>
						</method>
						<method name="aspectOf" signature="()Lnet/sereneproject/collector/domain/Plugin_Roo_Json;" line-rate="1.0" branch-rate="1.0">
							<lines>
							</lines>
						</method>
						<method name="fromJsonArrayToPlugins_aroundBody4" signature="(Ljava/lang/String;Lorg/aspectj/lang/JoinPoint;)Ljava/util/Collection;" line-rate="0.0" branch-rate="1.0">
							<lines>
								<line number="28" hits="0" branch="false"/>
							</lines>
						</method>
						<method name="fromJsonArrayToPlugins_aroundBody5$advice" signature="(Ljava/lang/String;Lorg/aspectj/lang/JoinPoint;Lorg/springframework/mock/staticmock/AbstractMethodMockingControl;Lorg/aspectj/runtime/internal/AroundClosure;Lorg/aspectj/lang/JoinPoint$StaticPart;Lorg/aspectj/lang/JoinPoint;)Ljava/lang/Object;" line-rate="0.0" branch-rate="0.0">
							<lines>
								<line number="170" hits="0" branch="true" condition-coverage="0% (0/2)">
									<conditions>
										<condition number="0" type="jump" coverage="0%"/>
									</conditions>
								</line>
								<line number="171" hits="0" branch="false"/>
								<line number="173" hits="0" branch="false"/>
								<line number="175" hits="0" branch="false"/>
							</lines>
						</method>
						<method name="fromJsonToPlugin_aroundBody0" signature="(Ljava/lang/String;Lorg/aspectj/lang/JoinPoint;)Lnet/sereneproject/collector/domain/Plugin;" line-rate="0.0" branch-rate="1.0">
							<lines>
								<line number="20" hits="0" branch="false"/>
							</lines>
						</method>
						<method name="fromJsonToPlugin_aroundBody1$advice" signature="(Ljava/lang/String;Lorg/aspectj/lang/JoinPoint;Lorg/springframework/mock/staticmock/AbstractMethodMockingControl;Lorg/aspectj/runtime/internal/AroundClosure;Lorg/aspectj/lang/JoinPoint$StaticPart;Lorg/aspectj/lang/JoinPoint;)Ljava/lang/Object;" line-rate="1.0" branch-rate="1.0">
							<lines>
							</lines>
						</method>
						<method name="hasAspect" signature="()Z" line-rate="1.0" branch-rate="1.0">
							<lines>
							</lines>
						</method>
						<method name="toJsonArray_aroundBody2" signature="(Ljava/util/Collection;Lorg/aspectj/lang/JoinPoint;)Ljava/lang/String;" line-rate="0.0" branch-rate="1.0">
							<lines>
								<line number="24" hits="0" branch="false"/>
							</lines>
						</method>
						<method name="toJsonArray_aroundBody3$advice" signature="(Ljava/util/Collection;Lorg/aspectj/lang/JoinPoint;Lorg/springframework/mock/staticmock/AbstractMethodMockingControl;Lorg/aspectj/runtime/internal/AroundClosure;Lorg/aspectj/lang/JoinPoint$StaticPart;Lorg/aspectj/lang/JoinPoint;)Ljava/lang/Object;" line-rate="1.0" branch-rate="1.0">
							<lines>
							</lines>
						</method>
					</methods>
					<lines>
						<line number="1" hits="0" branch="true" condition-coverage="0% (0/4)">
							<conditions>
								<condition number="0" type="jump" coverage="0%"/>
								<condition number="1" type="jump" coverage="0%"/>
							</conditions>
						</line>
						<line number="13" hits="0" branch="false"/>
						<line number="16" hits="0" branch="false"/>
						<line number="20" hits="0" branch="false"/>
						<line number="24" hits="0" branch="false"/>
						<line number="28" hits="0" branch="false"/>
						<line number="170" hits="0" branch="true" condition-coverage="0% (0/2)">
							<conditions>
								<condition number="0" type="jump" coverage="0%"/>
							</conditions>
						</line>
						<line number="171" hits="0" branch="false"/>
						<line number="173" hits="0" branch="false"/>
						<line number="175" hits="0" branch="false"/>
					</lines>
				</class>
				<class name="net.sereneproject.collector.domain.Plugin_Roo_ToString" filename="net/sereneproject/collector/domain/Plugin_Roo_ToString.aj" line-rate="0.0" branch-rate="0.0" complexity="0.0">
					<methods>
						<method name="&lt;clinit&gt;" signature="()V" line-rate="1.0" branch-rate="1.0">
							<lines>
							</lines>
						</method>
						<method name="&lt;init&gt;" signature="()V" line-rate="0.0" branch-rate="1.0">
							<lines>
								<line number="10" hits="0" branch="false"/>
							</lines>
						</method>
						<method name="ajc$interMethod$net_sereneproject_collector_domain_Plugin_Roo_ToString$net_sereneproject_collector_domain_Plugin$toString" signature="(Lnet/sereneproject/collector/domain/Plugin;)Ljava/lang/String;" line-rate="0.0" branch-rate="1.0">
							<lines>
								<line number="13" hits="0" branch="false"/>
							</lines>
						</method>
						<method name="ajc$postClinit" signature="()V" line-rate="0.0" branch-rate="0.0">
							<lines>
								<line number="1" hits="0" branch="true" condition-coverage="0% (0/2)">
									<conditions>
										<condition number="0" type="jump" coverage="0%"/>
									</conditions>
								</line>
							</lines>
						</method>
						<method name="aspectOf" signature="()Lnet/sereneproject/collector/domain/Plugin_Roo_ToString;" line-rate="1.0" branch-rate="1.0">
							<lines>
							</lines>
						</method>
						<method name="hasAspect" signature="()Z" line-rate="1.0" branch-rate="1.0">
							<lines>
							</lines>
						</method>
					</methods>
					<lines>
						<line number="1" hits="0" branch="true" condition-coverage="0% (0/2)">
							<conditions>
								<condition number="0" type="jump" coverage="0%"/>
							</conditions>
						</line>
						<line number="10" hits="0" branch="false"/>
						<line number="13" hits="0" branch="false"/>
					</lines>
				</class>
				<class name="net.sereneproject.collector.domain.Probe" filename="net/sereneproject/collector/domain/Probe.java" line-rate="0.6363636363636364" branch-rate="0.42857142857142855" complexity="1.8">
					<methods>
						<method name="&lt;clinit&gt;" signature="()V" line-rate="1.0" branch-rate="1.0">
							<lines>
							</lines>
						</method>
						<method name="&lt;init&gt;" signature="()V" line-rate="1.0" branch-rate="0.5">
							<lines>
								<line number="57" hits="10" branch="true" condition-coverage="50% (9/18)">
									<conditions>
										<condition number="0" type="jump" coverage="50%"/>
										<condition number="1" type="jump" coverage="50%"/>
										<condition number="2" type="jump" coverage="50%"/>
										<condition number="3" type="jump" coverage="50%"/>
										<condition number="4" type="jump" coverage="50%"/>
										<condition number="5" type="jump" coverage="50%"/>
										<condition number="6" type="jump" coverage="50%"/>
										<condition number="7" type="jump" coverage="50%"/>
										<condition number="8" type="jump" coverage="50%"/>
									</conditions>
								</line>
								<line number="91" hits="5" branch="false"/>
							</lines>
						</method>
						<method name="ajc$get$id" signature="(Lnet/sereneproject/collector/domain/Probe;)Ljava/lang/Long;" line-rate="1.0" branch-rate="1.0">
							<lines>
							</lines>
						</method>
						<method name="ajc$get$name" signature="(Lnet/sereneproject/collector/domain/Probe;)Ljava/lang/String;" line-rate="1.0" branch-rate="1.0">
							<lines>
							</lines>
						</method>
						<method name="ajc$get$plugins" signature="(Lnet/sereneproject/collector/domain/Probe;)Ljava/util/Set;" line-rate="1.0" branch-rate="1.0">
							<lines>
							</lines>
						</method>
						<method name="ajc$get$server" signature="(Lnet/sereneproject/collector/domain/Probe;)Lnet/sereneproject/collector/domain/Server;" line-rate="1.0" branch-rate="1.0">
							<lines>
							</lines>
						</method>
						<method name="ajc$get$uuidLeastSigBits" signature="(Lnet/sereneproject/collector/domain/Probe;)Ljava/lang/Long;" line-rate="1.0" branch-rate="1.0">
							<lines>
							</lines>
						</method>
						<method name="ajc$get$uuidMostSigBits" signature="(Lnet/sereneproject/collector/domain/Probe;)Ljava/lang/Long;" line-rate="1.0" branch-rate="1.0">
							<lines>
							</lines>
						</method>
						<method name="ajc$get$version" signature="(Lnet/sereneproject/collector/domain/Probe;)Ljava/lang/Integer;" line-rate="1.0" branch-rate="1.0">
							<lines>
							</lines>
						</method>
						<method name="ajc$preClinit" signature="()V" line-rate="1.0" branch-rate="0.25">
							<lines>
								<line number="1" hits="22" branch="true" condition-coverage="25% (1/4)">
									<conditions>
										<condition number="0" type="jump" coverage="50%"/>
										<condition number="1" type="jump" coverage="0%"/>
									</conditions>
								</line>
							</lines>
						</method>
						<method name="ajc$set$id" signature="(Lnet/sereneproject/collector/domain/Probe;Ljava/lang/Long;)V" line-rate="1.0" branch-rate="1.0">
							<lines>
							</lines>
						</method>
						<method name="ajc$set$name" signature="(Lnet/sereneproject/collector/domain/Probe;Ljava/lang/String;)V" line-rate="1.0" branch-rate="1.0">
							<lines>
							</lines>
						</method>
						<method name="ajc$set$plugins" signature="(Lnet/sereneproject/collector/domain/Probe;Ljava/util/Set;)V" line-rate="1.0" branch-rate="1.0">
							<lines>
							</lines>
						</method>
						<method name="ajc$set$server" signature="(Lnet/sereneproject/collector/domain/Probe;Lnet/sereneproject/collector/domain/Server;)V" line-rate="1.0" branch-rate="1.0">
							<lines>
							</lines>
						</method>
						<method name="ajc$set$uuidLeastSigBits" signature="(Lnet/sereneproject/collector/domain/Probe;Ljava/lang/Long;)V" line-rate="1.0" branch-rate="1.0">
							<lines>
							</lines>
						</method>
						<method name="ajc$set$uuidMostSigBits" signature="(Lnet/sereneproject/collector/domain/Probe;Ljava/lang/Long;)V" line-rate="1.0" branch-rate="1.0">
							<lines>
							</lines>
						</method>
						<method name="ajc$set$version" signature="(Lnet/sereneproject/collector/domain/Probe;Ljava/lang/Integer;)V" line-rate="1.0" branch-rate="1.0">
							<lines>
							</lines>
						</method>
						<method name="clear" signature="()V" line-rate="1.0" branch-rate="1.0">
							<lines>
							</lines>
						</method>
						<method name="countProbes" signature="()J" line-rate="1.0" branch-rate="1.0">
							<lines>
							</lines>
						</method>
						<method name="entityManager" signature="()Ljavax/persistence/EntityManager;" line-rate="1.0" branch-rate="1.0">
							<lines>
							</lines>
						</method>
						<method name="findAllProbes" signature="()Ljava/util/List;" line-rate="1.0" branch-rate="1.0">
							<lines>
							</lines>
						</method>
						<method name="findProbe" signature="(Ljava/lang/Long;)Lnet/sereneproject/collector/domain/Probe;" line-rate="1.0" branch-rate="1.0">
							<lines>
							</lines>
						</method>
						<method name="findProbeByUuidEquals" signature="(Ljava/lang/String;)Lnet/sereneproject/collector/domain/Probe;" line-rate="1.0" branch-rate="1.0">
							<lines>
							</lines>
						</method>
						<method name="findProbeByUuidEquals" signature="(Ljava/util/UUID;)Lnet/sereneproject/collector/domain/Probe;" line-rate="1.0" branch-rate="1.0">
							<lines>
							</lines>
						</method>
						<method name="findProbeByUuidEquals_aroundBody0" signature="(Ljava/lang/String;Lorg/aspectj/lang/JoinPoint;)Lnet/sereneproject/collector/domain/Probe;" line-rate="0.6666666666666666" branch-rate="0.5">
							<lines>
								<line number="133" hits="2" branch="true" condition-coverage="50% (1/2)">
									<conditions>
										<condition number="0" type="jump" coverage="50%"/>
									</conditions>
								</line>
								<line number="134" hits="0" branch="false"/>
								<line number="136" hits="2" branch="false"/>
							</lines>
						</method>
						<method name="findProbeByUuidEquals_aroundBody1$advice" signature="(Ljava/lang/String;Lorg/aspectj/lang/JoinPoint;Lorg/springframework/mock/staticmock/AbstractMethodMockingControl;Lorg/aspectj/runtime/internal/AroundClosure;Lorg/aspectj/lang/JoinPoint$StaticPart;Lorg/aspectj/lang/JoinPoint;)Ljava/lang/Object;" line-rate="1.0" branch-rate="1.0">
							<lines>
							</lines>
						</method>
						<method name="findProbeByUuidEquals_aroundBody2" signature="(Ljava/util/UUID;Lorg/aspectj/lang/JoinPoint;)Lnet/sereneproject/collector/domain/Probe;" line-rate="0.6666666666666666" branch-rate="0.5">
							<lines>
								<line number="147" hits="2" branch="true" condition-coverage="50% (1/2)">
									<conditions>
										<condition number="0" type="jump" coverage="50%"/>
									</conditions>
								</line>
								<line number="148" hits="0" branch="false"/>
								<line number="150" hits="0" branch="false"/>
								<line number="151" hits="2" branch="false"/>
								<line number="152" hits="2" branch="false"/>
								<line number="153" hits="4" branch="false"/>
							</lines>
						</method>
						<method name="findProbeByUuidEquals_aroundBody3$advice" signature="(Ljava/util/UUID;Lorg/aspectj/lang/JoinPoint;Lorg/springframework/mock/staticmock/AbstractMethodMockingControl;Lorg/aspectj/runtime/internal/AroundClosure;Lorg/aspectj/lang/JoinPoint$StaticPart;Lorg/aspectj/lang/JoinPoint;)Ljava/lang/Object;" line-rate="0.0" branch-rate="0.0">
							<lines>
								<line number="170" hits="0" branch="true" condition-coverage="0% (0/2)">
									<conditions>
										<condition number="0" type="jump" coverage="0%"/>
									</conditions>
								</line>
								<line number="171" hits="0" branch="false"/>
								<line number="173" hits="0" branch="false"/>
								<line number="175" hits="0" branch="false"/>
							</lines>
						</method>
						<method name="findProbeEntries" signature="(II)Ljava/util/List;" line-rate="1.0" branch-rate="1.0">
							<lines>
							</lines>
						</method>
						<method name="findProbesByUuidMostSigBitsEqualsAndUuidLeastSigBitsEquals" signature="(Ljava/lang/Long;Ljava/lang/Long;)Ljavax/persistence/TypedQuery;" line-rate="1.0" branch-rate="1.0">
							<lines>
							</lines>
						</method>
						<method name="flush" signature="()V" line-rate="1.0" branch-rate="1.0">
							<lines>
							</lines>
						</method>
						<method name="fromJsonArrayToProbes" signature="(Ljava/lang/String;)Ljava/util/Collection;" line-rate="1.0" branch-rate="1.0">
							<lines>
							</lines>
						</method>
						<method name="fromJsonToProbe" signature="(Ljava/lang/String;)Lnet/sereneproject/collector/domain/Probe;" line-rate="1.0" branch-rate="1.0">
							<lines>
							</lines>
						</method>
						<method name="getId" signature="()Ljava/lang/Long;" line-rate="1.0" branch-rate="1.0">
							<lines>
							</lines>
						</method>
						<method name="getName" signature="()Ljava/lang/String;" line-rate="1.0" branch-rate="1.0">
							<lines>
							</lines>
						</method>
						<method name="getPlugins" signature="()Ljava/util/Set;" line-rate="1.0" branch-rate="1.0">
							<lines>
							</lines>
						</method>
						<method name="getServer" signature="()Lnet/sereneproject/collector/domain/Server;" line-rate="1.0" branch-rate="1.0">
							<lines>
							</lines>
						</method>
						<method name="getUuid" signature="()Ljava/util/UUID;" line-rate="0.0" branch-rate="1.0">
							<lines>
								<line number="121" hits="0" branch="false"/>
							</lines>
						</method>
						<method name="getUuidLeastSigBits" signature="()Ljava/lang/Long;" line-rate="1.0" branch-rate="1.0">
							<lines>
							</lines>
						</method>
						<method name="getUuidMostSigBits" signature="()Ljava/lang/Long;" line-rate="1.0" branch-rate="1.0">
							<lines>
							</lines>
						</method>
						<method name="getVersion" signature="()Ljava/lang/Integer;" line-rate="1.0" branch-rate="1.0">
							<lines>
							</lines>
						</method>
						<method name="merge" signature="()Lnet/sereneproject/collector/domain/Probe;" line-rate="1.0" branch-rate="1.0">
							<lines>
							</lines>
						</method>
						<method name="persist" signature="()V" line-rate="1.0" branch-rate="1.0">
							<lines>
							</lines>
						</method>
						<method name="remove" signature="()V" line-rate="1.0" branch-rate="1.0">
							<lines>
							</lines>
						</method>
						<method name="setId" signature="(Ljava/lang/Long;)V" line-rate="1.0" branch-rate="1.0">
							<lines>
							</lines>
						</method>
						<method name="setName" signature="(Ljava/lang/String;)V" line-rate="1.0" branch-rate="1.0">
							<lines>
							</lines>
						</method>
						<method name="setPlugins" signature="(Ljava/util/Set;)V" line-rate="1.0" branch-rate="1.0">
							<lines>
							</lines>
						</method>
						<method name="setServer" signature="(Lnet/sereneproject/collector/domain/Server;)V" line-rate="1.0" branch-rate="1.0">
							<lines>
							</lines>
						</method>
						<method name="setUuid" signature="(Ljava/lang/String;)V" line-rate="1.0" branch-rate="1.0">
							<lines>
								<line number="101" hits="2" branch="false"/>
								<line number="102" hits="2" branch="false"/>
							</lines>
						</method>
						<method name="setUuid" signature="(Ljava/util/UUID;)V" line-rate="1.0" branch-rate="1.0">
							<lines>
								<line number="111" hits="2" branch="false"/>
								<line number="112" hits="2" branch="false"/>
								<line number="113" hits="2" branch="false"/>
							</lines>
						</method>
						<method name="setUuidLeastSigBits" signature="(Ljava/lang/Long;)V" line-rate="1.0" branch-rate="1.0">
							<lines>
							</lines>
						</method>
						<method name="setUuidMostSigBits" signature="(Ljava/lang/Long;)V" line-rate="1.0" branch-rate="1.0">
							<lines>
							</lines>
						</method>
						<method name="setVersion" signature="(Ljava/lang/Integer;)V" line-rate="1.0" branch-rate="1.0">
							<lines>
							</lines>
						</method>
						<method name="toJson" signature="()Ljava/lang/String;" line-rate="1.0" branch-rate="1.0">
							<lines>
							</lines>
						</method>
						<method name="toJsonArray" signature="(Ljava/util/Collection;)Ljava/lang/String;" line-rate="1.0" branch-rate="1.0">
							<lines>
							</lines>
						</method>
						<method name="toString" signature="()Ljava/lang/String;" line-rate="1.0" branch-rate="1.0">
							<lines>
							</lines>
						</method>
					</methods>
					<lines>
						<line number="1" hits="22" branch="true" condition-coverage="25% (1/4)">
							<conditions>
								<condition number="0" type="jump" coverage="50%"/>
								<condition number="1" type="jump" coverage="0%"/>
							</conditions>
						</line>
						<line number="57" hits="10" branch="true" condition-coverage="50% (9/18)">
							<conditions>
								<condition number="0" type="jump" coverage="50%"/>
								<condition number="1" type="jump" coverage="50%"/>
								<condition number="2" type="jump" coverage="50%"/>
								<condition number="3" type="jump" coverage="50%"/>
								<condition number="4" type="jump" coverage="50%"/>
								<condition number="5" type="jump" coverage="50%"/>
								<condition number="6" type="jump" coverage="50%"/>
								<condition number="7" type="jump" coverage="50%"/>
								<condition number="8" type="jump" coverage="50%"/>
							</conditions>
						</line>
						<line number="91" hits="5" branch="false"/>
						<line number="101" hits="2" branch="false"/>
						<line number="102" hits="2" branch="false"/>
						<line number="111" hits="2" branch="false"/>
						<line number="112" hits="2" branch="false"/>
						<line number="113" hits="2" branch="false"/>
						<line number="121" hits="0" branch="false"/>
						<line number="133" hits="2" branch="true" condition-coverage="50% (1/2)">
							<conditions>
								<condition number="0" type="jump" coverage="50%"/>
							</conditions>
						</line>
						<line number="134" hits="0" branch="false"/>
						<line number="136" hits="2" branch="false"/>
						<line number="147" hits="2" branch="true" condition-coverage="50% (1/2)">
							<conditions>
								<condition number="0" type="jump" coverage="50%"/>
							</conditions>
						</line>
						<line number="148" hits="0" branch="false"/>
						<line number="150" hits="0" branch="false"/>
						<line number="151" hits="2" branch="false"/>
						<line number="152" hits="2" branch="false"/>
						<line number="153" hits="4" branch="false"/>
						<line number="170" hits="0" branch="true" condition-coverage="0% (0/2)">
							<conditions>
								<condition number="0" type="jump" coverage="0%"/>
							</conditions>
						</line>
						<line number="171" hits="0" branch="false"/>
						<line number="173" hits="0" branch="false"/>
						<line number="175" hits="0" branch="false"/>
					</lines>
				</class>
				<class name="net.sereneproject.collector.domain.ProbeValue" filename="net/sereneproject/collector/domain/ProbeValue.java" line-rate="0.13333333333333333" branch-rate="0.36666666666666664" complexity="3.0">
					<methods>
						<method name="&lt;clinit&gt;" signature="()V" line-rate="1.0" branch-rate="1.0">
							<lines>
							</lines>
						</method>
						<method name="&lt;init&gt;" signature="()V" line-rate="1.0" branch-rate="0.5">
							<lines>
								<line number="56" hits="3" branch="true" condition-coverage="50% (11/22)">
									<conditions>
										<condition number="0" type="jump" coverage="50%"/>
										<condition number="1" type="jump" coverage="50%"/>
										<condition number="2" type="jump" coverage="50%"/>
										<condition number="3" type="jump" coverage="50%"/>
										<condition number="4" type="jump" coverage="50%"/>
										<condition number="5" type="jump" coverage="50%"/>
										<condition number="6" type="jump" coverage="50%"/>
										<condition number="7" type="jump" coverage="50%"/>
										<condition number="8" type="jump" coverage="50%"/>
										<condition number="9" type="jump" coverage="50%"/>
										<condition number="10" type="jump" coverage="50%"/>
									</conditions>
								</line>
							</lines>
						</method>
						<method name="ajc$get$date" signature="(Lnet/sereneproject/collector/domain/ProbeValue;)Ljava/util/Date;" line-rate="1.0" branch-rate="1.0">
							<lines>
							</lines>
						</method>
						<method name="ajc$get$id" signature="(Lnet/sereneproject/collector/domain/ProbeValue;)Ljava/lang/Long;" line-rate="1.0" branch-rate="1.0">
							<lines>
							</lines>
						</method>
						<method name="ajc$get$probe" signature="(Lnet/sereneproject/collector/domain/ProbeValue;)Lnet/sereneproject/collector/domain/Probe;" line-rate="1.0" branch-rate="1.0">
							<lines>
							</lines>
						</method>
						<method name="ajc$get$value" signature="(Lnet/sereneproject/collector/domain/ProbeValue;)Ljava/lang/Double;" line-rate="1.0" branch-rate="1.0">
							<lines>
							</lines>
						</method>
						<method name="ajc$get$version" signature="(Lnet/sereneproject/collector/domain/ProbeValue;)Ljava/lang/Integer;" line-rate="1.0" branch-rate="1.0">
							<lines>
							</lines>
						</method>
						<method name="ajc$preClinit" signature="()V" line-rate="1.0" branch-rate="0.0">
							<lines>
								<line number="1" hits="20" branch="true" condition-coverage="0% (0/4)">
									<conditions>
										<condition number="0" type="jump" coverage="0%"/>
										<condition number="1" type="jump" coverage="0%"/>
									</conditions>
								</line>
							</lines>
						</method>
						<method name="ajc$set$date" signature="(Lnet/sereneproject/collector/domain/ProbeValue;Ljava/util/Date;)V" line-rate="1.0" branch-rate="1.0">
							<lines>
							</lines>
						</method>
						<method name="ajc$set$id" signature="(Lnet/sereneproject/collector/domain/ProbeValue;Ljava/lang/Long;)V" line-rate="1.0" branch-rate="1.0">
							<lines>
							</lines>
						</method>
						<method name="ajc$set$probe" signature="(Lnet/sereneproject/collector/domain/ProbeValue;Lnet/sereneproject/collector/domain/Probe;)V" line-rate="1.0" branch-rate="1.0">
							<lines>
							</lines>
						</method>
						<method name="ajc$set$value" signature="(Lnet/sereneproject/collector/domain/ProbeValue;Ljava/lang/Double;)V" line-rate="1.0" branch-rate="1.0">
							<lines>
							</lines>
						</method>
						<method name="ajc$set$version" signature="(Lnet/sereneproject/collector/domain/ProbeValue;Ljava/lang/Integer;)V" line-rate="1.0" branch-rate="1.0">
							<lines>
							</lines>
						</method>
						<method name="clear" signature="()V" line-rate="1.0" branch-rate="1.0">
							<lines>
							</lines>
						</method>
						<method name="countProbeValues" signature="()J" line-rate="1.0" branch-rate="1.0">
							<lines>
							</lines>
						</method>
						<method name="entityManager" signature="()Ljavax/persistence/EntityManager;" line-rate="1.0" branch-rate="1.0">
							<lines>
							</lines>
						</method>
						<method name="findAllProbeValues" signature="()Ljava/util/List;" line-rate="1.0" branch-rate="1.0">
							<lines>
							</lines>
						</method>
						<method name="findProbeValue" signature="(Ljava/lang/Long;)Lnet/sereneproject/collector/domain/ProbeValue;" line-rate="1.0" branch-rate="1.0">
							<lines>
							</lines>
						</method>
						<method name="findProbeValueEntries" signature="(II)Ljava/util/List;" line-rate="1.0" branch-rate="1.0">
							<lines>
							</lines>
						</method>
						<method name="findProbeValuesByProbe" signature="(Lnet/sereneproject/collector/domain/Probe;)Ljavax/persistence/TypedQuery;" line-rate="1.0" branch-rate="1.0">
							<lines>
							</lines>
						</method>
						<method name="findProbeValuesByProbeUUID" signature="(Ljava/util/UUID;)Ljavax/persistence/TypedQuery;" line-rate="1.0" branch-rate="1.0">
							<lines>
							</lines>
						</method>
						<method name="findProbeValuesByProbeUUID_aroundBody0" signature="(Ljava/util/UUID;Lorg/aspectj/lang/JoinPoint;)Ljavax/persistence/TypedQuery;" line-rate="0.0" branch-rate="0.0">
							<lines>
								<line number="82" hits="0" branch="true" condition-coverage="0% (0/2)">
									<conditions>
										<condition number="0" type="jump" coverage="0%"/>
									</conditions>
								</line>
								<line number="83" hits="0" branch="false"/>
								<line number="85" hits="0" branch="false"/>
								<line number="86" hits="0" branch="false"/>
								<line number="87" hits="0" branch="false"/>
								<line number="90" hits="0" branch="false"/>
								<line number="91" hits="0" branch="false"/>
								<line number="92" hits="0" branch="false"/>
								<line number="93" hits="0" branch="false"/>
							</lines>
						</method>
						<method name="findProbeValuesByProbeUUID_aroundBody1$advice" signature="(Ljava/util/UUID;Lorg/aspectj/lang/JoinPoint;Lorg/springframework/mock/staticmock/AbstractMethodMockingControl;Lorg/aspectj/runtime/internal/AroundClosure;Lorg/aspectj/lang/JoinPoint$StaticPart;Lorg/aspectj/lang/JoinPoint;)Ljava/lang/Object;" line-rate="0.0" branch-rate="0.0">
							<lines>
								<line number="170" hits="0" branch="true" condition-coverage="0% (0/2)">
									<conditions>
										<condition number="0" type="jump" coverage="0%"/>
									</conditions>
								</line>
								<line number="171" hits="0" branch="false"/>
								<line number="173" hits="0" branch="false"/>
								<line number="175" hits="0" branch="false"/>
							</lines>
						</method>
						<method name="flush" signature="()V" line-rate="1.0" branch-rate="1.0">
							<lines>
							</lines>
						</method>
						<method name="fromJsonArrayToProbeValues" signature="(Ljava/lang/String;)Ljava/util/Collection;" line-rate="1.0" branch-rate="1.0">
							<lines>
							</lines>
						</method>
						<method name="fromJsonToProbeValue" signature="(Ljava/lang/String;)Lnet/sereneproject/collector/domain/ProbeValue;" line-rate="1.0" branch-rate="1.0">
							<lines>
							</lines>
						</method>
						<method name="getDate" signature="()Ljava/util/Date;" line-rate="1.0" branch-rate="1.0">
							<lines>
							</lines>
						</method>
						<method name="getId" signature="()Ljava/lang/Long;" line-rate="1.0" branch-rate="1.0">
							<lines>
							</lines>
						</method>
						<method name="getProbe" signature="()Lnet/sereneproject/collector/domain/Probe;" line-rate="1.0" branch-rate="1.0">
							<lines>
							</lines>
						</method>
						<method name="getValue" signature="()Ljava/lang/Double;" line-rate="1.0" branch-rate="1.0">
							<lines>
							</lines>
						</method>
						<method name="getVersion" signature="()Ljava/lang/Integer;" line-rate="1.0" branch-rate="1.0">
							<lines>
							</lines>
						</method>
						<method name="merge" signature="()Lnet/sereneproject/collector/domain/ProbeValue;" line-rate="1.0" branch-rate="1.0">
							<lines>
							</lines>
						</method>
						<method name="persist" signature="()V" line-rate="1.0" branch-rate="1.0">
							<lines>
							</lines>
						</method>
						<method name="remove" signature="()V" line-rate="1.0" branch-rate="1.0">
							<lines>
							</lines>
						</method>
						<method name="setDate" signature="(Ljava/util/Date;)V" line-rate="1.0" branch-rate="1.0">
							<lines>
							</lines>
						</method>
						<method name="setId" signature="(Ljava/lang/Long;)V" line-rate="1.0" branch-rate="1.0">
							<lines>
							</lines>
						</method>
						<method name="setProbe" signature="(Lnet/sereneproject/collector/domain/Probe;)V" line-rate="1.0" branch-rate="1.0">
							<lines>
							</lines>
						</method>
						<method name="setValue" signature="(Ljava/lang/Double;)V" line-rate="1.0" branch-rate="1.0">
							<lines>
							</lines>
						</method>
						<method name="setVersion" signature="(Ljava/lang/Integer;)V" line-rate="1.0" branch-rate="1.0">
							<lines>
							</lines>
						</method>
						<method name="toJson" signature="()Ljava/lang/String;" line-rate="1.0" branch-rate="1.0">
							<lines>
							</lines>
						</method>
						<method name="toJsonArray" signature="(Ljava/util/Collection;)Ljava/lang/String;" line-rate="1.0" branch-rate="1.0">
							<lines>
							</lines>
						</method>
						<method name="toString" signature="()Ljava/lang/String;" line-rate="1.0" branch-rate="1.0">
							<lines>
							</lines>
						</method>
					</methods>
					<lines>
						<line number="1" hits="20" branch="true" condition-coverage="0% (0/4)">
							<conditions>
								<condition number="0" type="jump" coverage="0%"/>
								<condition number="1" type="jump" coverage="0%"/>
							</conditions>
						</line>
						<line number="56" hits="3" branch="true" condition-coverage="50% (11/22)">
							<conditions>
								<condition number="0" type="jump" coverage="50%"/>
								<condition number="1" type="jump" coverage="50%"/>
								<condition number="2" type="jump" coverage="50%"/>
								<condition number="3" type="jump" coverage="50%"/>
								<condition number="4" type="jump" coverage="50%"/>
								<condition number="5" type="jump" coverage="50%"/>
								<condition number="6" type="jump" coverage="50%"/>
								<condition number="7" type="jump" coverage="50%"/>
								<condition number="8" type="jump" coverage="50%"/>
								<condition number="9" type="jump" coverage="50%"/>
								<condition number="10" type="jump" coverage="50%"/>
							</conditions>
						</line>
						<line number="82" hits="0" branch="true" condition-coverage="0% (0/2)">
							<conditions>
								<condition number="0" type="jump" coverage="0%"/>
							</conditions>
						</line>
						<line number="83" hits="0" branch="false"/>
						<line number="85" hits="0" branch="false"/>
						<line number="86" hits="0" branch="false"/>
						<line number="87" hits="0" branch="false"/>
						<line number="90" hits="0" branch="false"/>
						<line number="91" hits="0" branch="false"/>
						<line number="92" hits="0" branch="false"/>
						<line number="93" hits="0" branch="false"/>
						<line number="170" hits="0" branch="true" condition-coverage="0% (0/2)">
							<conditions>
								<condition number="0" type="jump" coverage="0%"/>
							</conditions>
						</line>
						<line number="171" hits="0" branch="false"/>
						<line number="173" hits="0" branch="false"/>
						<line number="175" hits="0" branch="false"/>
					</lines>
				</class>
				<class name="net.sereneproject.collector.domain.ProbeValue_Roo_Configurable" filename="net/sereneproject/collector/domain/ProbeValue_Roo_Configurable.aj" line-rate="0.0" branch-rate="0.0" complexity="0.0">
					<methods>
						<method name="&lt;clinit&gt;" signature="()V" line-rate="1.0" branch-rate="1.0">
							<lines>
							</lines>
						</method>
						<method name="&lt;init&gt;" signature="()V" line-rate="0.0" branch-rate="1.0">
							<lines>
								<line number="9" hits="0" branch="false"/>
							</lines>
						</method>
						<method name="ajc$declare_at_type_1" signature="()V" line-rate="0.0" branch-rate="1.0">
							<lines>
								<line number="11" hits="0" branch="false"/>
							</lines>
						</method>
						<method name="ajc$postClinit" signature="()V" line-rate="0.0" branch-rate="0.0">
							<lines>
								<line number="1" hits="0" branch="true" condition-coverage="0% (0/2)">
									<conditions>
										<condition number="0" type="jump" coverage="0%"/>
									</conditions>
								</line>
							</lines>
						</method>
						<method name="aspectOf" signature="()Lnet/sereneproject/collector/domain/ProbeValue_Roo_Configurable;" line-rate="1.0" branch-rate="1.0">
							<lines>
							</lines>
						</method>
						<method name="hasAspect" signature="()Z" line-rate="1.0" branch-rate="1.0">
							<lines>
							</lines>
						</method>
					</methods>
					<lines>
						<line number="1" hits="0" branch="true" condition-coverage="0% (0/2)">
							<conditions>
								<condition number="0" type="jump" coverage="0%"/>
							</conditions>
						</line>
						<line number="9" hits="0" branch="false"/>
						<line number="11" hits="0" branch="false"/>
					</lines>
				</class>
				<class name="net.sereneproject.collector.domain.ProbeValue_Roo_Finder" filename="net/sereneproject/collector/domain/ProbeValue_Roo_Finder.aj" line-rate="0.0" branch-rate="0.0" complexity="0.0">
					<methods>
						<method name="&lt;clinit&gt;" signature="()V" line-rate="1.0" branch-rate="1.0">
							<lines>
							</lines>
						</method>
						<method name="&lt;init&gt;" signature="()V" line-rate="0.0" branch-rate="1.0">
							<lines>
								<line number="11" hits="0" branch="false"/>
							</lines>
						</method>
						<method name="ajc$interMethod$net_sereneproject_collector_domain_ProbeValue_Roo_Finder$net_sereneproject_collector_domain_ProbeValue$findProbeValuesByProbe" signature="(Lnet/sereneproject/collector/domain/Probe;)Ljavax/persistence/TypedQuery;" line-rate="1.0" branch-rate="1.0">
							<lines>
							</lines>
						</method>
						<method name="ajc$postClinit" signature="()V" line-rate="1.0" branch-rate="1.0">
							<lines>
							</lines>
						</method>
						<method name="ajc$preClinit" signature="()V" line-rate="0.0" branch-rate="0.0">
							<lines>
								<line number="1" hits="0" branch="true" condition-coverage="0% (0/4)">
									<conditions>
										<condition number="0" type="jump" coverage="0%"/>
										<condition number="1" type="jump" coverage="0%"/>
									</conditions>
								</line>
							</lines>
						</method>
						<method name="aspectOf" signature="()Lnet/sereneproject/collector/domain/ProbeValue_Roo_Finder;" line-rate="1.0" branch-rate="1.0">
							<lines>
							</lines>
						</method>
						<method name="findProbeValuesByProbe_aroundBody0" signature="(Lnet/sereneproject/collector/domain/Probe;Lorg/aspectj/lang/JoinPoint;)Ljavax/persistence/TypedQuery;" line-rate="0.0" branch-rate="0.0">
							<lines>
								<line number="14" hits="0" branch="true" condition-coverage="0% (0/2)">
									<conditions>
										<condition number="0" type="jump" coverage="0%"/>
									</conditions>
								</line>
								<line number="15" hits="0" branch="false"/>
								<line number="16" hits="0" branch="false"/>
								<line number="17" hits="0" branch="false"/>
								<line number="18" hits="0" branch="false"/>
							</lines>
						</method>
						<method name="findProbeValuesByProbe_aroundBody1$advice" signature="(Lnet/sereneproject/collector/domain/Probe;Lorg/aspectj/lang/JoinPoint;Lorg/springframework/mock/staticmock/AbstractMethodMockingControl;Lorg/aspectj/runtime/internal/AroundClosure;Lorg/aspectj/lang/JoinPoint$StaticPart;Lorg/aspectj/lang/JoinPoint;)Ljava/lang/Object;" line-rate="0.0" branch-rate="0.0">
							<lines>
								<line number="170" hits="0" branch="true" condition-coverage="0% (0/2)">
									<conditions>
										<condition number="0" type="jump" coverage="0%"/>
									</conditions>
								</line>
								<line number="171" hits="0" branch="false"/>
								<line number="173" hits="0" branch="false"/>
								<line number="175" hits="0" branch="false"/>
							</lines>
						</method>
						<method name="hasAspect" signature="()Z" line-rate="1.0" branch-rate="1.0">
							<lines>
							</lines>
						</method>
					</methods>
					<lines>
						<line number="1" hits="0" branch="true" condition-coverage="0% (0/4)">
							<conditions>
								<condition number="0" type="jump" coverage="0%"/>
								<condition number="1" type="jump" coverage="0%"/>
							</conditions>
						</line>
						<line number="11" hits="0" branch="false"/>
						<line number="14" hits="0" branch="true" condition-coverage="0% (0/2)">
							<conditions>
								<condition number="0" type="jump" coverage="0%"/>
							</conditions>
						</line>
						<line number="15" hits="0" branch="false"/>
						<line number="16" hits="0" branch="false"/>
						<line number="17" hits="0" branch="false"/>
						<line number="18" hits="0" branch="false"/>
						<line number="170" hits="0" branch="true" condition-coverage="0% (0/2)">
							<conditions>
								<condition number="0" type="jump" coverage="0%"/>
							</conditions>
						</line>
						<line number="171" hits="0" branch="false"/>
						<line number="173" hits="0" branch="false"/>
						<line number="175" hits="0" branch="false"/>
					</lines>
				</class>
				<class name="net.sereneproject.collector.domain.ProbeValue_Roo_JavaBean" filename="net/sereneproject/collector/domain/ProbeValue_Roo_JavaBean.aj" line-rate="0.8181818181818182" branch-rate="0.0" complexity="0.0">
					<methods>
						<method name="&lt;clinit&gt;" signature="()V" line-rate="1.0" branch-rate="1.0">
							<lines>
							</lines>
						</method>
						<method name="&lt;init&gt;" signature="()V" line-rate="1.0" branch-rate="1.0">
							<lines>
								<line number="10" hits="2" branch="false"/>
							</lines>
						</method>
						<method name="ajc$interMethod$net_sereneproject_collector_domain_ProbeValue_Roo_JavaBean$net_sereneproject_collector_domain_ProbeValue$getDate" signature="(Lnet/sereneproject/collector/domain/ProbeValue;)Ljava/util/Date;" line-rate="1.0" branch-rate="1.0">
							<lines>
								<line number="21" hits="2" branch="false"/>
							</lines>
						</method>
						<method name="ajc$interMethod$net_sereneproject_collector_domain_ProbeValue_Roo_JavaBean$net_sereneproject_collector_domain_ProbeValue$getProbe" signature="(Lnet/sereneproject/collector/domain/ProbeValue;)Lnet/sereneproject/collector/domain/Probe;" line-rate="0.0" branch-rate="1.0">
							<lines>
								<line number="29" hits="0" branch="false"/>
							</lines>
						</method>
						<method name="ajc$interMethod$net_sereneproject_collector_domain_ProbeValue_Roo_JavaBean$net_sereneproject_collector_domain_ProbeValue$getValue" signature="(Lnet/sereneproject/collector/domain/ProbeValue;)Ljava/lang/Double;" line-rate="0.0" branch-rate="1.0">
							<lines>
								<line number="13" hits="0" branch="false"/>
							</lines>
						</method>
						<method name="ajc$interMethod$net_sereneproject_collector_domain_ProbeValue_Roo_JavaBean$net_sereneproject_collector_domain_ProbeValue$setDate" signature="(Lnet/sereneproject/collector/domain/ProbeValue;Ljava/util/Date;)V" line-rate="1.0" branch-rate="1.0">
							<lines>
								<line number="25" hits="2" branch="false"/>
								<line number="26" hits="2" branch="false"/>
							</lines>
						</method>
						<method name="ajc$interMethod$net_sereneproject_collector_domain_ProbeValue_Roo_JavaBean$net_sereneproject_collector_domain_ProbeValue$setProbe" signature="(Lnet/sereneproject/collector/domain/ProbeValue;Lnet/sereneproject/collector/domain/Probe;)V" line-rate="1.0" branch-rate="1.0">
							<lines>
								<line number="33" hits="2" branch="false"/>
								<line number="34" hits="2" branch="false"/>
							</lines>
						</method>
						<method name="ajc$interMethod$net_sereneproject_collector_domain_ProbeValue_Roo_JavaBean$net_sereneproject_collector_domain_ProbeValue$setValue" signature="(Lnet/sereneproject/collector/domain/ProbeValue;Ljava/lang/Double;)V" line-rate="1.0" branch-rate="1.0">
							<lines>
								<line number="17" hits="2" branch="false"/>
								<line number="18" hits="2" branch="false"/>
							</lines>
						</method>
						<method name="ajc$postClinit" signature="()V" line-rate="1.0" branch-rate="0.0">
							<lines>
								<line number="1" hits="1" branch="true" condition-coverage="0% (0/2)">
									<conditions>
										<condition number="0" type="jump" coverage="0%"/>
									</conditions>
								</line>
							</lines>
						</method>
						<method name="aspectOf" signature="()Lnet/sereneproject/collector/domain/ProbeValue_Roo_JavaBean;" line-rate="1.0" branch-rate="1.0">
							<lines>
							</lines>
						</method>
						<method name="hasAspect" signature="()Z" line-rate="1.0" branch-rate="1.0">
							<lines>
							</lines>
						</method>
					</methods>
					<lines>
						<line number="1" hits="1" branch="true" condition-coverage="0% (0/2)">
							<conditions>
								<condition number="0" type="jump" coverage="0%"/>
							</conditions>
						</line>
						<line number="10" hits="2" branch="false"/>
						<line number="13" hits="0" branch="false"/>
						<line number="17" hits="2" branch="false"/>
						<line number="18" hits="2" branch="false"/>
						<line number="21" hits="2" branch="false"/>
						<line number="25" hits="2" branch="false"/>
						<line number="26" hits="2" branch="false"/>
						<line number="29" hits="0" branch="false"/>
						<line number="33" hits="2" branch="false"/>
						<line number="34" hits="2" branch="false"/>
					</lines>
				</class>
				<class name="net.sereneproject.collector.domain.ProbeValue_Roo_Jpa_ActiveRecord" filename="net/sereneproject/collector/domain/ProbeValue_Roo_Jpa_ActiveRecord.aj" line-rate="0.17647058823529413" branch-rate="0.045454545454545456" complexity="0.0">
					<methods>
[...]
										<condition number="1" type="jump" coverage="0%"/>
									</conditions>
								</line>
								<line number="55" hits="0" branch="false"/>
								<line number="57" hits="0" branch="false"/>
							</lines>
						</method>
						<method name="ajc$interMethod$net_sereneproject_collector_web_ServerGroupController_Roo_Controller$net_sereneproject_collector_web_ServerGroupController$populateEditForm" signature="(Lnet/sereneproject/collector/web/ServerGroupController;Lorg/springframework/ui/Model;Lnet/sereneproject/collector/domain/ServerGroup;)V" line-rate="0.0" branch-rate="1.0">
							<lines>
								<line number="88" hits="0" branch="false"/>
								<line number="89" hits="0" branch="false"/>
							</lines>
						</method>
						<method name="ajc$interMethod$net_sereneproject_collector_web_ServerGroupController_Roo_Controller$net_sereneproject_collector_web_ServerGroupController$show" signature="(Lnet/sereneproject/collector/web/ServerGroupController;Ljava/lang/Long;Lorg/springframework/ui/Model;)Ljava/lang/String;" line-rate="0.0" branch-rate="1.0">
							<lines>
								<line number="41" hits="0" branch="false"/>
								<line number="42" hits="0" branch="false"/>
								<line number="43" hits="0" branch="false"/>
							</lines>
						</method>
						<method name="ajc$interMethod$net_sereneproject_collector_web_ServerGroupController_Roo_Controller$net_sereneproject_collector_web_ServerGroupController$update" signature="(Lnet/sereneproject/collector/web/ServerGroupController;Lnet/sereneproject/collector/domain/ServerGroup;Lorg/springframework/validation/BindingResult;Lorg/springframework/ui/Model;Ljavax/servlet/http/HttpServletRequest;)Ljava/lang/String;" line-rate="0.0" branch-rate="0.0">
							<lines>
								<line number="62" hits="0" branch="true" condition-coverage="0% (0/2)">
									<conditions>
										<condition number="0" type="jump" coverage="0%"/>
									</conditions>
								</line>
								<line number="63" hits="0" branch="false"/>
								<line number="64" hits="0" branch="false"/>
								<line number="66" hits="0" branch="false"/>
								<line number="67" hits="0" branch="false"/>
								<line number="68" hits="0" branch="false"/>
							</lines>
						</method>
						<method name="ajc$interMethod$net_sereneproject_collector_web_ServerGroupController_Roo_Controller$net_sereneproject_collector_web_ServerGroupController$updateForm" signature="(Lnet/sereneproject/collector/web/ServerGroupController;Ljava/lang/Long;Lorg/springframework/ui/Model;)Ljava/lang/String;" line-rate="0.0" branch-rate="1.0">
							<lines>
								<line number="73" hits="0" branch="false"/>
								<line number="74" hits="0" branch="false"/>
							</lines>
						</method>
						<method name="ajc$postClinit" signature="()V" line-rate="0.0" branch-rate="0.0">
							<lines>
								<line number="1" hits="0" branch="true" condition-coverage="0% (0/2)">
									<conditions>
										<condition number="0" type="jump" coverage="0%"/>
									</conditions>
								</line>
							</lines>
						</method>
						<method name="aspectOf" signature="()Lnet/sereneproject/collector/web/ServerGroupController_Roo_Controller;" line-rate="1.0" branch-rate="1.0">
							<lines>
							</lines>
						</method>
						<method name="hasAspect" signature="()Z" line-rate="1.0" branch-rate="1.0">
							<lines>
							</lines>
						</method>
					</methods>
					<lines>
						<line number="1" hits="0" branch="true" condition-coverage="0% (0/2)">
							<conditions>
								<condition number="0" type="jump" coverage="0%"/>
							</conditions>
						</line>
						<line number="20" hits="0" branch="false"/>
						<line number="24" hits="0" branch="true" condition-coverage="0% (0/2)">
							<conditions>
								<condition number="0" type="jump" coverage="0%"/>
							</conditions>
						</line>
						<line number="25" hits="0" branch="false"/>
						<line number="26" hits="0" branch="false"/>
						<line number="28" hits="0" branch="false"/>
						<line number="29" hits="0" branch="false"/>
						<line number="30" hits="0" branch="false"/>
						<line number="35" hits="0" branch="false"/>
						<line number="36" hits="0" branch="false"/>
						<line number="41" hits="0" branch="false"/>
						<line number="42" hits="0" branch="false"/>
						<line number="43" hits="0" branch="false"/>
						<line number="48" hits="0" branch="true" condition-coverage="0% (0/4)">
							<conditions>
								<condition number="0" type="jump" coverage="0%"/>
								<condition number="1" type="jump" coverage="0%"/>
							</conditions>
						</line>
						<line number="49" hits="0" branch="true" condition-coverage="0% (0/2)">
							<conditions>
								<condition number="0" type="jump" coverage="0%"/>
							</conditions>
						</line>
						<line number="50" hits="0" branch="true" condition-coverage="0% (0/2)">
							<conditions>
								<condition number="0" type="jump" coverage="0%"/>
							</conditions>
						</line>
						<line number="51" hits="0" branch="false"/>
						<line number="52" hits="0" branch="false"/>
						<line number="53" hits="0" branch="true" condition-coverage="0% (0/4)">
							<conditions>
								<condition number="0" type="jump" coverage="0%"/>
								<condition number="1" type="jump" coverage="0%"/>
							</conditions>
						</line>
						<line number="55" hits="0" branch="false"/>
						<line number="57" hits="0" branch="false"/>
						<line number="62" hits="0" branch="true" condition-coverage="0% (0/2)">
							<conditions>
								<condition number="0" type="jump" coverage="0%"/>
							</conditions>
						</line>
						<line number="63" hits="0" branch="false"/>
						<line number="64" hits="0" branch="false"/>
						<line number="66" hits="0" branch="false"/>
						<line number="67" hits="0" branch="false"/>
						<line number="68" hits="0" branch="false"/>
						<line number="73" hits="0" branch="false"/>
						<line number="74" hits="0" branch="false"/>
						<line number="79" hits="0" branch="false"/>
						<line number="80" hits="0" branch="false"/>
						<line number="81" hits="0" branch="false"/>
						<line number="82" hits="0" branch="true" condition-coverage="0% (0/2)">
							<conditions>
								<condition number="0" type="jump" coverage="0%"/>
							</conditions>
						</line>
						<line number="83" hits="0" branch="true" condition-coverage="0% (0/2)">
							<conditions>
								<condition number="0" type="jump" coverage="0%"/>
							</conditions>
						</line>
						<line number="84" hits="0" branch="false"/>
						<line number="88" hits="0" branch="false"/>
						<line number="89" hits="0" branch="false"/>
						<line number="92" hits="0" branch="false"/>
						<line number="93" hits="0" branch="true" condition-coverage="0% (0/2)">
							<conditions>
								<condition number="0" type="jump" coverage="0%"/>
							</conditions>
						</line>
						<line number="94" hits="0" branch="false"/>
						<line number="97" hits="0" branch="false"/>
						<line number="98" hits="0" branch="false"/>
						<line number="99" hits="0" branch="false"/>
					</lines>
				</class>
				<class name="net.sereneproject.collector.web.ServerGroupController_Roo_Controller_Json" filename="net/sereneproject/collector/web/ServerGroupController_Roo_Controller_Json.aj" line-rate="0.0" branch-rate="0.0" complexity="0.0">
					<methods>
						<method name="&lt;clinit&gt;" signature="()V" line-rate="1.0" branch-rate="1.0">
							<lines>
							</lines>
						</method>
						<method name="&lt;init&gt;" signature="()V" line-rate="0.0" branch-rate="1.0">
							<lines>
								<line number="19" hits="0" branch="false"/>
							</lines>
						</method>
						<method name="ajc$interMethod$net_sereneproject_collector_web_ServerGroupController_Roo_Controller_Json$net_sereneproject_collector_web_ServerGroupController$createFromJson" signature="(Lnet/sereneproject/collector/web/ServerGroupController;Ljava/lang/String;)Lorg/springframework/http/ResponseEntity;" line-rate="0.0" branch-rate="1.0">
							<lines>
								<line number="44" hits="0" branch="false"/>
								<line number="45" hits="0" branch="false"/>
								<line number="46" hits="0" branch="false"/>
								<line number="47" hits="0" branch="false"/>
								<line number="48" hits="0" branch="false"/>
							</lines>
						</method>
						<method name="ajc$interMethod$net_sereneproject_collector_web_ServerGroupController_Roo_Controller_Json$net_sereneproject_collector_web_ServerGroupController$createFromJsonArray" signature="(Lnet/sereneproject/collector/web/ServerGroupController;Ljava/lang/String;)Lorg/springframework/http/ResponseEntity;" line-rate="0.0" branch-rate="0.0">
							<lines>
								<line number="53" hits="0" branch="true" condition-coverage="0% (0/2)">
									<conditions>
										<condition number="0" type="jump" coverage="0%"/>
									</conditions>
								</line>
								<line number="54" hits="0" branch="false"/>
								<line number="56" hits="0" branch="false"/>
								<line number="57" hits="0" branch="false"/>
								<line number="58" hits="0" branch="false"/>
							</lines>
						</method>
						<method name="ajc$interMethod$net_sereneproject_collector_web_ServerGroupController_Roo_Controller_Json$net_sereneproject_collector_web_ServerGroupController$deleteFromJson" signature="(Lnet/sereneproject/collector/web/ServerGroupController;Ljava/lang/Long;)Lorg/springframework/http/ResponseEntity;" line-rate="0.0" branch-rate="0.0">
							<lines>
								<line number="86" hits="0" branch="false"/>
								<line number="87" hits="0" branch="false"/>
								<line number="88" hits="0" branch="false"/>
								<line number="89" hits="0" branch="true" condition-coverage="0% (0/2)">
									<conditions>
										<condition number="0" type="jump" coverage="0%"/>
									</conditions>
								</line>
								<line number="90" hits="0" branch="false"/>
								<line number="92" hits="0" branch="false"/>
								<line number="93" hits="0" branch="false"/>
							</lines>
						</method>
						<method name="ajc$interMethod$net_sereneproject_collector_web_ServerGroupController_Roo_Controller_Json$net_sereneproject_collector_web_ServerGroupController$jsonFindServerGroupsByNameEquals" signature="(Lnet/sereneproject/collector/web/ServerGroupController;Ljava/lang/String;)Lorg/springframework/http/ResponseEntity;" line-rate="0.0" branch-rate="1.0">
							<lines>
								<line number="99" hits="0" branch="false"/>
								<line number="100" hits="0" branch="false"/>
								<line number="101" hits="0" branch="false"/>
							</lines>
						</method>
						<method name="ajc$interMethod$net_sereneproject_collector_web_ServerGroupController_Roo_Controller_Json$net_sereneproject_collector_web_ServerGroupController$listJson" signature="(Lnet/sereneproject/collector/web/ServerGroupController;)Lorg/springframework/http/ResponseEntity;" line-rate="0.0" branch-rate="1.0">
							<lines>
								<line number="36" hits="0" branch="false"/>
								<line number="37" hits="0" branch="false"/>
								<line number="38" hits="0" branch="false"/>
								<line number="39" hits="0" branch="false"/>
							</lines>
						</method>
						<method name="ajc$interMethod$net_sereneproject_collector_web_ServerGroupController_Roo_Controller_Json$net_sereneproject_collector_web_ServerGroupController$showJson" signature="(Lnet/sereneproject/collector/web/ServerGroupController;Ljava/lang/Long;)Lorg/springframework/http/ResponseEntity;" line-rate="0.0" branch-rate="0.0">
							<lines>
								<line number="24" hits="0" branch="false"/>
								<line number="25" hits="0" branch="false"/>
								<line number="26" hits="0" branch="false"/>
								<line number="27" hits="0" branch="true" condition-coverage="0% (0/2)">
									<conditions>
										<condition number="0" type="jump" coverage="0%"/>
									</conditions>
								</line>
								<line number="28" hits="0" branch="false"/>
								<line number="30" hits="0" branch="false"/>
							</lines>
						</method>
						<method name="ajc$interMethod$net_sereneproject_collector_web_ServerGroupController_Roo_Controller_Json$net_sereneproject_collector_web_ServerGroupController$updateFromJson" signature="(Lnet/sereneproject/collector/web/ServerGroupController;Ljava/lang/String;)Lorg/springframework/http/ResponseEntity;" line-rate="0.0" branch-rate="0.0">
							<lines>
								<line number="63" hits="0" branch="false"/>
								<line number="64" hits="0" branch="false"/>
								<line number="65" hits="0" branch="false"/>
								<line number="66" hits="0" branch="true" condition-coverage="0% (0/2)">
									<conditions>
										<condition number="0" type="jump" coverage="0%"/>
									</conditions>
								</line>
								<line number="67" hits="0" branch="false"/>
								<line number="69" hits="0" branch="false"/>
							</lines>
						</method>
						<method name="ajc$interMethod$net_sereneproject_collector_web_ServerGroupController_Roo_Controller_Json$net_sereneproject_collector_web_ServerGroupController$updateFromJsonArray" signature="(Lnet/sereneproject/collector/web/ServerGroupController;Ljava/lang/String;)Lorg/springframework/http/ResponseEntity;" line-rate="0.0" branch-rate="0.0">
							<lines>
								<line number="74" hits="0" branch="false"/>
								<line number="75" hits="0" branch="false"/>
								<line number="76" hits="0" branch="true" condition-coverage="0% (0/2)">
									<conditions>
										<condition number="0" type="jump" coverage="0%"/>
									</conditions>
								</line>
								<line number="77" hits="0" branch="true" condition-coverage="0% (0/2)">
									<conditions>
										<condition number="0" type="jump" coverage="0%"/>
									</conditions>
								</line>
								<line number="78" hits="0" branch="false"/>
								<line number="81" hits="0" branch="false"/>
							</lines>
						</method>
						<method name="ajc$postClinit" signature="()V" line-rate="0.0" branch-rate="0.0">
							<lines>
								<line number="1" hits="0" branch="true" condition-coverage="0% (0/2)">
									<conditions>
										<condition number="0" type="jump" coverage="0%"/>
									</conditions>
								</line>
							</lines>
						</method>
						<method name="aspectOf" signature="()Lnet/sereneproject/collector/web/ServerGroupController_Roo_Controller_Json;" line-rate="1.0" branch-rate="1.0">
							<lines>
							</lines>
						</method>
						<method name="hasAspect" signature="()Z" line-rate="1.0" branch-rate="1.0">
							<lines>
							</lines>
						</method>
					</methods>
					<lines>
						<line number="1" hits="0" branch="true" condition-coverage="0% (0/2)">
							<conditions>
								<condition number="0" type="jump" coverage="0%"/>
							</conditions>
						</line>
						<line number="19" hits="0" branch="false"/>
						<line number="24" hits="0" branch="false"/>
						<line number="25" hits="0" branch="false"/>
						<line number="26" hits="0" branch="false"/>
						<line number="27" hits="0" branch="true" condition-coverage="0% (0/2)">
							<conditions>
								<condition number="0" type="jump" coverage="0%"/>
							</conditions>
						</line>
						<line number="28" hits="0" branch="false"/>
						<line number="30" hits="0" branch="false"/>
						<line number="36" hits="0" branch="false"/>
						<line number="37" hits="0" branch="false"/>
						<line number="38" hits="0" branch="false"/>
						<line number="39" hits="0" branch="false"/>
						<line number="44" hits="0" branch="false"/>
						<line number="45" hits="0" branch="false"/>
						<line number="46" hits="0" branch="false"/>
						<line number="47" hits="0" branch="false"/>
						<line number="48" hits="0" branch="false"/>
						<line number="53" hits="0" branch="true" condition-coverage="0% (0/2)">
							<conditions>
								<condition number="0" type="jump" coverage="0%"/>
							</conditions>
						</line>
						<line number="54" hits="0" branch="false"/>
						<line number="56" hits="0" branch="false"/>
						<line number="57" hits="0" branch="false"/>
						<line number="58" hits="0" branch="false"/>
						<line number="63" hits="0" branch="false"/>
						<line number="64" hits="0" branch="false"/>
						<line number="65" hits="0" branch="false"/>
						<line number="66" hits="0" branch="true" condition-coverage="0% (0/2)">
							<conditions>
								<condition number="0" type="jump" coverage="0%"/>
							</conditions>
						</line>
						<line number="67" hits="0" branch="false"/>
						<line number="69" hits="0" branch="false"/>
						<line number="74" hits="0" branch="false"/>
						<line number="75" hits="0" branch="false"/>
						<line number="76" hits="0" branch="true" condition-coverage="0% (0/2)">
							<conditions>
								<condition number="0" type="jump" coverage="0%"/>
							</conditions>
						</line>
						<line number="77" hits="0" branch="true" condition-coverage="0% (0/2)">
							<conditions>
								<condition number="0" type="jump" coverage="0%"/>
							</conditions>
						</line>
						<line number="78" hits="0" branch="false"/>
						<line number="81" hits="0" branch="false"/>
						<line number="86" hits="0" branch="false"/>
						<line number="87" hits="0" branch="false"/>
						<line number="88" hits="0" branch="false"/>
						<line number="89" hits="0" branch="true" condition-coverage="0% (0/2)">
							<conditions>
								<condition number="0" type="jump" coverage="0%"/>
							</conditions>
						</line>
						<line number="90" hits="0" branch="false"/>
						<line number="92" hits="0" branch="false"/>
						<line number="93" hits="0" branch="false"/>
						<line number="99" hits="0" branch="false"/>
						<line number="100" hits="0" branch="false"/>
						<line number="101" hits="0" branch="false"/>
					</lines>
				</class>
				<class name="net.sereneproject.collector.web.package-info" filename="net/sereneproject/collector/web/package-info.java" line-rate="1.0" branch-rate="1.0" complexity="0.0">
					<methods>
					</methods>
					<lines>
					</lines>
				</class>
			</classes>
		</package>
		<package name="net.sereneproject.collector.web.utils" line-rate="0.0" branch-rate="1.0" complexity="1.0">
			<classes>
				<class name="net.sereneproject.collector.web.utils.ResourceAnchor" filename="net/sereneproject/collector/web/utils/ResourceAnchor.java" line-rate="0.0" branch-rate="1.0" complexity="0.0">
					<methods>
						<method name="&lt;init&gt;" signature="()V" line-rate="0.0" branch-rate="1.0">
							<lines>
								<line number="36" hits="0" branch="false"/>
							</lines>
						</method>
					</methods>
					<lines>
						<line number="36" hits="0" branch="false"/>
					</lines>
				</class>
				<class name="net.sereneproject.collector.web.utils.WebUtils" filename="net/sereneproject/collector/web/utils/WebUtils.java" line-rate="0.0" branch-rate="1.0" complexity="1.0">
					<methods>
						<method name="&lt;init&gt;" signature="()V" line-rate="0.0" branch-rate="1.0">
							<lines>
								<line number="45" hits="0" branch="false"/>
								<line number="46" hits="0" branch="false"/>
							</lines>
						</method>
						<method name="toJson" signature="(Lorg/springframework/validation/Errors;)Ljava/lang/String;" line-rate="0.0" branch-rate="1.0">
							<lines>
								<line number="58" hits="0" branch="false"/>
								<line number="59" hits="0" branch="false"/>
							</lines>
						</method>
					</methods>
					<lines>
						<line number="45" hits="0" branch="false"/>
						<line number="46" hits="0" branch="false"/>
						<line number="58" hits="0" branch="false"/>
						<line number="59" hits="0" branch="false"/>
					</lines>
				</class>
				<class name="net.sereneproject.collector.web.utils.package-info" filename="net/sereneproject/collector/web/utils/package-info.java" line-rate="1.0" branch-rate="1.0" complexity="0.0">
					<methods>
					</methods>
					<lines>
					</lines>
				</class>
			</classes>
		</package>
	</packages>
</coverage>
